{"/Users/junhyeokchoi/Desktop/modu_hospital/config/config.js": {"path":"/Users/junhyeokchoi/Desktop/modu_hospital/config/config.js","statementMap":{"0":{"start":{"line":1,"column":0},"end":{"line":1,"column":27}},"1":{"start":{"line":2,"column":12},"end":{"line":2,"column":23}},"2":{"start":{"line":4,"column":20},"end":{"line":10,"column":1}},"3":{"start":{"line":12,"column":13},"end":{"line":18,"column":1}},"4":{"start":{"line":20,"column":19},"end":{"line":26,"column":1}},"5":{"start":{"line":28,"column":0},"end":{"line":28,"column":51}}},"fnMap":{},"branchMap":{},"s":{"0":5,"1":5,"2":5,"3":5,"4":5,"5":5},"f":{},"b":{},"_coverageSchema":"1a1c01bbd47fc00a2c39e90264f33305004495a9","hash":"fd3c0488c2c657f48faa98281cfd578fb7c15c3d"}
,"/Users/junhyeokchoi/Desktop/modu_hospital/controllers/category.controller.js": {"path":"/Users/junhyeokchoi/Desktop/modu_hospital/controllers/category.controller.js","statementMap":{"0":{"start":{"line":1,"column":24},"end":{"line":1,"column":63}},"1":{"start":{"line":4,"column":22},"end":{"line":4,"column":43}},"2":{"start":{"line":6,"column":38},"end":{"line":27,"column":5}},"3":{"start":{"line":7,"column":8},"end":{"line":26,"column":9}},"4":{"start":{"line":9,"column":16},"end":{"line":9,"column":24}},"5":{"start":{"line":11,"column":12},"end":{"line":13,"column":13}},"6":{"start":{"line":12,"column":16},"end":{"line":12,"column":23}},"7":{"start":{"line":15,"column":30},"end":{"line":21,"column":13}},"8":{"start":{"line":23,"column":12},"end":{"line":23,"column":32}},"9":{"start":{"line":25,"column":12},"end":{"line":25,"column":22}},"10":{"start":{"line":30,"column":0},"end":{"line":30,"column":36}}},"fnMap":{"0":{"name":"(anonymous_0)","decl":{"start":{"line":6,"column":38},"end":{"line":6,"column":39}},"loc":{"start":{"line":6,"column":64},"end":{"line":27,"column":5}},"line":6}},"branchMap":{"0":{"loc":{"start":{"line":11,"column":12},"end":{"line":13,"column":13}},"type":"if","locations":[{"start":{"line":11,"column":12},"end":{"line":13,"column":13}},{"start":{},"end":{}}],"line":11}},"s":{"0":1,"1":1,"2":1,"3":1,"4":1,"5":1,"6":0,"7":1,"8":1,"9":0,"10":1},"f":{"0":1},"b":{"0":[0,1]},"_coverageSchema":"1a1c01bbd47fc00a2c39e90264f33305004495a9","hash":"4237451d2b7c2510e409196600f3ed6cc18a7ef1"}
,"/Users/junhyeokchoi/Desktop/modu_hospital/controllers/hospital.controller.js": {"path":"/Users/junhyeokchoi/Desktop/modu_hospital/controllers/hospital.controller.js","statementMap":{"0":{"start":{"line":1,"column":24},"end":{"line":1,"column":63}},"1":{"start":{"line":3,"column":14},"end":{"line":3,"column":30}},"2":{"start":{"line":4,"column":12},"end":{"line":4,"column":23}},"3":{"start":{"line":6,"column":19},"end":{"line":6,"column":47}},"4":{"start":{"line":9,"column":22},"end":{"line":9,"column":43}},"5":{"start":{"line":10,"column":17},"end":{"line":10,"column":33}},"6":{"start":{"line":13,"column":23},"end":{"line":27,"column":5}},"7":{"start":{"line":14,"column":8},"end":{"line":26,"column":9}},"8":{"start":{"line":15,"column":83},"end":{"line":15,"column":91}},"9":{"start":{"line":17,"column":30},"end":{"line":22,"column":13}},"10":{"start":{"line":23,"column":12},"end":{"line":23,"column":36}},"11":{"start":{"line":25,"column":12},"end":{"line":25,"column":22}},"12":{"start":{"line":30,"column":28},"end":{"line":44,"column":5}},"13":{"start":{"line":31,"column":8},"end":{"line":43,"column":9}},"14":{"start":{"line":32,"column":83},"end":{"line":32,"column":91}},"15":{"start":{"line":34,"column":30},"end":{"line":39,"column":13}},"16":{"start":{"line":40,"column":12},"end":{"line":40,"column":36}},"17":{"start":{"line":42,"column":12},"end":{"line":42,"column":22}},"18":{"start":{"line":47,"column":25},"end":{"line":57,"column":5}},"19":{"start":{"line":48,"column":8},"end":{"line":56,"column":9}},"20":{"start":{"line":49,"column":27},"end":{"line":49,"column":37}},"21":{"start":{"line":51,"column":25},"end":{"line":51,"column":74}},"22":{"start":{"line":53,"column":12},"end":{"line":53,"column":27}},"23":{"start":{"line":55,"column":12},"end":{"line":55,"column":22}},"24":{"start":{"line":60,"column":25},"end":{"line":79,"column":5}},"25":{"start":{"line":61,"column":8},"end":{"line":78,"column":9}},"26":{"start":{"line":68,"column":27},"end":{"line":68,"column":28}},"27":{"start":{"line":69,"column":36},"end":{"line":69,"column":89}},"28":{"start":{"line":70,"column":12},"end":{"line":72,"column":15}},"29":{"start":{"line":74,"column":12},"end":{"line":77,"column":15}},"30":{"start":{"line":82,"column":22},"end":{"line":100,"column":5}},"31":{"start":{"line":83,"column":8},"end":{"line":99,"column":9}},"32":{"start":{"line":84,"column":27},"end":{"line":84,"column":37}},"33":{"start":{"line":85,"column":29},"end":{"line":87,"column":13}},"34":{"start":{"line":88,"column":42},"end":{"line":88,"column":94}},"35":{"start":{"line":89,"column":12},"end":{"line":89,"column":66}},"36":{"start":{"line":91,"column":12},"end":{"line":95,"column":13}},"37":{"start":{"line":92,"column":16},"end":{"line":92,"column":35}},"38":{"start":{"line":93,"column":16},"end":{"line":93,"column":38}},"39":{"start":{"line":94,"column":16},"end":{"line":94,"column":53}},"40":{"start":{"line":96,"column":12},"end":{"line":98,"column":74}},"41":{"start":{"line":103,"column":26},"end":{"line":123,"column":5}},"42":{"start":{"line":104,"column":8},"end":{"line":122,"column":9}},"43":{"start":{"line":105,"column":27},"end":{"line":105,"column":37}},"44":{"start":{"line":107,"column":16},"end":{"line":107,"column":95}},"45":{"start":{"line":108,"column":42},"end":{"line":111,"column":13}},"46":{"start":{"line":112,"column":12},"end":{"line":112,"column":66}},"47":{"start":{"line":114,"column":12},"end":{"line":118,"column":13}},"48":{"start":{"line":115,"column":16},"end":{"line":115,"column":35}},"49":{"start":{"line":116,"column":16},"end":{"line":116,"column":38}},"50":{"start":{"line":117,"column":16},"end":{"line":117,"column":53}},"51":{"start":{"line":119,"column":12},"end":{"line":121,"column":74}},"52":{"start":{"line":126,"column":27},"end":{"line":145,"column":5}},"53":{"start":{"line":127,"column":8},"end":{"line":144,"column":9}},"54":{"start":{"line":134,"column":27},"end":{"line":134,"column":28}},"55":{"start":{"line":135,"column":32},"end":{"line":135,"column":87}},"56":{"start":{"line":136,"column":12},"end":{"line":136,"column":28}},"57":{"start":{"line":137,"column":12},"end":{"line":139,"column":13}},"58":{"start":{"line":138,"column":16},"end":{"line":138,"column":81}},"59":{"start":{"line":141,"column":12},"end":{"line":141,"column":73}},"60":{"start":{"line":143,"column":12},"end":{"line":143,"column":61}},"61":{"start":{"line":148,"column":29},"end":{"line":162,"column":5}},"62":{"start":{"line":149,"column":8},"end":{"line":161,"column":9}},"63":{"start":{"line":156,"column":27},"end":{"line":156,"column":28}},"64":{"start":{"line":157,"column":33},"end":{"line":157,"column":90}},"65":{"start":{"line":158,"column":12},"end":{"line":158,"column":80}},"66":{"start":{"line":160,"column":12},"end":{"line":160,"column":61}},"67":{"start":{"line":165,"column":27},"end":{"line":215,"column":5}},"68":{"start":{"line":168,"column":23},"end":{"line":168,"column":24}},"69":{"start":{"line":169,"column":41},"end":{"line":169,"column":49}},"70":{"start":{"line":171,"column":8},"end":{"line":190,"column":9}},"71":{"start":{"line":172,"column":12},"end":{"line":188,"column":13}},"72":{"start":{"line":173,"column":41},"end":{"line":178,"column":17}},"73":{"start":{"line":179,"column":16},"end":{"line":181,"column":19}},"74":{"start":{"line":183,"column":16},"end":{"line":183,"column":35}},"75":{"start":{"line":184,"column":16},"end":{"line":187,"column":19}},"76":{"start":{"line":189,"column":12},"end":{"line":189,"column":19}},"77":{"start":{"line":192,"column":43},"end":{"line":192,"column":63}},"78":{"start":{"line":193,"column":26},"end":{"line":193,"column":44}},"79":{"start":{"line":194,"column":25},"end":{"line":194,"column":42}},"80":{"start":{"line":196,"column":8},"end":{"line":214,"column":9}},"81":{"start":{"line":197,"column":37},"end":{"line":204,"column":13}},"82":{"start":{"line":205,"column":12},"end":{"line":207,"column":15}},"83":{"start":{"line":209,"column":12},"end":{"line":209,"column":31}},"84":{"start":{"line":210,"column":12},"end":{"line":213,"column":15}},"85":{"start":{"line":218,"column":20},"end":{"line":228,"column":5}},"86":{"start":{"line":219,"column":8},"end":{"line":227,"column":9}},"87":{"start":{"line":222,"column":27},"end":{"line":222,"column":28}},"88":{"start":{"line":223,"column":25},"end":{"line":223,"column":73}},"89":{"start":{"line":224,"column":12},"end":{"line":224,"column":49}},"90":{"start":{"line":226,"column":12},"end":{"line":226,"column":61}},"91":{"start":{"line":231,"column":22},"end":{"line":241,"column":5}},"92":{"start":{"line":232,"column":8},"end":{"line":240,"column":9}},"93":{"start":{"line":235,"column":27},"end":{"line":235,"column":28}},"94":{"start":{"line":236,"column":25},"end":{"line":236,"column":75}},"95":{"start":{"line":237,"column":12},"end":{"line":237,"column":49}},"96":{"start":{"line":239,"column":12},"end":{"line":239,"column":61}},"97":{"start":{"line":244,"column":27},"end":{"line":272,"column":5}},"98":{"start":{"line":245,"column":28},"end":{"line":245,"column":36}},"99":{"start":{"line":246,"column":8},"end":{"line":250,"column":9}},"100":{"start":{"line":248,"column":12},"end":{"line":248,"column":40}},"101":{"start":{"line":249,"column":12},"end":{"line":249,"column":26}},"102":{"start":{"line":252,"column":8},"end":{"line":271,"column":9}},"103":{"start":{"line":253,"column":24},"end":{"line":253,"column":94}},"104":{"start":{"line":254,"column":28},"end":{"line":254,"column":69}},"105":{"start":{"line":255,"column":29},"end":{"line":255,"column":62}},"106":{"start":{"line":256,"column":29},"end":{"line":256,"column":42}},"107":{"start":{"line":257,"column":30},"end":{"line":257,"column":48}},"108":{"start":{"line":258,"column":33},"end":{"line":258,"column":53}},"109":{"start":{"line":259,"column":29},"end":{"line":262,"column":13}},"110":{"start":{"line":263,"column":33},"end":{"line":263,"column":58}},"111":{"start":{"line":265,"column":12},"end":{"line":265,"column":62}},"112":{"start":{"line":267,"column":12},"end":{"line":267,"column":26}},"113":{"start":{"line":269,"column":12},"end":{"line":269,"column":33}},"114":{"start":{"line":270,"column":12},"end":{"line":270,"column":78}},"115":{"start":{"line":275,"column":23},"end":{"line":301,"column":5}},"116":{"start":{"line":278,"column":23},"end":{"line":278,"column":25}},"117":{"start":{"line":279,"column":41},"end":{"line":279,"column":49}},"118":{"start":{"line":280,"column":43},"end":{"line":280,"column":63}},"119":{"start":{"line":281,"column":26},"end":{"line":281,"column":44}},"120":{"start":{"line":282,"column":25},"end":{"line":282,"column":42}},"121":{"start":{"line":284,"column":8},"end":{"line":300,"column":9}},"122":{"start":{"line":285,"column":33},"end":{"line":292,"column":13}},"123":{"start":{"line":294,"column":12},"end":{"line":294,"column":64}},"124":{"start":{"line":296,"column":12},"end":{"line":296,"column":31}},"125":{"start":{"line":297,"column":12},"end":{"line":299,"column":74}},"126":{"start":{"line":304,"column":0},"end":{"line":304,"column":36}}},"fnMap":{"0":{"name":"(anonymous_0)","decl":{"start":{"line":13,"column":23},"end":{"line":13,"column":24}},"loc":{"start":{"line":13,"column":49},"end":{"line":27,"column":5}},"line":13},"1":{"name":"(anonymous_1)","decl":{"start":{"line":30,"column":28},"end":{"line":30,"column":29}},"loc":{"start":{"line":30,"column":54},"end":{"line":44,"column":5}},"line":30},"2":{"name":"(anonymous_2)","decl":{"start":{"line":47,"column":25},"end":{"line":47,"column":26}},"loc":{"start":{"line":47,"column":51},"end":{"line":57,"column":5}},"line":47},"3":{"name":"(anonymous_3)","decl":{"start":{"line":60,"column":25},"end":{"line":60,"column":26}},"loc":{"start":{"line":60,"column":51},"end":{"line":79,"column":5}},"line":60},"4":{"name":"(anonymous_4)","decl":{"start":{"line":82,"column":22},"end":{"line":82,"column":23}},"loc":{"start":{"line":82,"column":48},"end":{"line":100,"column":5}},"line":82},"5":{"name":"(anonymous_5)","decl":{"start":{"line":103,"column":26},"end":{"line":103,"column":27}},"loc":{"start":{"line":103,"column":52},"end":{"line":123,"column":5}},"line":103},"6":{"name":"(anonymous_6)","decl":{"start":{"line":126,"column":27},"end":{"line":126,"column":28}},"loc":{"start":{"line":126,"column":53},"end":{"line":145,"column":5}},"line":126},"7":{"name":"(anonymous_7)","decl":{"start":{"line":148,"column":29},"end":{"line":148,"column":30}},"loc":{"start":{"line":148,"column":55},"end":{"line":162,"column":5}},"line":148},"8":{"name":"(anonymous_8)","decl":{"start":{"line":165,"column":27},"end":{"line":165,"column":28}},"loc":{"start":{"line":165,"column":53},"end":{"line":215,"column":5}},"line":165},"9":{"name":"(anonymous_9)","decl":{"start":{"line":218,"column":20},"end":{"line":218,"column":21}},"loc":{"start":{"line":218,"column":46},"end":{"line":228,"column":5}},"line":218},"10":{"name":"(anonymous_10)","decl":{"start":{"line":231,"column":22},"end":{"line":231,"column":23}},"loc":{"start":{"line":231,"column":48},"end":{"line":241,"column":5}},"line":231},"11":{"name":"(anonymous_11)","decl":{"start":{"line":244,"column":27},"end":{"line":244,"column":28}},"loc":{"start":{"line":244,"column":53},"end":{"line":272,"column":5}},"line":244},"12":{"name":"(anonymous_12)","decl":{"start":{"line":275,"column":23},"end":{"line":275,"column":24}},"loc":{"start":{"line":275,"column":49},"end":{"line":301,"column":5}},"line":275}},"branchMap":{"0":{"loc":{"start":{"line":91,"column":12},"end":{"line":95,"column":13}},"type":"if","locations":[{"start":{"line":91,"column":12},"end":{"line":95,"column":13}},{"start":{},"end":{}}],"line":91},"1":{"loc":{"start":{"line":114,"column":12},"end":{"line":118,"column":13}},"type":"if","locations":[{"start":{"line":114,"column":12},"end":{"line":118,"column":13}},{"start":{},"end":{}}],"line":114},"2":{"loc":{"start":{"line":137,"column":12},"end":{"line":139,"column":13}},"type":"if","locations":[{"start":{"line":137,"column":12},"end":{"line":139,"column":13}},{"start":{},"end":{}}],"line":137},"3":{"loc":{"start":{"line":171,"column":8},"end":{"line":190,"column":9}},"type":"if","locations":[{"start":{"line":171,"column":8},"end":{"line":190,"column":9}},{"start":{},"end":{}}],"line":171},"4":{"loc":{"start":{"line":246,"column":8},"end":{"line":250,"column":9}},"type":"if","locations":[{"start":{"line":246,"column":8},"end":{"line":250,"column":9}},{"start":{},"end":{}}],"line":246}},"s":{"0":1,"1":1,"2":1,"3":1,"4":1,"5":1,"6":1,"7":1,"8":1,"9":1,"10":1,"11":0,"12":1,"13":1,"14":1,"15":1,"16":1,"17":0,"18":1,"19":1,"20":1,"21":1,"22":1,"23":0,"24":1,"25":0,"26":0,"27":0,"28":0,"29":0,"30":1,"31":0,"32":0,"33":0,"34":0,"35":0,"36":0,"37":0,"38":0,"39":0,"40":0,"41":1,"42":0,"43":0,"44":0,"45":0,"46":0,"47":0,"48":0,"49":0,"50":0,"51":0,"52":1,"53":0,"54":0,"55":0,"56":0,"57":0,"58":0,"59":0,"60":0,"61":1,"62":0,"63":0,"64":0,"65":0,"66":0,"67":1,"68":0,"69":0,"70":0,"71":0,"72":0,"73":0,"74":0,"75":0,"76":0,"77":0,"78":0,"79":0,"80":0,"81":0,"82":0,"83":0,"84":0,"85":1,"86":0,"87":0,"88":0,"89":0,"90":0,"91":1,"92":0,"93":0,"94":0,"95":0,"96":0,"97":1,"98":0,"99":0,"100":0,"101":0,"102":0,"103":0,"104":0,"105":0,"106":0,"107":0,"108":0,"109":0,"110":0,"111":0,"112":0,"113":0,"114":0,"115":1,"116":0,"117":0,"118":0,"119":0,"120":0,"121":0,"122":0,"123":0,"124":0,"125":0,"126":1},"f":{"0":1,"1":1,"2":1,"3":0,"4":0,"5":0,"6":0,"7":0,"8":0,"9":0,"10":0,"11":0,"12":0},"b":{"0":[0,0],"1":[0,0],"2":[0,0],"3":[0,0],"4":[0,0]},"_coverageSchema":"1a1c01bbd47fc00a2c39e90264f33305004495a9","hash":"b6d3cb00bcebd02b5b430c22732f5ed6bb464fd0"}
,"/Users/junhyeokchoi/Desktop/modu_hospital/lib/errors.js": {"path":"/Users/junhyeokchoi/Desktop/modu_hospital/lib/errors.js","statementMap":{"0":{"start":{"line":2,"column":29},"end":{"line":7,"column":5}},"1":{"start":{"line":3,"column":29},"end":{"line":3,"column":60}},"2":{"start":{"line":4,"column":8},"end":{"line":4,"column":53}},"3":{"start":{"line":6,"column":8},"end":{"line":6,"column":28}},"4":{"start":{"line":8,"column":33},"end":{"line":13,"column":5}},"5":{"start":{"line":9,"column":29},"end":{"line":9,"column":52}},"6":{"start":{"line":10,"column":8},"end":{"line":10,"column":57}},"7":{"start":{"line":11,"column":8},"end":{"line":11,"column":34}},"8":{"start":{"line":12,"column":8},"end":{"line":12,"column":28}},"9":{"start":{"line":14,"column":27},"end":{"line":19,"column":5}},"10":{"start":{"line":15,"column":29},"end":{"line":15,"column":52}},"11":{"start":{"line":16,"column":8},"end":{"line":16,"column":51}},"12":{"start":{"line":17,"column":8},"end":{"line":17,"column":34}},"13":{"start":{"line":18,"column":8},"end":{"line":18,"column":28}},"14":{"start":{"line":20,"column":33},"end":{"line":25,"column":5}},"15":{"start":{"line":21,"column":29},"end":{"line":21,"column":56}},"16":{"start":{"line":22,"column":8},"end":{"line":22,"column":57}},"17":{"start":{"line":23,"column":8},"end":{"line":23,"column":34}},"18":{"start":{"line":24,"column":8},"end":{"line":24,"column":28}},"19":{"start":{"line":26,"column":12},"end":{"line":32,"column":5}},"20":{"start":{"line":28,"column":12},"end":{"line":28,"column":48}},"21":{"start":{"line":29,"column":12},"end":{"line":29,"column":49}},"22":{"start":{"line":30,"column":12},"end":{"line":30,"column":30}},"23":{"start":{"line":35,"column":0},"end":{"line":35,"column":29}}},"fnMap":{"0":{"name":"(anonymous_0)","decl":{"start":{"line":2,"column":29},"end":{"line":2,"column":30}},"loc":{"start":{"line":2,"column":35},"end":{"line":7,"column":5}},"line":2},"1":{"name":"(anonymous_1)","decl":{"start":{"line":8,"column":33},"end":{"line":8,"column":34}},"loc":{"start":{"line":8,"column":39},"end":{"line":13,"column":5}},"line":8},"2":{"name":"(anonymous_2)","decl":{"start":{"line":14,"column":27},"end":{"line":14,"column":28}},"loc":{"start":{"line":14,"column":33},"end":{"line":19,"column":5}},"line":14},"3":{"name":"(anonymous_3)","decl":{"start":{"line":20,"column":33},"end":{"line":20,"column":34}},"loc":{"start":{"line":20,"column":39},"end":{"line":25,"column":5}},"line":20},"4":{"name":"(anonymous_4)","decl":{"start":{"line":27,"column":8},"end":{"line":27,"column":9}},"loc":{"start":{"line":27,"column":22},"end":{"line":31,"column":9}},"line":27}},"branchMap":{},"s":{"0":2,"1":2,"2":2,"3":2,"4":2,"5":2,"6":2,"7":2,"8":2,"9":2,"10":2,"11":2,"12":2,"13":2,"14":2,"15":2,"16":2,"17":2,"18":2,"19":2,"20":0,"21":0,"22":0,"23":1},"f":{"0":2,"1":2,"2":2,"3":2,"4":0},"b":{},"_coverageSchema":"1a1c01bbd47fc00a2c39e90264f33305004495a9","hash":"eb05cb3ca8d98a832c288b1d417f1d8dcf8aec6b"}
,"/Users/junhyeokchoi/Desktop/modu_hospital/lib/validation.js": {"path":"/Users/junhyeokchoi/Desktop/modu_hospital/lib/validation.js","statementMap":{"0":{"start":{"line":1,"column":19},"end":{"line":1,"column":33}},"1":{"start":{"line":2,"column":12},"end":{"line":2,"column":26}},"2":{"start":{"line":5,"column":23},"end":{"line":14,"column":6}},"3":{"start":{"line":16,"column":38},"end":{"line":18,"column":6}},"4":{"start":{"line":20,"column":40},"end":{"line":22,"column":6}},"5":{"start":{"line":24,"column":30},"end":{"line":24,"column":53}},"6":{"start":{"line":26,"column":38},"end":{"line":26,"column":61}},"7":{"start":{"line":28,"column":37},"end":{"line":39,"column":6}},"8":{"start":{"line":41,"column":43},"end":{"line":51,"column":6}},"9":{"start":{"line":53,"column":18},"end":{"line":57,"column":6}},"10":{"start":{"line":59,"column":19},"end":{"line":62,"column":6}},"11":{"start":{"line":65,"column":0},"end":{"line":65,"column":28}}},"fnMap":{},"branchMap":{},"s":{"0":1,"1":1,"2":1,"3":1,"4":1,"5":1,"6":1,"7":1,"8":1,"9":1,"10":1,"11":1},"f":{},"b":{},"_coverageSchema":"1a1c01bbd47fc00a2c39e90264f33305004495a9","hash":"20401d2487f10d083a3183d0621d9179ab31f3df"}
,"/Users/junhyeokchoi/Desktop/modu_hospital/models/category.js": {"path":"/Users/junhyeokchoi/Desktop/modu_hospital/models/category.js","statementMap":{"0":{"start":{"line":2,"column":18},"end":{"line":2,"column":38}},"1":{"start":{"line":3,"column":0},"end":{"line":29,"column":2}},"2":{"start":{"line":12,"column":12},"end":{"line":15,"column":15}},"3":{"start":{"line":18,"column":4},"end":{"line":27,"column":6}},"4":{"start":{"line":28,"column":4},"end":{"line":28,"column":20}}},"fnMap":{"0":{"name":"(anonymous_0)","decl":{"start":{"line":3,"column":17},"end":{"line":3,"column":18}},"loc":{"start":{"line":3,"column":43},"end":{"line":29,"column":1}},"line":3},"1":{"name":"(anonymous_1)","decl":{"start":{"line":10,"column":8},"end":{"line":10,"column":9}},"loc":{"start":{"line":10,"column":52},"end":{"line":16,"column":9}},"line":10}},"branchMap":{},"s":{"0":5,"1":5,"2":5,"3":5,"4":5},"f":{"0":5,"1":5},"b":{},"_coverageSchema":"1a1c01bbd47fc00a2c39e90264f33305004495a9","hash":"edc2d4f3e91a5f93273b5ab93cf16962710314b7"}
,"/Users/junhyeokchoi/Desktop/modu_hospital/models/doctor.js": {"path":"/Users/junhyeokchoi/Desktop/modu_hospital/models/doctor.js","statementMap":{"0":{"start":{"line":2,"column":18},"end":{"line":2,"column":38}},"1":{"start":{"line":3,"column":0},"end":{"line":42,"column":2}},"2":{"start":{"line":12,"column":12},"end":{"line":15,"column":15}},"3":{"start":{"line":16,"column":12},"end":{"line":16,"column":84}},"4":{"start":{"line":17,"column":12},"end":{"line":17,"column":86}},"5":{"start":{"line":18,"column":12},"end":{"line":18,"column":88}},"6":{"start":{"line":22,"column":4},"end":{"line":40,"column":6}},"7":{"start":{"line":41,"column":4},"end":{"line":41,"column":18}}},"fnMap":{"0":{"name":"(anonymous_0)","decl":{"start":{"line":3,"column":17},"end":{"line":3,"column":18}},"loc":{"start":{"line":3,"column":43},"end":{"line":42,"column":1}},"line":3},"1":{"name":"(anonymous_1)","decl":{"start":{"line":10,"column":8},"end":{"line":10,"column":9}},"loc":{"start":{"line":10,"column":88},"end":{"line":19,"column":9}},"line":10}},"branchMap":{},"s":{"0":5,"1":5,"2":5,"3":5,"4":5,"5":5,"6":5,"7":5},"f":{"0":5,"1":5},"b":{},"_coverageSchema":"1a1c01bbd47fc00a2c39e90264f33305004495a9","hash":"b138a4d73848304821e12d5d38a0403079c6611e"}
,"/Users/junhyeokchoi/Desktop/modu_hospital/models/doctor_category_mapping.js": {"path":"/Users/junhyeokchoi/Desktop/modu_hospital/models/doctor_category_mapping.js","statementMap":{"0":{"start":{"line":2,"column":18},"end":{"line":2,"column":38}},"1":{"start":{"line":3,"column":0},"end":{"line":28,"column":2}},"2":{"start":{"line":12,"column":12},"end":{"line":12,"column":85}},"3":{"start":{"line":13,"column":12},"end":{"line":13,"column":78}},"4":{"start":{"line":16,"column":4},"end":{"line":26,"column":6}},"5":{"start":{"line":27,"column":4},"end":{"line":27,"column":33}}},"fnMap":{"0":{"name":"(anonymous_0)","decl":{"start":{"line":3,"column":17},"end":{"line":3,"column":18}},"loc":{"start":{"line":3,"column":43},"end":{"line":28,"column":1}},"line":3},"1":{"name":"(anonymous_1)","decl":{"start":{"line":10,"column":8},"end":{"line":10,"column":9}},"loc":{"start":{"line":10,"column":47},"end":{"line":14,"column":9}},"line":10}},"branchMap":{},"s":{"0":5,"1":5,"2":5,"3":5,"4":5,"5":5},"f":{"0":5,"1":5},"b":{},"_coverageSchema":"1a1c01bbd47fc00a2c39e90264f33305004495a9","hash":"bc9218444217120c5469c993fe5bcc18536c6b76"}
,"/Users/junhyeokchoi/Desktop/modu_hospital/models/hospital.js": {"path":"/Users/junhyeokchoi/Desktop/modu_hospital/models/hospital.js","statementMap":{"0":{"start":{"line":2,"column":18},"end":{"line":2,"column":38}},"1":{"start":{"line":3,"column":0},"end":{"line":52,"column":2}},"2":{"start":{"line":12,"column":12},"end":{"line":12,"column":78}},"3":{"start":{"line":13,"column":12},"end":{"line":13,"column":72}},"4":{"start":{"line":14,"column":12},"end":{"line":14,"column":80}},"5":{"start":{"line":15,"column":12},"end":{"line":18,"column":15}},"6":{"start":{"line":21,"column":4},"end":{"line":50,"column":6}},"7":{"start":{"line":51,"column":4},"end":{"line":51,"column":20}}},"fnMap":{"0":{"name":"(anonymous_0)","decl":{"start":{"line":3,"column":17},"end":{"line":3,"column":18}},"loc":{"start":{"line":3,"column":43},"end":{"line":52,"column":1}},"line":3},"1":{"name":"(anonymous_1)","decl":{"start":{"line":10,"column":8},"end":{"line":10,"column":9}},"loc":{"start":{"line":10,"column":70},"end":{"line":19,"column":9}},"line":10}},"branchMap":{},"s":{"0":5,"1":5,"2":5,"3":5,"4":5,"5":5,"6":5,"7":5},"f":{"0":5,"1":5},"b":{},"_coverageSchema":"1a1c01bbd47fc00a2c39e90264f33305004495a9","hash":"b6ead8db29b73ab83bea6527cb37aa97a8ac961b"}
,"/Users/junhyeokchoi/Desktop/modu_hospital/models/hospitalimagefile.js": {"path":"/Users/junhyeokchoi/Desktop/modu_hospital/models/hospitalimagefile.js","statementMap":{"0":{"start":{"line":2,"column":18},"end":{"line":2,"column":38}},"1":{"start":{"line":3,"column":0},"end":{"line":27,"column":2}},"2":{"start":{"line":12,"column":12},"end":{"line":12,"column":93}},"3":{"start":{"line":15,"column":4},"end":{"line":25,"column":6}},"4":{"start":{"line":26,"column":4},"end":{"line":26,"column":29}}},"fnMap":{"0":{"name":"(anonymous_0)","decl":{"start":{"line":3,"column":17},"end":{"line":3,"column":18}},"loc":{"start":{"line":3,"column":43},"end":{"line":27,"column":1}},"line":3},"1":{"name":"(anonymous_1)","decl":{"start":{"line":10,"column":8},"end":{"line":10,"column":9}},"loc":{"start":{"line":10,"column":39},"end":{"line":13,"column":9}},"line":10}},"branchMap":{},"s":{"0":5,"1":5,"2":5,"3":5,"4":5},"f":{"0":5,"1":5},"b":{},"_coverageSchema":"1a1c01bbd47fc00a2c39e90264f33305004495a9","hash":"fa5a2b586899074850a99d8e0a4247b7801d2b6a"}
,"/Users/junhyeokchoi/Desktop/modu_hospital/models/index.js": {"path":"/Users/junhyeokchoi/Desktop/modu_hospital/models/index.js","statementMap":{"0":{"start":{"line":3,"column":11},"end":{"line":3,"column":24}},"1":{"start":{"line":4,"column":13},"end":{"line":4,"column":28}},"2":{"start":{"line":5,"column":18},"end":{"line":5,"column":38}},"3":{"start":{"line":6,"column":16},"end":{"line":6,"column":34}},"4":{"start":{"line":7,"column":17},"end":{"line":7,"column":42}},"5":{"start":{"line":8,"column":12},"end":{"line":8,"column":49}},"6":{"start":{"line":9,"column":15},"end":{"line":9,"column":60}},"7":{"start":{"line":10,"column":11},"end":{"line":10,"column":13}},"8":{"start":{"line":13,"column":0},"end":{"line":17,"column":1}},"9":{"start":{"line":14,"column":4},"end":{"line":14,"column":76}},"10":{"start":{"line":16,"column":4},"end":{"line":16,"column":89}},"11":{"start":{"line":19,"column":0},"end":{"line":26,"column":7}},"12":{"start":{"line":21,"column":8},"end":{"line":21,"column":88}},"13":{"start":{"line":24,"column":22},"end":{"line":24,"column":89}},"14":{"start":{"line":25,"column":8},"end":{"line":25,"column":31}},"15":{"start":{"line":28,"column":0},"end":{"line":32,"column":3}},"16":{"start":{"line":29,"column":4},"end":{"line":31,"column":5}},"17":{"start":{"line":30,"column":8},"end":{"line":30,"column":36}},"18":{"start":{"line":34,"column":0},"end":{"line":34,"column":25}},"19":{"start":{"line":35,"column":0},"end":{"line":35,"column":25}},"20":{"start":{"line":37,"column":0},"end":{"line":37,"column":20}}},"fnMap":{"0":{"name":"(anonymous_0)","decl":{"start":{"line":20,"column":12},"end":{"line":20,"column":13}},"loc":{"start":{"line":20,"column":22},"end":{"line":22,"column":5}},"line":20},"1":{"name":"(anonymous_1)","decl":{"start":{"line":23,"column":13},"end":{"line":23,"column":14}},"loc":{"start":{"line":23,"column":23},"end":{"line":26,"column":5}},"line":23},"2":{"name":"(anonymous_2)","decl":{"start":{"line":28,"column":24},"end":{"line":28,"column":25}},"loc":{"start":{"line":28,"column":39},"end":{"line":32,"column":1}},"line":28}},"branchMap":{"0":{"loc":{"start":{"line":8,"column":12},"end":{"line":8,"column":49}},"type":"binary-expr","locations":[{"start":{"line":8,"column":12},"end":{"line":8,"column":32}},{"start":{"line":8,"column":36},"end":{"line":8,"column":49}}],"line":8},"1":{"loc":{"start":{"line":13,"column":0},"end":{"line":17,"column":1}},"type":"if","locations":[{"start":{"line":13,"column":0},"end":{"line":17,"column":1}},{"start":{"line":15,"column":7},"end":{"line":17,"column":1}}],"line":13},"2":{"loc":{"start":{"line":21,"column":15},"end":{"line":21,"column":87}},"type":"binary-expr","locations":[{"start":{"line":21,"column":15},"end":{"line":21,"column":38}},{"start":{"line":21,"column":42},"end":{"line":21,"column":59}},{"start":{"line":21,"column":63},"end":{"line":21,"column":87}}],"line":21},"3":{"loc":{"start":{"line":29,"column":4},"end":{"line":31,"column":5}},"type":"if","locations":[{"start":{"line":29,"column":4},"end":{"line":31,"column":5}},{"start":{},"end":{}}],"line":29}},"s":{"0":5,"1":5,"2":5,"3":5,"4":5,"5":5,"6":5,"7":5,"8":5,"9":0,"10":5,"11":5,"12":55,"13":50,"14":50,"15":5,"16":50,"17":50,"18":5,"19":5,"20":5},"f":{"0":55,"1":50,"2":50},"b":{"0":[5,0],"1":[0,5],"2":[55,55,50],"3":[50,0]},"_coverageSchema":"1a1c01bbd47fc00a2c39e90264f33305004495a9","hash":"764f3c7dce7d4e41009c172daa7cf2fe5f03fab3"}
,"/Users/junhyeokchoi/Desktop/modu_hospital/models/refreshtoken.js": {"path":"/Users/junhyeokchoi/Desktop/modu_hospital/models/refreshtoken.js","statementMap":{"0":{"start":{"line":2,"column":18},"end":{"line":2,"column":38}},"1":{"start":{"line":3,"column":0},"end":{"line":27,"column":2}},"2":{"start":{"line":12,"column":12},"end":{"line":12,"column":72}},"3":{"start":{"line":15,"column":4},"end":{"line":25,"column":6}},"4":{"start":{"line":26,"column":4},"end":{"line":26,"column":24}}},"fnMap":{"0":{"name":"(anonymous_0)","decl":{"start":{"line":3,"column":17},"end":{"line":3,"column":18}},"loc":{"start":{"line":3,"column":43},"end":{"line":27,"column":1}},"line":3},"1":{"name":"(anonymous_1)","decl":{"start":{"line":10,"column":8},"end":{"line":10,"column":9}},"loc":{"start":{"line":10,"column":35},"end":{"line":13,"column":9}},"line":10}},"branchMap":{},"s":{"0":5,"1":5,"2":5,"3":5,"4":5},"f":{"0":5,"1":5},"b":{},"_coverageSchema":"1a1c01bbd47fc00a2c39e90264f33305004495a9","hash":"8f8c7f5f1f4c086bf139e40edcbf40d1e168d0ee"}
,"/Users/junhyeokchoi/Desktop/modu_hospital/models/reservation.js": {"path":"/Users/junhyeokchoi/Desktop/modu_hospital/models/reservation.js","statementMap":{"0":{"start":{"line":2,"column":18},"end":{"line":2,"column":38}},"1":{"start":{"line":3,"column":0},"end":{"line":35,"column":2}},"2":{"start":{"line":12,"column":12},"end":{"line":12,"column":76}},"3":{"start":{"line":13,"column":12},"end":{"line":13,"column":70}},"4":{"start":{"line":16,"column":4},"end":{"line":33,"column":6}},"5":{"start":{"line":34,"column":4},"end":{"line":34,"column":23}}},"fnMap":{"0":{"name":"(anonymous_0)","decl":{"start":{"line":3,"column":17},"end":{"line":3,"column":18}},"loc":{"start":{"line":3,"column":43},"end":{"line":35,"column":1}},"line":3},"1":{"name":"(anonymous_1)","decl":{"start":{"line":10,"column":8},"end":{"line":10,"column":9}},"loc":{"start":{"line":10,"column":43},"end":{"line":14,"column":9}},"line":10}},"branchMap":{},"s":{"0":5,"1":5,"2":5,"3":5,"4":5,"5":5},"f":{"0":5,"1":5},"b":{},"_coverageSchema":"1a1c01bbd47fc00a2c39e90264f33305004495a9","hash":"ab8846d4616c26c23e5ea283a11d11f8f1fdccf2"}
,"/Users/junhyeokchoi/Desktop/modu_hospital/models/review.js": {"path":"/Users/junhyeokchoi/Desktop/modu_hospital/models/review.js","statementMap":{"0":{"start":{"line":2,"column":18},"end":{"line":2,"column":38}},"1":{"start":{"line":3,"column":0},"end":{"line":29,"column":2}},"2":{"start":{"line":11,"column":12},"end":{"line":11,"column":70}},"3":{"start":{"line":12,"column":12},"end":{"line":12,"column":82}},"4":{"start":{"line":15,"column":4},"end":{"line":27,"column":6}},"5":{"start":{"line":28,"column":4},"end":{"line":28,"column":18}}},"fnMap":{"0":{"name":"(anonymous_0)","decl":{"start":{"line":3,"column":17},"end":{"line":3,"column":18}},"loc":{"start":{"line":3,"column":43},"end":{"line":29,"column":1}},"line":3},"1":{"name":"(anonymous_1)","decl":{"start":{"line":10,"column":8},"end":{"line":10,"column":9}},"loc":{"start":{"line":10,"column":45},"end":{"line":13,"column":9}},"line":10}},"branchMap":{},"s":{"0":5,"1":5,"2":5,"3":5,"4":5,"5":5},"f":{"0":5,"1":5},"b":{},"_coverageSchema":"1a1c01bbd47fc00a2c39e90264f33305004495a9","hash":"89f2bdf95d3a1334bb3b2f135aa789e8ae78f694"}
,"/Users/junhyeokchoi/Desktop/modu_hospital/models/user.js": {"path":"/Users/junhyeokchoi/Desktop/modu_hospital/models/user.js","statementMap":{"0":{"start":{"line":2,"column":18},"end":{"line":2,"column":38}},"1":{"start":{"line":3,"column":21},"end":{"line":3,"column":46}},"2":{"start":{"line":4,"column":0},"end":{"line":42,"column":2}},"3":{"start":{"line":13,"column":12},"end":{"line":13,"column":82}},"4":{"start":{"line":14,"column":12},"end":{"line":14,"column":74}},"5":{"start":{"line":15,"column":12},"end":{"line":15,"column":84}},"6":{"start":{"line":16,"column":12},"end":{"line":16,"column":88}},"7":{"start":{"line":19,"column":4},"end":{"line":40,"column":6}},"8":{"start":{"line":41,"column":4},"end":{"line":41,"column":16}}},"fnMap":{"0":{"name":"(anonymous_0)","decl":{"start":{"line":4,"column":17},"end":{"line":4,"column":18}},"loc":{"start":{"line":4,"column":43},"end":{"line":42,"column":1}},"line":4},"1":{"name":"(anonymous_1)","decl":{"start":{"line":11,"column":8},"end":{"line":11,"column":9}},"loc":{"start":{"line":11,"column":74},"end":{"line":17,"column":9}},"line":11}},"branchMap":{},"s":{"0":5,"1":5,"2":5,"3":5,"4":5,"5":5,"6":5,"7":5,"8":5},"f":{"0":5,"1":5},"b":{},"_coverageSchema":"1a1c01bbd47fc00a2c39e90264f33305004495a9","hash":"d18802cdc76f28bc711be32fea5465c5726a0173"}
,"/Users/junhyeokchoi/Desktop/modu_hospital/models/workingtime.js": {"path":"/Users/junhyeokchoi/Desktop/modu_hospital/models/workingtime.js","statementMap":{"0":{"start":{"line":2,"column":18},"end":{"line":2,"column":38}},"1":{"start":{"line":3,"column":0},"end":{"line":28,"column":2}},"2":{"start":{"line":11,"column":12},"end":{"line":11,"column":78}},"3":{"start":{"line":14,"column":4},"end":{"line":26,"column":6}},"4":{"start":{"line":27,"column":4},"end":{"line":27,"column":23}}},"fnMap":{"0":{"name":"(anonymous_0)","decl":{"start":{"line":3,"column":17},"end":{"line":3,"column":18}},"loc":{"start":{"line":3,"column":43},"end":{"line":28,"column":1}},"line":3},"1":{"name":"(anonymous_1)","decl":{"start":{"line":10,"column":8},"end":{"line":10,"column":9}},"loc":{"start":{"line":10,"column":37},"end":{"line":12,"column":9}},"line":10}},"branchMap":{},"s":{"0":5,"1":5,"2":5,"3":5,"4":5},"f":{"0":5,"1":5},"b":{},"_coverageSchema":"1a1c01bbd47fc00a2c39e90264f33305004495a9","hash":"2de8087aaea7d700afde24fe556c05216556aba2"}
,"/Users/junhyeokchoi/Desktop/modu_hospital/repositories/category.repository.js": {"path":"/Users/junhyeokchoi/Desktop/modu_hospital/repositories/category.repository.js","statementMap":{"0":{"start":{"line":1,"column":15},"end":{"line":1,"column":35}},"1":{"start":{"line":11,"column":8},"end":{"line":11,"column":43}},"2":{"start":{"line":12,"column":8},"end":{"line":12,"column":39}},"3":{"start":{"line":13,"column":8},"end":{"line":13,"column":43}},"4":{"start":{"line":14,"column":8},"end":{"line":14,"column":69}},"5":{"start":{"line":15,"column":8},"end":{"line":15,"column":61}},"6":{"start":{"line":18,"column":38},"end":{"line":60,"column":5}},"7":{"start":{"line":19,"column":8},"end":{"line":59,"column":11}},"8":{"start":{"line":63,"column":0},"end":{"line":63,"column":36}}},"fnMap":{"0":{"name":"(anonymous_0)","decl":{"start":{"line":4,"column":4},"end":{"line":4,"column":5}},"loc":{"start":{"line":10,"column":6},"end":{"line":16,"column":5}},"line":10},"1":{"name":"(anonymous_1)","decl":{"start":{"line":18,"column":38},"end":{"line":18,"column":39}},"loc":{"start":{"line":18,"column":81},"end":{"line":60,"column":5}},"line":18}},"branchMap":{},"s":{"0":2,"1":2,"2":2,"3":2,"4":2,"5":2,"6":2,"7":0,"8":2},"f":{"0":2,"1":0},"b":{},"_coverageSchema":"1a1c01bbd47fc00a2c39e90264f33305004495a9","hash":"b4e7cb75685812818cca2c10bd153ac26d126cbb"}
,"/Users/junhyeokchoi/Desktop/modu_hospital/repositories/hospital.repository.js": {"path":"/Users/junhyeokchoi/Desktop/modu_hospital/repositories/hospital.repository.js","statementMap":{"0":{"start":{"line":1,"column":34},"end":{"line":1,"column":54}},"1":{"start":{"line":2,"column":22},"end":{"line":2,"column":42}},"2":{"start":{"line":4,"column":23},"end":{"line":4,"column":39}},"3":{"start":{"line":17,"column":8},"end":{"line":17,"column":49}},"4":{"start":{"line":18,"column":8},"end":{"line":18,"column":43}},"5":{"start":{"line":19,"column":8},"end":{"line":19,"column":41}},"6":{"start":{"line":20,"column":8},"end":{"line":20,"column":39}},"7":{"start":{"line":21,"column":8},"end":{"line":21,"column":43}},"8":{"start":{"line":22,"column":8},"end":{"line":22,"column":69}},"9":{"start":{"line":23,"column":8},"end":{"line":23,"column":35}},"10":{"start":{"line":24,"column":8},"end":{"line":24,"column":61}},"11":{"start":{"line":28,"column":27},"end":{"line":75,"column":5}},"12":{"start":{"line":29,"column":8},"end":{"line":74,"column":9}},"13":{"start":{"line":30,"column":40},"end":{"line":70,"column":14}},"14":{"start":{"line":71,"column":12},"end":{"line":71,"column":39}},"15":{"start":{"line":73,"column":12},"end":{"line":73,"column":35}},"16":{"start":{"line":78,"column":29},"end":{"line":124,"column":5}},"17":{"start":{"line":79,"column":8},"end":{"line":123,"column":9}},"18":{"start":{"line":80,"column":36},"end":{"line":119,"column":14}},"19":{"start":{"line":120,"column":12},"end":{"line":120,"column":35}},"20":{"start":{"line":122,"column":12},"end":{"line":122,"column":35}},"21":{"start":{"line":127,"column":25},"end":{"line":171,"column":5}},"22":{"start":{"line":128,"column":8},"end":{"line":170,"column":9}},"23":{"start":{"line":129,"column":36},"end":{"line":166,"column":14}},"24":{"start":{"line":167,"column":12},"end":{"line":167,"column":35}},"25":{"start":{"line":169,"column":12},"end":{"line":169,"column":35}},"26":{"start":{"line":174,"column":22},"end":{"line":181,"column":5}},"27":{"start":{"line":175,"column":8},"end":{"line":180,"column":9}},"28":{"start":{"line":176,"column":28},"end":{"line":176,"column":91}},"29":{"start":{"line":177,"column":12},"end":{"line":177,"column":75}},"30":{"start":{"line":179,"column":12},"end":{"line":179,"column":43}},"31":{"start":{"line":184,"column":26},"end":{"line":191,"column":5}},"32":{"start":{"line":185,"column":8},"end":{"line":190,"column":9}},"33":{"start":{"line":186,"column":12},"end":{"line":186,"column":78}},"34":{"start":{"line":187,"column":12},"end":{"line":187,"column":75}},"35":{"start":{"line":189,"column":12},"end":{"line":189,"column":43}},"36":{"start":{"line":194,"column":25},"end":{"line":204,"column":5}},"37":{"start":{"line":195,"column":8},"end":{"line":203,"column":9}},"38":{"start":{"line":196,"column":29},"end":{"line":196,"column":69}},"39":{"start":{"line":197,"column":12},"end":{"line":197,"column":28}},"40":{"start":{"line":199,"column":12},"end":{"line":201,"column":37}},"41":{"start":{"line":202,"column":12},"end":{"line":202,"column":24}},"42":{"start":{"line":207,"column":20},"end":{"line":235,"column":5}},"43":{"start":{"line":208,"column":8},"end":{"line":234,"column":9}},"44":{"start":{"line":209,"column":25},"end":{"line":230,"column":14}},"45":{"start":{"line":231,"column":12},"end":{"line":231,"column":24}},"46":{"start":{"line":233,"column":12},"end":{"line":233,"column":35}},"47":{"start":{"line":238,"column":23},"end":{"line":259,"column":5}},"48":{"start":{"line":239,"column":8},"end":{"line":258,"column":9}},"49":{"start":{"line":240,"column":12},"end":{"line":247,"column":15}},"50":{"start":{"line":248,"column":12},"end":{"line":252,"column":14}},"51":{"start":{"line":254,"column":12},"end":{"line":256,"column":37}},"52":{"start":{"line":257,"column":12},"end":{"line":257,"column":24}},"53":{"start":{"line":262,"column":27},"end":{"line":281,"column":5}},"54":{"start":{"line":263,"column":8},"end":{"line":280,"column":9}},"55":{"start":{"line":264,"column":12},"end":{"line":273,"column":14}},"56":{"start":{"line":274,"column":12},"end":{"line":274,"column":77}},"57":{"start":{"line":276,"column":12},"end":{"line":278,"column":37}},"58":{"start":{"line":279,"column":12},"end":{"line":279,"column":24}},"59":{"start":{"line":284,"column":22},"end":{"line":296,"column":5}},"60":{"start":{"line":285,"column":8},"end":{"line":295,"column":9}},"61":{"start":{"line":286,"column":29},"end":{"line":288,"column":14}},"62":{"start":{"line":289,"column":12},"end":{"line":289,"column":28}},"63":{"start":{"line":291,"column":12},"end":{"line":293,"column":37}},"64":{"start":{"line":294,"column":12},"end":{"line":294,"column":24}},"65":{"start":{"line":299,"column":24},"end":{"line":312,"column":5}},"66":{"start":{"line":300,"column":8},"end":{"line":311,"column":9}},"67":{"start":{"line":301,"column":30},"end":{"line":307,"column":14}},"68":{"start":{"line":308,"column":12},"end":{"line":308,"column":29}},"69":{"start":{"line":310,"column":12},"end":{"line":310,"column":22}},"70":{"start":{"line":315,"column":28},"end":{"line":329,"column":5}},"71":{"start":{"line":316,"column":8},"end":{"line":328,"column":9}},"72":{"start":{"line":317,"column":30},"end":{"line":324,"column":14}},"73":{"start":{"line":325,"column":12},"end":{"line":325,"column":29}},"74":{"start":{"line":327,"column":12},"end":{"line":327,"column":22}},"75":{"start":{"line":332,"column":25},"end":{"line":365,"column":5}},"76":{"start":{"line":333,"column":8},"end":{"line":364,"column":9}},"77":{"start":{"line":334,"column":12},"end":{"line":361,"column":15}},"78":{"start":{"line":363,"column":12},"end":{"line":363,"column":22}},"79":{"start":{"line":368,"column":0},"end":{"line":368,"column":36}}},"fnMap":{"0":{"name":"(anonymous_0)","decl":{"start":{"line":7,"column":4},"end":{"line":7,"column":5}},"loc":{"start":{"line":16,"column":6},"end":{"line":25,"column":5}},"line":16},"1":{"name":"(anonymous_1)","decl":{"start":{"line":28,"column":27},"end":{"line":28,"column":28}},"loc":{"start":{"line":28,"column":49},"end":{"line":75,"column":5}},"line":28},"2":{"name":"(anonymous_2)","decl":{"start":{"line":78,"column":29},"end":{"line":78,"column":30}},"loc":{"start":{"line":78,"column":51},"end":{"line":124,"column":5}},"line":78},"3":{"name":"(anonymous_3)","decl":{"start":{"line":127,"column":25},"end":{"line":127,"column":26}},"loc":{"start":{"line":127,"column":47},"end":{"line":171,"column":5}},"line":127},"4":{"name":"(anonymous_4)","decl":{"start":{"line":174,"column":22},"end":{"line":174,"column":23}},"loc":{"start":{"line":174,"column":42},"end":{"line":181,"column":5}},"line":174},"5":{"name":"(anonymous_5)","decl":{"start":{"line":184,"column":26},"end":{"line":184,"column":27}},"loc":{"start":{"line":184,"column":48},"end":{"line":191,"column":5}},"line":184},"6":{"name":"(anonymous_6)","decl":{"start":{"line":194,"column":25},"end":{"line":194,"column":26}},"loc":{"start":{"line":194,"column":39},"end":{"line":204,"column":5}},"line":194},"7":{"name":"(anonymous_7)","decl":{"start":{"line":207,"column":20},"end":{"line":207,"column":21}},"loc":{"start":{"line":207,"column":42},"end":{"line":235,"column":5}},"line":207},"8":{"name":"(anonymous_8)","decl":{"start":{"line":238,"column":23},"end":{"line":238,"column":24}},"loc":{"start":{"line":238,"column":84},"end":{"line":259,"column":5}},"line":238},"9":{"name":"(anonymous_9)","decl":{"start":{"line":262,"column":27},"end":{"line":262,"column":28}},"loc":{"start":{"line":262,"column":88},"end":{"line":281,"column":5}},"line":262},"10":{"name":"(anonymous_10)","decl":{"start":{"line":284,"column":22},"end":{"line":284,"column":23}},"loc":{"start":{"line":284,"column":40},"end":{"line":296,"column":5}},"line":284},"11":{"name":"(anonymous_11)","decl":{"start":{"line":299,"column":24},"end":{"line":299,"column":25}},"loc":{"start":{"line":299,"column":55},"end":{"line":312,"column":5}},"line":299},"12":{"name":"(anonymous_12)","decl":{"start":{"line":315,"column":28},"end":{"line":315,"column":29}},"loc":{"start":{"line":315,"column":59},"end":{"line":329,"column":5}},"line":315},"13":{"name":"(anonymous_13)","decl":{"start":{"line":332,"column":25},"end":{"line":332,"column":26}},"loc":{"start":{"line":332,"column":39},"end":{"line":365,"column":5}},"line":332}},"branchMap":{},"s":{"0":2,"1":2,"2":2,"3":2,"4":2,"5":2,"6":2,"7":2,"8":2,"9":2,"10":2,"11":2,"12":0,"13":0,"14":0,"15":0,"16":2,"17":0,"18":0,"19":0,"20":0,"21":2,"22":0,"23":0,"24":0,"25":0,"26":2,"27":0,"28":0,"29":0,"30":0,"31":2,"32":0,"33":0,"34":0,"35":0,"36":2,"37":0,"38":0,"39":0,"40":0,"41":0,"42":2,"43":0,"44":0,"45":0,"46":0,"47":2,"48":0,"49":0,"50":0,"51":0,"52":0,"53":2,"54":0,"55":0,"56":0,"57":0,"58":0,"59":2,"60":0,"61":0,"62":0,"63":0,"64":0,"65":2,"66":0,"67":0,"68":0,"69":0,"70":2,"71":0,"72":0,"73":0,"74":0,"75":2,"76":0,"77":0,"78":0,"79":2},"f":{"0":2,"1":0,"2":0,"3":0,"4":0,"5":0,"6":0,"7":0,"8":0,"9":0,"10":0,"11":0,"12":0,"13":0},"b":{},"_coverageSchema":"1a1c01bbd47fc00a2c39e90264f33305004495a9","hash":"bb1f5a658f3dac6e841ec02bd305962584956da2"}
,"/Users/junhyeokchoi/Desktop/modu_hospital/repositories/reservation.repository.js": {"path":"/Users/junhyeokchoi/Desktop/modu_hospital/repositories/reservation.repository.js","statementMap":{"0":{"start":{"line":4,"column":8},"end":{"line":4,"column":38}},"1":{"start":{"line":5,"column":8},"end":{"line":5,"column":34}},"2":{"start":{"line":7,"column":26},"end":{"line":10,"column":5}},"3":{"start":{"line":8,"column":28},"end":{"line":8,"column":84}},"4":{"start":{"line":9,"column":8},"end":{"line":9,"column":27}},"5":{"start":{"line":12,"column":29},"end":{"line":23,"column":5}},"6":{"start":{"line":13,"column":22},"end":{"line":20,"column":9}},"7":{"start":{"line":21,"column":25},"end":{"line":21,"column":102}},"8":{"start":{"line":22,"column":8},"end":{"line":22,"column":24}},"9":{"start":{"line":24,"column":28},"end":{"line":35,"column":5}},"10":{"start":{"line":25,"column":22},"end":{"line":32,"column":9}},"11":{"start":{"line":33,"column":24},"end":{"line":33,"column":101}},"12":{"start":{"line":34,"column":8},"end":{"line":34,"column":23}},"13":{"start":{"line":36,"column":35},"end":{"line":47,"column":5}},"14":{"start":{"line":37,"column":22},"end":{"line":44,"column":9}},"15":{"start":{"line":45,"column":31},"end":{"line":45,"column":108}},"16":{"start":{"line":46,"column":8},"end":{"line":46,"column":30}},"17":{"start":{"line":49,"column":34},"end":{"line":57,"column":5}},"18":{"start":{"line":50,"column":22},"end":{"line":53,"column":38}},"19":{"start":{"line":54,"column":36},"end":{"line":54,"column":113}},"20":{"start":{"line":56,"column":8},"end":{"line":56,"column":38}},"21":{"start":{"line":59,"column":32},"end":{"line":65,"column":5}},"22":{"start":{"line":60,"column":34},"end":{"line":63,"column":9}},"23":{"start":{"line":64,"column":8},"end":{"line":64,"column":33}},"24":{"start":{"line":66,"column":19},"end":{"line":81,"column":5}},"25":{"start":{"line":67,"column":23},"end":{"line":72,"column":10}},"26":{"start":{"line":73,"column":36},"end":{"line":78,"column":9}},"27":{"start":{"line":80,"column":8},"end":{"line":80,"column":22}},"28":{"start":{"line":84,"column":0},"end":{"line":84,"column":39}}},"fnMap":{"0":{"name":"(anonymous_0)","decl":{"start":{"line":3,"column":4},"end":{"line":3,"column":5}},"loc":{"start":{"line":3,"column":27},"end":{"line":6,"column":5}},"line":3},"1":{"name":"(anonymous_1)","decl":{"start":{"line":7,"column":26},"end":{"line":7,"column":27}},"loc":{"start":{"line":7,"column":40},"end":{"line":10,"column":5}},"line":7},"2":{"name":"(anonymous_2)","decl":{"start":{"line":12,"column":29},"end":{"line":12,"column":30}},"loc":{"start":{"line":12,"column":53},"end":{"line":23,"column":5}},"line":12},"3":{"name":"(anonymous_3)","decl":{"start":{"line":24,"column":28},"end":{"line":24,"column":29}},"loc":{"start":{"line":24,"column":52},"end":{"line":35,"column":5}},"line":24},"4":{"name":"(anonymous_4)","decl":{"start":{"line":36,"column":35},"end":{"line":36,"column":36}},"loc":{"start":{"line":36,"column":59},"end":{"line":47,"column":5}},"line":36},"5":{"name":"(anonymous_5)","decl":{"start":{"line":49,"column":34},"end":{"line":49,"column":35}},"loc":{"start":{"line":49,"column":59},"end":{"line":57,"column":5}},"line":49},"6":{"name":"(anonymous_6)","decl":{"start":{"line":59,"column":32},"end":{"line":59,"column":33}},"loc":{"start":{"line":59,"column":54},"end":{"line":65,"column":5}},"line":59},"7":{"name":"(anonymous_7)","decl":{"start":{"line":66,"column":19},"end":{"line":66,"column":20}},"loc":{"start":{"line":66,"column":80},"end":{"line":81,"column":5}},"line":66}},"branchMap":{},"s":{"0":1,"1":1,"2":1,"3":0,"4":0,"5":1,"6":0,"7":0,"8":0,"9":1,"10":0,"11":0,"12":0,"13":1,"14":0,"15":0,"16":0,"17":1,"18":0,"19":0,"20":0,"21":1,"22":0,"23":0,"24":1,"25":0,"26":0,"27":0,"28":1},"f":{"0":1,"1":0,"2":0,"3":0,"4":0,"5":0,"6":0,"7":0},"b":{},"_coverageSchema":"1a1c01bbd47fc00a2c39e90264f33305004495a9","hash":"de11e0bec83e9872e9b9136addc1bc771b712d56"}
,"/Users/junhyeokchoi/Desktop/modu_hospital/services/category.service.js": {"path":"/Users/junhyeokchoi/Desktop/modu_hospital/services/category.service.js","statementMap":{"0":{"start":{"line":1,"column":27},"end":{"line":1,"column":73}},"1":{"start":{"line":8,"column":4},"end":{"line":8,"column":33}},"2":{"start":{"line":11,"column":25},"end":{"line":17,"column":5}},"3":{"start":{"line":19,"column":38},"end":{"line":84,"column":5}},"4":{"start":{"line":26,"column":26},"end":{"line":26,"column":28}},"5":{"start":{"line":27,"column":25},"end":{"line":27,"column":27}},"6":{"start":{"line":28,"column":8},"end":{"line":28,"column":54}},"7":{"start":{"line":29,"column":8},"end":{"line":29,"column":51}},"8":{"start":{"line":30,"column":8},"end":{"line":32,"column":11}},"9":{"start":{"line":31,"column":12},"end":{"line":31,"column":25}},"10":{"start":{"line":33,"column":8},"end":{"line":35,"column":11}},"11":{"start":{"line":34,"column":12},"end":{"line":34,"column":25}},"12":{"start":{"line":37,"column":26},"end":{"line":45,"column":9}},"13":{"start":{"line":39,"column":16},"end":{"line":43,"column":18}},"14":{"start":{"line":50,"column":22},"end":{"line":50,"column":63}},"15":{"start":{"line":50,"column":53},"end":{"line":50,"column":62}},"16":{"start":{"line":51,"column":8},"end":{"line":53,"column":9}},"17":{"start":{"line":52,"column":12},"end":{"line":52,"column":22}},"18":{"start":{"line":55,"column":18},"end":{"line":55,"column":20}},"19":{"start":{"line":56,"column":8},"end":{"line":79,"column":11}},"20":{"start":{"line":57,"column":12},"end":{"line":78,"column":13}},"21":{"start":{"line":57,"column":25},"end":{"line":57,"column":26}},"22":{"start":{"line":58,"column":16},"end":{"line":60,"column":17}},"23":{"start":{"line":59,"column":20},"end":{"line":59,"column":27}},"24":{"start":{"line":64,"column":16},"end":{"line":77,"column":17}},"25":{"start":{"line":65,"column":31},"end":{"line":75,"column":21}},"26":{"start":{"line":76,"column":20},"end":{"line":76,"column":35}},"27":{"start":{"line":81,"column":26},"end":{"line":81,"column":79}},"28":{"start":{"line":83,"column":8},"end":{"line":83,"column":25}},"29":{"start":{"line":87,"column":0},"end":{"line":87,"column":33}}},"fnMap":{"0":{"name":"(anonymous_0)","decl":{"start":{"line":19,"column":38},"end":{"line":19,"column":39}},"loc":{"start":{"line":25,"column":9},"end":{"line":84,"column":5}},"line":25},"1":{"name":"(anonymous_1)","decl":{"start":{"line":30,"column":23},"end":{"line":30,"column":24}},"loc":{"start":{"line":30,"column":33},"end":{"line":32,"column":9}},"line":30},"2":{"name":"(anonymous_2)","decl":{"start":{"line":33,"column":22},"end":{"line":33,"column":23}},"loc":{"start":{"line":33,"column":32},"end":{"line":35,"column":9}},"line":33},"3":{"name":"(anonymous_3)","decl":{"start":{"line":38,"column":39},"end":{"line":38,"column":40}},"loc":{"start":{"line":38,"column":61},"end":{"line":44,"column":13}},"line":38},"4":{"name":"(anonymous_4)","decl":{"start":{"line":50,"column":39},"end":{"line":50,"column":40}},"loc":{"start":{"line":50,"column":53},"end":{"line":50,"column":62}},"line":50},"5":{"name":"(anonymous_5)","decl":{"start":{"line":56,"column":22},"end":{"line":56,"column":23}},"loc":{"start":{"line":56,"column":38},"end":{"line":79,"column":9}},"line":56}},"branchMap":{"0":{"loc":{"start":{"line":51,"column":8},"end":{"line":53,"column":9}},"type":"if","locations":[{"start":{"line":51,"column":8},"end":{"line":53,"column":9}},{"start":{},"end":{}}],"line":51},"1":{"loc":{"start":{"line":58,"column":16},"end":{"line":60,"column":17}},"type":"if","locations":[{"start":{"line":58,"column":16},"end":{"line":60,"column":17}},{"start":{},"end":{}}],"line":58},"2":{"loc":{"start":{"line":64,"column":16},"end":{"line":77,"column":17}},"type":"if","locations":[{"start":{"line":64,"column":16},"end":{"line":77,"column":17}},{"start":{},"end":{}}],"line":64},"3":{"loc":{"start":{"line":70,"column":39},"end":{"line":74,"column":60}},"type":"cond-expr","locations":[{"start":{"line":72,"column":30},"end":{"line":72,"column":39}},{"start":{"line":73,"column":30},"end":{"line":74,"column":60}}],"line":70}},"s":{"0":2,"1":2,"2":2,"3":2,"4":2,"5":2,"6":2,"7":2,"8":2,"9":2,"10":2,"11":2,"12":2,"13":2,"14":2,"15":2,"16":2,"17":1,"18":1,"19":1,"20":1,"21":1,"22":3,"23":0,"24":3,"25":3,"26":3,"27":1,"28":1,"29":2},"f":{"0":2,"1":2,"2":2,"3":2,"4":2,"5":1},"b":{"0":[1,1],"1":[0,3],"2":[3,0],"3":[2,1]},"_coverageSchema":"1a1c01bbd47fc00a2c39e90264f33305004495a9","hash":"9df0749322c16ef049fb852b8a405b80494db7b7"}
,"/Users/junhyeokchoi/Desktop/modu_hospital/services/hospital.service.js": {"path":"/Users/junhyeokchoi/Desktop/modu_hospital/services/hospital.service.js","statementMap":{"0":{"start":{"line":1,"column":27},"end":{"line":1,"column":73}},"1":{"start":{"line":11,"column":4},"end":{"line":11,"column":33}},"2":{"start":{"line":14,"column":25},"end":{"line":23,"column":5}},"3":{"start":{"line":25,"column":24},"end":{"line":43,"column":5}},"4":{"start":{"line":26,"column":8},"end":{"line":42,"column":9}},"5":{"start":{"line":27,"column":30},"end":{"line":27,"column":32}},"6":{"start":{"line":28,"column":29},"end":{"line":28,"column":31}},"7":{"start":{"line":29,"column":12},"end":{"line":29,"column":58}},"8":{"start":{"line":30,"column":12},"end":{"line":30,"column":55}},"9":{"start":{"line":31,"column":12},"end":{"line":33,"column":15}},"10":{"start":{"line":32,"column":16},"end":{"line":32,"column":29}},"11":{"start":{"line":34,"column":12},"end":{"line":36,"column":15}},"12":{"start":{"line":35,"column":16},"end":{"line":35,"column":29}},"13":{"start":{"line":37,"column":30},"end":{"line":37,"column":98}},"14":{"start":{"line":39,"column":12},"end":{"line":39,"column":29}},"15":{"start":{"line":41,"column":12},"end":{"line":41,"column":22}},"16":{"start":{"line":45,"column":28},"end":{"line":82,"column":5}},"17":{"start":{"line":46,"column":8},"end":{"line":81,"column":9}},"18":{"start":{"line":47,"column":30},"end":{"line":47,"column":32}},"19":{"start":{"line":48,"column":29},"end":{"line":48,"column":31}},"20":{"start":{"line":50,"column":12},"end":{"line":50,"column":58}},"21":{"start":{"line":52,"column":12},"end":{"line":52,"column":55}},"22":{"start":{"line":54,"column":12},"end":{"line":56,"column":15}},"23":{"start":{"line":55,"column":16},"end":{"line":55,"column":29}},"24":{"start":{"line":58,"column":12},"end":{"line":60,"column":15}},"25":{"start":{"line":59,"column":16},"end":{"line":59,"column":29}},"26":{"start":{"line":61,"column":30},"end":{"line":64,"column":13}},"27":{"start":{"line":67,"column":26},"end":{"line":77,"column":14}},"28":{"start":{"line":68,"column":16},"end":{"line":76,"column":18}},"29":{"start":{"line":78,"column":12},"end":{"line":78,"column":25}},"30":{"start":{"line":80,"column":12},"end":{"line":80,"column":22}},"31":{"start":{"line":84,"column":25},"end":{"line":117,"column":5}},"32":{"start":{"line":85,"column":8},"end":{"line":116,"column":9}},"33":{"start":{"line":86,"column":29},"end":{"line":86,"column":81}},"34":{"start":{"line":87,"column":12},"end":{"line":89,"column":13}},"35":{"start":{"line":88,"column":16},"end":{"line":88,"column":26}},"36":{"start":{"line":93,"column":28},"end":{"line":102,"column":14}},"37":{"start":{"line":94,"column":35},"end":{"line":96,"column":18}},"38":{"start":{"line":95,"column":20},"end":{"line":95,"column":58}},"39":{"start":{"line":97,"column":16},"end":{"line":101,"column":18}},"40":{"start":{"line":104,"column":12},"end":{"line":113,"column":14}},"41":{"start":{"line":115,"column":12},"end":{"line":115,"column":22}},"42":{"start":{"line":119,"column":25},"end":{"line":130,"column":5}},"43":{"start":{"line":120,"column":8},"end":{"line":129,"column":9}},"44":{"start":{"line":121,"column":33},"end":{"line":121,"column":86}},"45":{"start":{"line":122,"column":12},"end":{"line":122,"column":38}},"46":{"start":{"line":123,"column":29},"end":{"line":123,"column":52}},"47":{"start":{"line":124,"column":12},"end":{"line":124,"column":36}},"48":{"start":{"line":125,"column":25},"end":{"line":125,"column":85}},"49":{"start":{"line":126,"column":12},"end":{"line":126,"column":24}},"50":{"start":{"line":128,"column":12},"end":{"line":128,"column":35}},"51":{"start":{"line":132,"column":22},"end":{"line":145,"column":5}},"52":{"start":{"line":133,"column":8},"end":{"line":144,"column":9}},"53":{"start":{"line":134,"column":39},"end":{"line":134,"column":91}},"54":{"start":{"line":135,"column":12},"end":{"line":140,"column":13}},"55":{"start":{"line":136,"column":30},"end":{"line":136,"column":60}},"56":{"start":{"line":137,"column":16},"end":{"line":137,"column":53}},"57":{"start":{"line":138,"column":16},"end":{"line":138,"column":35}},"58":{"start":{"line":139,"column":16},"end":{"line":139,"column":28}},"59":{"start":{"line":141,"column":12},"end":{"line":141,"column":75}},"60":{"start":{"line":143,"column":12},"end":{"line":143,"column":22}},"61":{"start":{"line":147,"column":26},"end":{"line":160,"column":5}},"62":{"start":{"line":148,"column":8},"end":{"line":159,"column":9}},"63":{"start":{"line":149,"column":39},"end":{"line":149,"column":91}},"64":{"start":{"line":150,"column":12},"end":{"line":155,"column":13}},"65":{"start":{"line":151,"column":30},"end":{"line":151,"column":60}},"66":{"start":{"line":152,"column":16},"end":{"line":152,"column":53}},"67":{"start":{"line":153,"column":16},"end":{"line":153,"column":35}},"68":{"start":{"line":154,"column":16},"end":{"line":154,"column":28}},"69":{"start":{"line":156,"column":12},"end":{"line":156,"column":81}},"70":{"start":{"line":158,"column":12},"end":{"line":158,"column":22}},"71":{"start":{"line":162,"column":27},"end":{"line":171,"column":5}},"72":{"start":{"line":163,"column":8},"end":{"line":170,"column":9}},"73":{"start":{"line":164,"column":33},"end":{"line":164,"column":86}},"74":{"start":{"line":165,"column":29},"end":{"line":165,"column":52}},"75":{"start":{"line":166,"column":32},"end":{"line":166,"column":88}},"76":{"start":{"line":167,"column":12},"end":{"line":167,"column":31}},"77":{"start":{"line":169,"column":12},"end":{"line":169,"column":22}},"78":{"start":{"line":173,"column":23},"end":{"line":195,"column":5}},"79":{"start":{"line":174,"column":8},"end":{"line":194,"column":9}},"80":{"start":{"line":175,"column":41},"end":{"line":182,"column":13}},"81":{"start":{"line":184,"column":12},"end":{"line":191,"column":14}},"82":{"start":{"line":193,"column":12},"end":{"line":193,"column":24}},"83":{"start":{"line":197,"column":27},"end":{"line":217,"column":5}},"84":{"start":{"line":198,"column":8},"end":{"line":216,"column":9}},"85":{"start":{"line":199,"column":36},"end":{"line":199,"column":89}},"86":{"start":{"line":200,"column":12},"end":{"line":205,"column":13}},"87":{"start":{"line":201,"column":30},"end":{"line":201,"column":60}},"88":{"start":{"line":202,"column":16},"end":{"line":202,"column":50}},"89":{"start":{"line":203,"column":16},"end":{"line":203,"column":35}},"90":{"start":{"line":204,"column":16},"end":{"line":204,"column":28}},"91":{"start":{"line":206,"column":12},"end":{"line":213,"column":14}},"92":{"start":{"line":215,"column":12},"end":{"line":215,"column":24}},"93":{"start":{"line":219,"column":20},"end":{"line":228,"column":5}},"94":{"start":{"line":220,"column":8},"end":{"line":227,"column":9}},"95":{"start":{"line":221,"column":33},"end":{"line":221,"column":86}},"96":{"start":{"line":222,"column":29},"end":{"line":222,"column":52}},"97":{"start":{"line":223,"column":25},"end":{"line":223,"column":80}},"98":{"start":{"line":224,"column":12},"end":{"line":224,"column":24}},"99":{"start":{"line":226,"column":12},"end":{"line":226,"column":35}},"100":{"start":{"line":230,"column":29},"end":{"line":239,"column":5}},"101":{"start":{"line":231,"column":8},"end":{"line":238,"column":9}},"102":{"start":{"line":232,"column":33},"end":{"line":232,"column":86}},"103":{"start":{"line":233,"column":29},"end":{"line":233,"column":52}},"104":{"start":{"line":234,"column":32},"end":{"line":234,"column":90}},"105":{"start":{"line":235,"column":12},"end":{"line":235,"column":31}},"106":{"start":{"line":237,"column":12},"end":{"line":237,"column":22}},"107":{"start":{"line":241,"column":22},"end":{"line":248,"column":5}},"108":{"start":{"line":242,"column":8},"end":{"line":247,"column":9}},"109":{"start":{"line":243,"column":33},"end":{"line":243,"column":86}},"110":{"start":{"line":244,"column":12},"end":{"line":244,"column":32}},"111":{"start":{"line":246,"column":12},"end":{"line":246,"column":22}},"112":{"start":{"line":251,"column":0},"end":{"line":251,"column":33}}},"fnMap":{"0":{"name":"(anonymous_0)","decl":{"start":{"line":25,"column":24},"end":{"line":25,"column":25}},"loc":{"start":{"line":25,"column":94},"end":{"line":43,"column":5}},"line":25},"1":{"name":"(anonymous_1)","decl":{"start":{"line":31,"column":27},"end":{"line":31,"column":28}},"loc":{"start":{"line":31,"column":37},"end":{"line":33,"column":13}},"line":31},"2":{"name":"(anonymous_2)","decl":{"start":{"line":34,"column":26},"end":{"line":34,"column":27}},"loc":{"start":{"line":34,"column":36},"end":{"line":36,"column":13}},"line":34},"3":{"name":"(anonymous_3)","decl":{"start":{"line":45,"column":28},"end":{"line":45,"column":29}},"loc":{"start":{"line":45,"column":98},"end":{"line":82,"column":5}},"line":45},"4":{"name":"(anonymous_4)","decl":{"start":{"line":54,"column":27},"end":{"line":54,"column":28}},"loc":{"start":{"line":54,"column":37},"end":{"line":56,"column":13}},"line":54},"5":{"name":"(anonymous_5)","decl":{"start":{"line":58,"column":26},"end":{"line":58,"column":27}},"loc":{"start":{"line":58,"column":36},"end":{"line":60,"column":13}},"line":58},"6":{"name":"(anonymous_6)","decl":{"start":{"line":67,"column":40},"end":{"line":67,"column":41}},"loc":{"start":{"line":67,"column":54},"end":{"line":77,"column":13}},"line":67},"7":{"name":"(anonymous_7)","decl":{"start":{"line":84,"column":25},"end":{"line":84,"column":26}},"loc":{"start":{"line":84,"column":39},"end":{"line":117,"column":5}},"line":84},"8":{"name":"(anonymous_8)","decl":{"start":{"line":93,"column":49},"end":{"line":93,"column":50}},"loc":{"start":{"line":93,"column":61},"end":{"line":102,"column":13}},"line":93},"9":{"name":"(anonymous_9)","decl":{"start":{"line":94,"column":69},"end":{"line":94,"column":70}},"loc":{"start":{"line":94,"column":83},"end":{"line":96,"column":17}},"line":94},"10":{"name":"(anonymous_10)","decl":{"start":{"line":119,"column":25},"end":{"line":119,"column":26}},"loc":{"start":{"line":119,"column":43},"end":{"line":130,"column":5}},"line":119},"11":{"name":"(anonymous_11)","decl":{"start":{"line":132,"column":22},"end":{"line":132,"column":23}},"loc":{"start":{"line":132,"column":42},"end":{"line":145,"column":5}},"line":132},"12":{"name":"(anonymous_12)","decl":{"start":{"line":147,"column":26},"end":{"line":147,"column":27}},"loc":{"start":{"line":147,"column":48},"end":{"line":160,"column":5}},"line":147},"13":{"name":"(anonymous_13)","decl":{"start":{"line":162,"column":27},"end":{"line":162,"column":28}},"loc":{"start":{"line":162,"column":45},"end":{"line":171,"column":5}},"line":162},"14":{"name":"(anonymous_14)","decl":{"start":{"line":173,"column":23},"end":{"line":173,"column":24}},"loc":{"start":{"line":173,"column":84},"end":{"line":195,"column":5}},"line":173},"15":{"name":"(anonymous_15)","decl":{"start":{"line":197,"column":27},"end":{"line":197,"column":28}},"loc":{"start":{"line":197,"column":88},"end":{"line":217,"column":5}},"line":197},"16":{"name":"(anonymous_16)","decl":{"start":{"line":219,"column":20},"end":{"line":219,"column":21}},"loc":{"start":{"line":219,"column":38},"end":{"line":228,"column":5}},"line":219},"17":{"name":"(anonymous_17)","decl":{"start":{"line":230,"column":29},"end":{"line":230,"column":30}},"loc":{"start":{"line":230,"column":47},"end":{"line":239,"column":5}},"line":230},"18":{"name":"(anonymous_18)","decl":{"start":{"line":241,"column":22},"end":{"line":241,"column":23}},"loc":{"start":{"line":241,"column":40},"end":{"line":248,"column":5}},"line":241}},"branchMap":{"0":{"loc":{"start":{"line":73,"column":35},"end":{"line":75,"column":60}},"type":"cond-expr","locations":[{"start":{"line":74,"column":26},"end":{"line":74,"column":35}},{"start":{"line":75,"column":26},"end":{"line":75,"column":60}}],"line":73},"1":{"loc":{"start":{"line":87,"column":12},"end":{"line":89,"column":13}},"type":"if","locations":[{"start":{"line":87,"column":12},"end":{"line":89,"column":13}},{"start":{},"end":{}}],"line":87},"2":{"loc":{"start":{"line":109,"column":31},"end":{"line":111,"column":56}},"type":"cond-expr","locations":[{"start":{"line":110,"column":22},"end":{"line":110,"column":31}},{"start":{"line":111,"column":22},"end":{"line":111,"column":56}}],"line":109},"3":{"loc":{"start":{"line":135,"column":12},"end":{"line":140,"column":13}},"type":"if","locations":[{"start":{"line":135,"column":12},"end":{"line":140,"column":13}},{"start":{},"end":{}}],"line":135},"4":{"loc":{"start":{"line":150,"column":12},"end":{"line":155,"column":13}},"type":"if","locations":[{"start":{"line":150,"column":12},"end":{"line":155,"column":13}},{"start":{},"end":{}}],"line":150},"5":{"loc":{"start":{"line":200,"column":12},"end":{"line":205,"column":13}},"type":"if","locations":[{"start":{"line":200,"column":12},"end":{"line":205,"column":13}},{"start":{},"end":{}}],"line":200}},"s":{"0":2,"1":2,"2":2,"3":2,"4":1,"5":1,"6":1,"7":1,"8":1,"9":1,"10":1,"11":1,"12":1,"13":1,"14":1,"15":0,"16":2,"17":1,"18":1,"19":1,"20":1,"21":1,"22":1,"23":1,"24":1,"25":1,"26":1,"27":1,"28":2,"29":1,"30":0,"31":2,"32":1,"33":1,"34":1,"35":0,"36":1,"37":1,"38":2,"39":1,"40":1,"41":0,"42":2,"43":0,"44":0,"45":0,"46":0,"47":0,"48":0,"49":0,"50":0,"51":2,"52":0,"53":0,"54":0,"55":0,"56":0,"57":0,"58":0,"59":0,"60":0,"61":2,"62":0,"63":0,"64":0,"65":0,"66":0,"67":0,"68":0,"69":0,"70":0,"71":2,"72":0,"73":0,"74":0,"75":0,"76":0,"77":0,"78":2,"79":0,"80":0,"81":0,"82":0,"83":2,"84":0,"85":0,"86":0,"87":0,"88":0,"89":0,"90":0,"91":0,"92":0,"93":2,"94":0,"95":0,"96":0,"97":0,"98":0,"99":0,"100":2,"101":0,"102":0,"103":0,"104":0,"105":0,"106":0,"107":2,"108":0,"109":0,"110":0,"111":0,"112":2},"f":{"0":1,"1":1,"2":1,"3":1,"4":1,"5":1,"6":2,"7":1,"8":1,"9":2,"10":0,"11":0,"12":0,"13":0,"14":0,"15":0,"16":0,"17":0,"18":0},"b":{"0":[1,1],"1":[0,1],"2":[0,1],"3":[0,0],"4":[0,0],"5":[0,0]},"_coverageSchema":"1a1c01bbd47fc00a2c39e90264f33305004495a9","hash":"b1121b64004f37bba57e3dce10ed562492629f74"}
,"/Users/junhyeokchoi/Desktop/modu_hospital/services/reservation.service.js": {"path":"/Users/junhyeokchoi/Desktop/modu_hospital/services/reservation.service.js","statementMap":{"0":{"start":{"line":1,"column":30},"end":{"line":1,"column":79}},"1":{"start":{"line":2,"column":20},"end":{"line":2,"column":44}},"2":{"start":{"line":3,"column":20},"end":{"line":3,"column":40}},"3":{"start":{"line":6,"column":28},"end":{"line":6,"column":64}},"4":{"start":{"line":7,"column":18},"end":{"line":7,"column":35}},"5":{"start":{"line":9,"column":24},"end":{"line":25,"column":5}},"6":{"start":{"line":10,"column":28},"end":{"line":10,"column":84}},"7":{"start":{"line":11,"column":8},"end":{"line":14,"column":9}},"8":{"start":{"line":12,"column":24},"end":{"line":12,"column":71}},"9":{"start":{"line":13,"column":12},"end":{"line":13,"column":21}},"10":{"start":{"line":15,"column":8},"end":{"line":18,"column":9}},"11":{"start":{"line":16,"column":24},"end":{"line":16,"column":75}},"12":{"start":{"line":17,"column":12},"end":{"line":17,"column":22}},"13":{"start":{"line":20,"column":36},"end":{"line":23,"column":9}},"14":{"start":{"line":24,"column":8},"end":{"line":24,"column":35}},"15":{"start":{"line":27,"column":19},"end":{"line":52,"column":5}},"16":{"start":{"line":28,"column":28},"end":{"line":28,"column":95}},"17":{"start":{"line":29,"column":8},"end":{"line":32,"column":9}},"18":{"start":{"line":30,"column":24},"end":{"line":30,"column":63}},"19":{"start":{"line":31,"column":12},"end":{"line":31,"column":22}},"20":{"start":{"line":33,"column":8},"end":{"line":36,"column":9}},"21":{"start":{"line":34,"column":24},"end":{"line":34,"column":69}},"22":{"start":{"line":35,"column":12},"end":{"line":35,"column":22}},"23":{"start":{"line":38,"column":25},"end":{"line":40,"column":9}},"24":{"start":{"line":41,"column":27},"end":{"line":41,"column":46}},"25":{"start":{"line":42,"column":23},"end":{"line":42,"column":41}},"26":{"start":{"line":44,"column":23},"end":{"line":50,"column":9}},"27":{"start":{"line":51,"column":8},"end":{"line":51,"column":22}},"28":{"start":{"line":55,"column":0},"end":{"line":55,"column":36}}},"fnMap":{"0":{"name":"(anonymous_0)","decl":{"start":{"line":9,"column":24},"end":{"line":9,"column":25}},"loc":{"start":{"line":9,"column":38},"end":{"line":25,"column":5}},"line":9},"1":{"name":"(anonymous_1)","decl":{"start":{"line":27,"column":19},"end":{"line":27,"column":20}},"loc":{"start":{"line":27,"column":60},"end":{"line":52,"column":5}},"line":27}},"branchMap":{"0":{"loc":{"start":{"line":11,"column":8},"end":{"line":14,"column":9}},"type":"if","locations":[{"start":{"line":11,"column":8},"end":{"line":14,"column":9}},{"start":{},"end":{}}],"line":11},"1":{"loc":{"start":{"line":11,"column":12},"end":{"line":11,"column":76}},"type":"binary-expr","locations":[{"start":{"line":11,"column":12},"end":{"line":11,"column":40}},{"start":{"line":11,"column":44},"end":{"line":11,"column":76}}],"line":11},"2":{"loc":{"start":{"line":15,"column":8},"end":{"line":18,"column":9}},"type":"if","locations":[{"start":{"line":15,"column":8},"end":{"line":18,"column":9}},{"start":{},"end":{}}],"line":15},"3":{"loc":{"start":{"line":29,"column":8},"end":{"line":32,"column":9}},"type":"if","locations":[{"start":{"line":29,"column":8},"end":{"line":32,"column":9}},{"start":{},"end":{}}],"line":29},"4":{"loc":{"start":{"line":33,"column":8},"end":{"line":36,"column":9}},"type":"if","locations":[{"start":{"line":33,"column":8},"end":{"line":36,"column":9}},{"start":{},"end":{}}],"line":33}},"s":{"0":1,"1":1,"2":1,"3":1,"4":1,"5":1,"6":2,"7":2,"8":1,"9":1,"10":1,"11":1,"12":1,"13":0,"14":0,"15":1,"16":2,"17":2,"18":1,"19":1,"20":1,"21":1,"22":1,"23":0,"24":0,"25":0,"26":0,"27":0,"28":1},"f":{"0":2,"1":2},"b":{"0":[1,1],"1":[2,1],"2":[1,0],"3":[1,1],"4":[1,0]},"_coverageSchema":"1a1c01bbd47fc00a2c39e90264f33305004495a9","hash":"74ee8d853c85af463765044ce45c34eb4d2acd57"}
}
