{"/Users/junhyeokchoi/Desktop/modu_hospital/config/config.js": {"path":"/Users/junhyeokchoi/Desktop/modu_hospital/config/config.js","statementMap":{"0":{"start":{"line":1,"column":0},"end":{"line":1,"column":27}},"1":{"start":{"line":2,"column":12},"end":{"line":2,"column":23}},"2":{"start":{"line":4,"column":20},"end":{"line":10,"column":1}},"3":{"start":{"line":12,"column":13},"end":{"line":18,"column":1}},"4":{"start":{"line":20,"column":19},"end":{"line":26,"column":1}},"5":{"start":{"line":28,"column":0},"end":{"line":28,"column":51}}},"fnMap":{},"branchMap":{},"s":{"0":7,"1":7,"2":7,"3":7,"4":7,"5":7},"f":{},"b":{},"_coverageSchema":"1a1c01bbd47fc00a2c39e90264f33305004495a9","hash":"fd3c0488c2c657f48faa98281cfd578fb7c15c3d"}
,"/Users/junhyeokchoi/Desktop/modu_hospital/controllers/category.controller.js": {"path":"/Users/junhyeokchoi/Desktop/modu_hospital/controllers/category.controller.js","statementMap":{"0":{"start":{"line":1,"column":24},"end":{"line":1,"column":63}},"1":{"start":{"line":4,"column":22},"end":{"line":4,"column":43}},"2":{"start":{"line":6,"column":38},"end":{"line":27,"column":5}},"3":{"start":{"line":7,"column":8},"end":{"line":26,"column":9}},"4":{"start":{"line":9,"column":16},"end":{"line":9,"column":24}},"5":{"start":{"line":11,"column":12},"end":{"line":13,"column":13}},"6":{"start":{"line":12,"column":16},"end":{"line":12,"column":23}},"7":{"start":{"line":15,"column":30},"end":{"line":21,"column":13}},"8":{"start":{"line":23,"column":12},"end":{"line":23,"column":32}},"9":{"start":{"line":25,"column":12},"end":{"line":25,"column":22}},"10":{"start":{"line":30,"column":0},"end":{"line":30,"column":36}}},"fnMap":{"0":{"name":"(anonymous_0)","decl":{"start":{"line":6,"column":38},"end":{"line":6,"column":39}},"loc":{"start":{"line":6,"column":64},"end":{"line":27,"column":5}},"line":6}},"branchMap":{"0":{"loc":{"start":{"line":11,"column":12},"end":{"line":13,"column":13}},"type":"if","locations":[{"start":{"line":11,"column":12},"end":{"line":13,"column":13}},{"start":{},"end":{}}],"line":11}},"s":{"0":1,"1":1,"2":1,"3":1,"4":1,"5":1,"6":0,"7":1,"8":1,"9":0,"10":1},"f":{"0":1},"b":{"0":[0,1]},"_coverageSchema":"1a1c01bbd47fc00a2c39e90264f33305004495a9","hash":"4237451d2b7c2510e409196600f3ed6cc18a7ef1"}
,"/Users/junhyeokchoi/Desktop/modu_hospital/controllers/hospital.controller.js": {"path":"/Users/junhyeokchoi/Desktop/modu_hospital/controllers/hospital.controller.js","statementMap":{"0":{"start":{"line":1,"column":24},"end":{"line":1,"column":63}},"1":{"start":{"line":3,"column":14},"end":{"line":3,"column":30}},"2":{"start":{"line":5,"column":12},"end":{"line":5,"column":23}},"3":{"start":{"line":7,"column":19},"end":{"line":7,"column":47}},"4":{"start":{"line":10,"column":22},"end":{"line":10,"column":43}},"5":{"start":{"line":11,"column":17},"end":{"line":11,"column":33}},"6":{"start":{"line":14,"column":23},"end":{"line":28,"column":5}},"7":{"start":{"line":15,"column":8},"end":{"line":27,"column":9}},"8":{"start":{"line":16,"column":83},"end":{"line":16,"column":91}},"9":{"start":{"line":18,"column":30},"end":{"line":23,"column":13}},"10":{"start":{"line":24,"column":12},"end":{"line":24,"column":36}},"11":{"start":{"line":26,"column":12},"end":{"line":26,"column":22}},"12":{"start":{"line":31,"column":28},"end":{"line":45,"column":5}},"13":{"start":{"line":32,"column":8},"end":{"line":44,"column":9}},"14":{"start":{"line":33,"column":83},"end":{"line":33,"column":91}},"15":{"start":{"line":35,"column":30},"end":{"line":40,"column":13}},"16":{"start":{"line":41,"column":12},"end":{"line":41,"column":36}},"17":{"start":{"line":43,"column":12},"end":{"line":43,"column":22}},"18":{"start":{"line":48,"column":25},"end":{"line":58,"column":5}},"19":{"start":{"line":49,"column":8},"end":{"line":57,"column":9}},"20":{"start":{"line":50,"column":27},"end":{"line":50,"column":37}},"21":{"start":{"line":52,"column":25},"end":{"line":52,"column":74}},"22":{"start":{"line":54,"column":12},"end":{"line":54,"column":27}},"23":{"start":{"line":56,"column":12},"end":{"line":56,"column":22}},"24":{"start":{"line":61,"column":25},"end":{"line":73,"column":5}},"25":{"start":{"line":62,"column":8},"end":{"line":72,"column":9}},"26":{"start":{"line":63,"column":32},"end":{"line":63,"column":47}},"27":{"start":{"line":64,"column":27},"end":{"line":64,"column":45}},"28":{"start":{"line":65,"column":25},"end":{"line":65,"column":41}},"29":{"start":{"line":66,"column":36},"end":{"line":66,"column":95}},"30":{"start":{"line":67,"column":12},"end":{"line":69,"column":15}},"31":{"start":{"line":71,"column":12},"end":{"line":71,"column":24}},"32":{"start":{"line":75,"column":26},"end":{"line":93,"column":5}},"33":{"start":{"line":76,"column":8},"end":{"line":92,"column":9}},"34":{"start":{"line":77,"column":27},"end":{"line":77,"column":37}},"35":{"start":{"line":79,"column":16},"end":{"line":79,"column":95}},"36":{"start":{"line":80,"column":42},"end":{"line":83,"column":13}},"37":{"start":{"line":84,"column":12},"end":{"line":84,"column":54}},"38":{"start":{"line":86,"column":12},"end":{"line":90,"column":13}},"39":{"start":{"line":87,"column":16},"end":{"line":87,"column":35}},"40":{"start":{"line":88,"column":16},"end":{"line":88,"column":38}},"41":{"start":{"line":89,"column":16},"end":{"line":89,"column":53}},"42":{"start":{"line":91,"column":12},"end":{"line":91,"column":24}},"43":{"start":{"line":95,"column":27},"end":{"line":109,"column":5}},"44":{"start":{"line":96,"column":8},"end":{"line":108,"column":9}},"45":{"start":{"line":97,"column":32},"end":{"line":97,"column":47}},"46":{"start":{"line":98,"column":27},"end":{"line":98,"column":45}},"47":{"start":{"line":99,"column":25},"end":{"line":99,"column":41}},"48":{"start":{"line":100,"column":32},"end":{"line":100,"column":93}},"49":{"start":{"line":101,"column":12},"end":{"line":103,"column":13}},"50":{"start":{"line":102,"column":16},"end":{"line":102,"column":81}},"51":{"start":{"line":105,"column":12},"end":{"line":105,"column":73}},"52":{"start":{"line":107,"column":12},"end":{"line":107,"column":24}},"53":{"start":{"line":111,"column":29},"end":{"line":121,"column":5}},"54":{"start":{"line":112,"column":8},"end":{"line":120,"column":9}},"55":{"start":{"line":113,"column":32},"end":{"line":113,"column":47}},"56":{"start":{"line":114,"column":27},"end":{"line":114,"column":45}},"57":{"start":{"line":115,"column":25},"end":{"line":115,"column":41}},"58":{"start":{"line":116,"column":33},"end":{"line":116,"column":96}},"59":{"start":{"line":117,"column":12},"end":{"line":117,"column":68}},"60":{"start":{"line":119,"column":12},"end":{"line":119,"column":24}},"61":{"start":{"line":123,"column":27},"end":{"line":166,"column":5}},"62":{"start":{"line":124,"column":28},"end":{"line":124,"column":43}},"63":{"start":{"line":125,"column":23},"end":{"line":125,"column":41}},"64":{"start":{"line":126,"column":21},"end":{"line":126,"column":37}},"65":{"start":{"line":127,"column":41},"end":{"line":127,"column":49}},"66":{"start":{"line":129,"column":8},"end":{"line":145,"column":9}},"67":{"start":{"line":130,"column":12},"end":{"line":143,"column":13}},"68":{"start":{"line":131,"column":41},"end":{"line":137,"column":17}},"69":{"start":{"line":138,"column":16},"end":{"line":140,"column":19}},"70":{"start":{"line":142,"column":16},"end":{"line":142,"column":28}},"71":{"start":{"line":144,"column":12},"end":{"line":144,"column":19}},"72":{"start":{"line":147,"column":43},"end":{"line":147,"column":63}},"73":{"start":{"line":148,"column":26},"end":{"line":148,"column":44}},"74":{"start":{"line":149,"column":25},"end":{"line":149,"column":42}},"75":{"start":{"line":151,"column":8},"end":{"line":165,"column":9}},"76":{"start":{"line":152,"column":37},"end":{"line":159,"column":13}},"77":{"start":{"line":160,"column":12},"end":{"line":162,"column":15}},"78":{"start":{"line":164,"column":12},"end":{"line":164,"column":24}},"79":{"start":{"line":168,"column":20},"end":{"line":178,"column":5}},"80":{"start":{"line":169,"column":8},"end":{"line":177,"column":9}},"81":{"start":{"line":170,"column":32},"end":{"line":170,"column":47}},"82":{"start":{"line":171,"column":27},"end":{"line":171,"column":45}},"83":{"start":{"line":172,"column":25},"end":{"line":172,"column":41}},"84":{"start":{"line":173,"column":25},"end":{"line":173,"column":79}},"85":{"start":{"line":174,"column":12},"end":{"line":174,"column":37}},"86":{"start":{"line":176,"column":12},"end":{"line":176,"column":24}},"87":{"start":{"line":180,"column":22},"end":{"line":190,"column":5}},"88":{"start":{"line":181,"column":8},"end":{"line":189,"column":9}},"89":{"start":{"line":182,"column":32},"end":{"line":182,"column":47}},"90":{"start":{"line":183,"column":27},"end":{"line":183,"column":45}},"91":{"start":{"line":184,"column":25},"end":{"line":184,"column":41}},"92":{"start":{"line":185,"column":25},"end":{"line":185,"column":81}},"93":{"start":{"line":186,"column":12},"end":{"line":186,"column":37}},"94":{"start":{"line":188,"column":12},"end":{"line":188,"column":24}},"95":{"start":{"line":192,"column":27},"end":{"line":218,"column":5}},"96":{"start":{"line":193,"column":28},"end":{"line":193,"column":36}},"97":{"start":{"line":194,"column":8},"end":{"line":197,"column":9}},"98":{"start":{"line":195,"column":12},"end":{"line":195,"column":40}},"99":{"start":{"line":196,"column":12},"end":{"line":196,"column":26}},"100":{"start":{"line":199,"column":8},"end":{"line":217,"column":9}},"101":{"start":{"line":200,"column":24},"end":{"line":200,"column":94}},"102":{"start":{"line":201,"column":28},"end":{"line":201,"column":69}},"103":{"start":{"line":202,"column":29},"end":{"line":202,"column":62}},"104":{"start":{"line":203,"column":29},"end":{"line":203,"column":42}},"105":{"start":{"line":204,"column":30},"end":{"line":204,"column":48}},"106":{"start":{"line":205,"column":33},"end":{"line":205,"column":53}},"107":{"start":{"line":206,"column":29},"end":{"line":209,"column":13}},"108":{"start":{"line":210,"column":33},"end":{"line":210,"column":58}},"109":{"start":{"line":212,"column":12},"end":{"line":212,"column":62}},"110":{"start":{"line":214,"column":12},"end":{"line":214,"column":26}},"111":{"start":{"line":216,"column":12},"end":{"line":216,"column":24}},"112":{"start":{"line":220,"column":23},"end":{"line":244,"column":5}},"113":{"start":{"line":221,"column":28},"end":{"line":221,"column":43}},"114":{"start":{"line":222,"column":23},"end":{"line":222,"column":41}},"115":{"start":{"line":223,"column":21},"end":{"line":223,"column":37}},"116":{"start":{"line":224,"column":41},"end":{"line":224,"column":49}},"117":{"start":{"line":225,"column":43},"end":{"line":225,"column":63}},"118":{"start":{"line":226,"column":26},"end":{"line":226,"column":44}},"119":{"start":{"line":227,"column":25},"end":{"line":227,"column":42}},"120":{"start":{"line":229,"column":8},"end":{"line":243,"column":9}},"121":{"start":{"line":230,"column":33},"end":{"line":238,"column":13}},"122":{"start":{"line":240,"column":12},"end":{"line":240,"column":52}},"123":{"start":{"line":242,"column":12},"end":{"line":242,"column":24}},"124":{"start":{"line":246,"column":28},"end":{"line":257,"column":5}},"125":{"start":{"line":247,"column":28},"end":{"line":247,"column":43}},"126":{"start":{"line":248,"column":23},"end":{"line":248,"column":41}},"127":{"start":{"line":249,"column":21},"end":{"line":249,"column":37}},"128":{"start":{"line":250,"column":8},"end":{"line":256,"column":9}},"129":{"start":{"line":251,"column":26},"end":{"line":251,"column":35}},"130":{"start":{"line":252,"column":29},"end":{"line":252,"column":98}},"131":{"start":{"line":253,"column":12},"end":{"line":253,"column":48}},"132":{"start":{"line":255,"column":12},"end":{"line":255,"column":24}},"133":{"start":{"line":259,"column":21},"end":{"line":283,"column":5}},"134":{"start":{"line":260,"column":28},"end":{"line":260,"column":43}},"135":{"start":{"line":261,"column":23},"end":{"line":261,"column":41}},"136":{"start":{"line":262,"column":21},"end":{"line":262,"column":37}},"137":{"start":{"line":263,"column":47},"end":{"line":263,"column":55}},"138":{"start":{"line":265,"column":23},"end":{"line":265,"column":54}},"139":{"start":{"line":266,"column":34},"end":{"line":268,"column":9}},"140":{"start":{"line":267,"column":39},"end":{"line":267,"column":68}},"141":{"start":{"line":269,"column":8},"end":{"line":282,"column":9}},"142":{"start":{"line":270,"column":25},"end":{"line":270,"column":33}},"143":{"start":{"line":271,"column":31},"end":{"line":278,"column":13}},"144":{"start":{"line":279,"column":12},"end":{"line":279,"column":58}},"145":{"start":{"line":281,"column":12},"end":{"line":281,"column":24}},"146":{"start":{"line":285,"column":17},"end":{"line":295,"column":5}},"147":{"start":{"line":286,"column":23},"end":{"line":286,"column":52}},"148":{"start":{"line":287,"column":35},"end":{"line":287,"column":43}},"149":{"start":{"line":288,"column":8},"end":{"line":294,"column":9}},"150":{"start":{"line":289,"column":25},"end":{"line":289,"column":33}},"151":{"start":{"line":290,"column":27},"end":{"line":290,"column":96}},"152":{"start":{"line":291,"column":12},"end":{"line":291,"column":46}},"153":{"start":{"line":293,"column":12},"end":{"line":293,"column":24}},"154":{"start":{"line":297,"column":20},"end":{"line":307,"column":5}},"155":{"start":{"line":298,"column":28},"end":{"line":298,"column":43}},"156":{"start":{"line":299,"column":23},"end":{"line":299,"column":41}},"157":{"start":{"line":300,"column":21},"end":{"line":300,"column":37}},"158":{"start":{"line":301,"column":8},"end":{"line":306,"column":9}},"159":{"start":{"line":302,"column":34},"end":{"line":302,"column":88}},"160":{"start":{"line":303,"column":12},"end":{"line":303,"column":43}},"161":{"start":{"line":305,"column":12},"end":{"line":305,"column":24}},"162":{"start":{"line":309,"column":20},"end":{"line":317,"column":5}},"163":{"start":{"line":310,"column":23},"end":{"line":310,"column":52}},"164":{"start":{"line":311,"column":8},"end":{"line":316,"column":9}},"165":{"start":{"line":312,"column":31},"end":{"line":312,"column":81}},"166":{"start":{"line":313,"column":12},"end":{"line":313,"column":40}},"167":{"start":{"line":315,"column":12},"end":{"line":315,"column":24}},"168":{"start":{"line":319,"column":24},"end":{"line":327,"column":5}},"169":{"start":{"line":320,"column":8},"end":{"line":326,"column":9}},"170":{"start":{"line":321,"column":35},"end":{"line":321,"column":43}},"171":{"start":{"line":322,"column":32},"end":{"line":322,"column":92}},"172":{"start":{"line":323,"column":12},"end":{"line":323,"column":41}},"173":{"start":{"line":325,"column":12},"end":{"line":325,"column":24}},"174":{"start":{"line":329,"column":21},"end":{"line":335,"column":5}},"175":{"start":{"line":330,"column":23},"end":{"line":330,"column":33}},"176":{"start":{"line":332,"column":28},"end":{"line":332,"column":73}},"177":{"start":{"line":334,"column":8},"end":{"line":334,"column":34}},"178":{"start":{"line":338,"column":0},"end":{"line":338,"column":36}}},"fnMap":{"0":{"name":"(anonymous_0)","decl":{"start":{"line":14,"column":23},"end":{"line":14,"column":24}},"loc":{"start":{"line":14,"column":49},"end":{"line":28,"column":5}},"line":14},"1":{"name":"(anonymous_1)","decl":{"start":{"line":31,"column":28},"end":{"line":31,"column":29}},"loc":{"start":{"line":31,"column":54},"end":{"line":45,"column":5}},"line":31},"2":{"name":"(anonymous_2)","decl":{"start":{"line":48,"column":25},"end":{"line":48,"column":26}},"loc":{"start":{"line":48,"column":51},"end":{"line":58,"column":5}},"line":48},"3":{"name":"(anonymous_3)","decl":{"start":{"line":61,"column":25},"end":{"line":61,"column":26}},"loc":{"start":{"line":61,"column":51},"end":{"line":73,"column":5}},"line":61},"4":{"name":"(anonymous_4)","decl":{"start":{"line":75,"column":26},"end":{"line":75,"column":27}},"loc":{"start":{"line":75,"column":52},"end":{"line":93,"column":5}},"line":75},"5":{"name":"(anonymous_5)","decl":{"start":{"line":95,"column":27},"end":{"line":95,"column":28}},"loc":{"start":{"line":95,"column":53},"end":{"line":109,"column":5}},"line":95},"6":{"name":"(anonymous_6)","decl":{"start":{"line":111,"column":29},"end":{"line":111,"column":30}},"loc":{"start":{"line":111,"column":55},"end":{"line":121,"column":5}},"line":111},"7":{"name":"(anonymous_7)","decl":{"start":{"line":123,"column":27},"end":{"line":123,"column":28}},"loc":{"start":{"line":123,"column":53},"end":{"line":166,"column":5}},"line":123},"8":{"name":"(anonymous_8)","decl":{"start":{"line":168,"column":20},"end":{"line":168,"column":21}},"loc":{"start":{"line":168,"column":46},"end":{"line":178,"column":5}},"line":168},"9":{"name":"(anonymous_9)","decl":{"start":{"line":180,"column":22},"end":{"line":180,"column":23}},"loc":{"start":{"line":180,"column":48},"end":{"line":190,"column":5}},"line":180},"10":{"name":"(anonymous_10)","decl":{"start":{"line":192,"column":27},"end":{"line":192,"column":28}},"loc":{"start":{"line":192,"column":53},"end":{"line":218,"column":5}},"line":192},"11":{"name":"(anonymous_11)","decl":{"start":{"line":220,"column":23},"end":{"line":220,"column":24}},"loc":{"start":{"line":220,"column":49},"end":{"line":244,"column":5}},"line":220},"12":{"name":"(anonymous_12)","decl":{"start":{"line":246,"column":28},"end":{"line":246,"column":29}},"loc":{"start":{"line":246,"column":54},"end":{"line":257,"column":5}},"line":246},"13":{"name":"(anonymous_13)","decl":{"start":{"line":259,"column":21},"end":{"line":259,"column":22}},"loc":{"start":{"line":259,"column":47},"end":{"line":283,"column":5}},"line":259},"14":{"name":"(anonymous_14)","decl":{"start":{"line":267,"column":23},"end":{"line":267,"column":24}},"loc":{"start":{"line":267,"column":39},"end":{"line":267,"column":68}},"line":267},"15":{"name":"(anonymous_15)","decl":{"start":{"line":285,"column":17},"end":{"line":285,"column":18}},"loc":{"start":{"line":285,"column":43},"end":{"line":295,"column":5}},"line":285},"16":{"name":"(anonymous_16)","decl":{"start":{"line":297,"column":20},"end":{"line":297,"column":21}},"loc":{"start":{"line":297,"column":46},"end":{"line":307,"column":5}},"line":297},"17":{"name":"(anonymous_17)","decl":{"start":{"line":309,"column":20},"end":{"line":309,"column":21}},"loc":{"start":{"line":309,"column":46},"end":{"line":317,"column":5}},"line":309},"18":{"name":"(anonymous_18)","decl":{"start":{"line":319,"column":24},"end":{"line":319,"column":25}},"loc":{"start":{"line":319,"column":50},"end":{"line":327,"column":5}},"line":319},"19":{"name":"(anonymous_19)","decl":{"start":{"line":329,"column":21},"end":{"line":329,"column":22}},"loc":{"start":{"line":329,"column":47},"end":{"line":335,"column":5}},"line":329}},"branchMap":{"0":{"loc":{"start":{"line":86,"column":12},"end":{"line":90,"column":13}},"type":"if","locations":[{"start":{"line":86,"column":12},"end":{"line":90,"column":13}},{"start":{},"end":{}}],"line":86},"1":{"loc":{"start":{"line":101,"column":12},"end":{"line":103,"column":13}},"type":"if","locations":[{"start":{"line":101,"column":12},"end":{"line":103,"column":13}},{"start":{},"end":{}}],"line":101},"2":{"loc":{"start":{"line":129,"column":8},"end":{"line":145,"column":9}},"type":"if","locations":[{"start":{"line":129,"column":8},"end":{"line":145,"column":9}},{"start":{},"end":{}}],"line":129},"3":{"loc":{"start":{"line":194,"column":8},"end":{"line":197,"column":9}},"type":"if","locations":[{"start":{"line":194,"column":8},"end":{"line":197,"column":9}},{"start":{},"end":{}}],"line":194}},"s":{"0":1,"1":1,"2":1,"3":1,"4":1,"5":1,"6":1,"7":1,"8":1,"9":1,"10":1,"11":0,"12":1,"13":1,"14":1,"15":1,"16":1,"17":0,"18":1,"19":1,"20":1,"21":1,"22":1,"23":0,"24":1,"25":0,"26":0,"27":0,"28":0,"29":0,"30":0,"31":0,"32":1,"33":0,"34":0,"35":0,"36":0,"37":0,"38":0,"39":0,"40":0,"41":0,"42":0,"43":1,"44":0,"45":0,"46":0,"47":0,"48":0,"49":0,"50":0,"51":0,"52":0,"53":1,"54":0,"55":0,"56":0,"57":0,"58":0,"59":0,"60":0,"61":1,"62":0,"63":0,"64":0,"65":0,"66":0,"67":0,"68":0,"69":0,"70":0,"71":0,"72":0,"73":0,"74":0,"75":0,"76":0,"77":0,"78":0,"79":1,"80":0,"81":0,"82":0,"83":0,"84":0,"85":0,"86":0,"87":1,"88":0,"89":0,"90":0,"91":0,"92":0,"93":0,"94":0,"95":1,"96":0,"97":0,"98":0,"99":0,"100":0,"101":0,"102":0,"103":0,"104":0,"105":0,"106":0,"107":0,"108":0,"109":0,"110":0,"111":0,"112":1,"113":0,"114":0,"115":0,"116":0,"117":0,"118":0,"119":0,"120":0,"121":0,"122":0,"123":0,"124":1,"125":0,"126":0,"127":0,"128":0,"129":0,"130":0,"131":0,"132":0,"133":1,"134":0,"135":0,"136":0,"137":0,"138":0,"139":0,"140":0,"141":0,"142":0,"143":0,"144":0,"145":0,"146":1,"147":0,"148":0,"149":0,"150":0,"151":0,"152":0,"153":0,"154":1,"155":0,"156":0,"157":0,"158":0,"159":0,"160":0,"161":0,"162":1,"163":0,"164":0,"165":0,"166":0,"167":0,"168":1,"169":0,"170":0,"171":0,"172":0,"173":0,"174":1,"175":0,"176":0,"177":0,"178":1},"f":{"0":1,"1":1,"2":1,"3":0,"4":0,"5":0,"6":0,"7":0,"8":0,"9":0,"10":0,"11":0,"12":0,"13":0,"14":0,"15":0,"16":0,"17":0,"18":0,"19":0},"b":{"0":[0,0],"1":[0,0],"2":[0,0],"3":[0,0]},"_coverageSchema":"1a1c01bbd47fc00a2c39e90264f33305004495a9","hash":"dcd2a4009d4409a9380dbb35c5aa7ed0c9e1acdb"}
,"/Users/junhyeokchoi/Desktop/modu_hospital/controllers/user.controller.js": {"path":"/Users/junhyeokchoi/Desktop/modu_hospital/controllers/user.controller.js","statementMap":{"0":{"start":{"line":1,"column":20},"end":{"line":1,"column":58}},"1":{"start":{"line":2,"column":27},"end":{"line":2,"column":69}},"2":{"start":{"line":3,"column":19},"end":{"line":3,"column":47}},"3":{"start":{"line":4,"column":12},"end":{"line":4,"column":35}},"4":{"start":{"line":5,"column":20},"end":{"line":5,"column":44}},"5":{"start":{"line":8,"column":18},"end":{"line":8,"column":35}},"6":{"start":{"line":9,"column":25},"end":{"line":9,"column":49}},"7":{"start":{"line":10,"column":17},"end":{"line":10,"column":33}},"8":{"start":{"line":11,"column":18},"end":{"line":11,"column":35}},"9":{"start":{"line":14,"column":23},"end":{"line":24,"column":5}},"10":{"start":{"line":15,"column":8},"end":{"line":23,"column":9}},"11":{"start":{"line":16,"column":28},"end":{"line":16,"column":47}},"12":{"start":{"line":17,"column":25},"end":{"line":17,"column":39}},"13":{"start":{"line":18,"column":12},"end":{"line":18,"column":69}},"14":{"start":{"line":19,"column":37},"end":{"line":19,"column":91}},"15":{"start":{"line":20,"column":12},"end":{"line":20,"column":58}},"16":{"start":{"line":22,"column":12},"end":{"line":22,"column":22}},"17":{"start":{"line":40,"column":19},"end":{"line":47,"column":5}},"18":{"start":{"line":41,"column":23},"end":{"line":41,"column":39}},"19":{"start":{"line":42,"column":24},"end":{"line":42,"column":43}},"20":{"start":{"line":43,"column":21},"end":{"line":43,"column":35}},"21":{"start":{"line":44,"column":8},"end":{"line":44,"column":86}},"22":{"start":{"line":45,"column":30},"end":{"line":45,"column":89}},"23":{"start":{"line":46,"column":8},"end":{"line":46,"column":51}},"24":{"start":{"line":50,"column":20},"end":{"line":58,"column":5}},"25":{"start":{"line":51,"column":8},"end":{"line":57,"column":9}},"26":{"start":{"line":52,"column":31},"end":{"line":52,"column":41}},"27":{"start":{"line":53,"column":35},"end":{"line":53,"column":90}},"28":{"start":{"line":54,"column":12},"end":{"line":54,"column":56}},"29":{"start":{"line":56,"column":12},"end":{"line":56,"column":22}},"30":{"start":{"line":61,"column":17},"end":{"line":70,"column":5}},"31":{"start":{"line":62,"column":8},"end":{"line":69,"column":9}},"32":{"start":{"line":63,"column":31},"end":{"line":63,"column":41}},"33":{"start":{"line":64,"column":29},"end":{"line":64,"column":37}},"34":{"start":{"line":65,"column":31},"end":{"line":65,"column":78}},"35":{"start":{"line":66,"column":12},"end":{"line":66,"column":52}},"36":{"start":{"line":68,"column":12},"end":{"line":68,"column":22}},"37":{"start":{"line":73,"column":21},"end":{"line":82,"column":5}},"38":{"start":{"line":74,"column":8},"end":{"line":81,"column":9}},"39":{"start":{"line":75,"column":27},"end":{"line":76,"column":23}},"40":{"start":{"line":77,"column":32},"end":{"line":77,"column":77}},"41":{"start":{"line":78,"column":12},"end":{"line":78,"column":53}},"42":{"start":{"line":80,"column":12},"end":{"line":80,"column":22}},"43":{"start":{"line":84,"column":22},"end":{"line":101,"column":5}},"44":{"start":{"line":85,"column":8},"end":{"line":100,"column":9}},"45":{"start":{"line":86,"column":27},"end":{"line":87,"column":23}},"46":{"start":{"line":88,"column":45},"end":{"line":90,"column":13}},"47":{"start":{"line":91,"column":34},"end":{"line":96,"column":13}},"48":{"start":{"line":97,"column":12},"end":{"line":97,"column":74}},"49":{"start":{"line":99,"column":12},"end":{"line":99,"column":22}},"50":{"start":{"line":102,"column":29},"end":{"line":112,"column":5}},"51":{"start":{"line":103,"column":8},"end":{"line":111,"column":9}},"52":{"start":{"line":104,"column":29},"end":{"line":104,"column":38}},"53":{"start":{"line":105,"column":27},"end":{"line":106,"column":23}},"54":{"start":{"line":107,"column":29},"end":{"line":107,"column":88}},"55":{"start":{"line":108,"column":12},"end":{"line":108,"column":50}},"56":{"start":{"line":110,"column":12},"end":{"line":110,"column":22}},"57":{"start":{"line":114,"column":28},"end":{"line":124,"column":5}},"58":{"start":{"line":115,"column":8},"end":{"line":123,"column":9}},"59":{"start":{"line":116,"column":29},"end":{"line":116,"column":38}},"60":{"start":{"line":117,"column":27},"end":{"line":118,"column":23}},"61":{"start":{"line":119,"column":28},"end":{"line":119,"column":86}},"62":{"start":{"line":120,"column":12},"end":{"line":120,"column":49}},"63":{"start":{"line":122,"column":12},"end":{"line":122,"column":22}},"64":{"start":{"line":126,"column":35},"end":{"line":139,"column":5}},"65":{"start":{"line":127,"column":8},"end":{"line":138,"column":9}},"66":{"start":{"line":128,"column":29},"end":{"line":128,"column":38}},"67":{"start":{"line":129,"column":27},"end":{"line":130,"column":23}},"68":{"start":{"line":131,"column":35},"end":{"line":134,"column":13}},"69":{"start":{"line":135,"column":12},"end":{"line":135,"column":56}},"70":{"start":{"line":137,"column":12},"end":{"line":137,"column":22}},"71":{"start":{"line":140,"column":29},"end":{"line":150,"column":5}},"72":{"start":{"line":141,"column":8},"end":{"line":149,"column":9}},"73":{"start":{"line":142,"column":29},"end":{"line":142,"column":38}},"74":{"start":{"line":143,"column":27},"end":{"line":144,"column":23}},"75":{"start":{"line":145,"column":29},"end":{"line":145,"column":88}},"76":{"start":{"line":146,"column":12},"end":{"line":146,"column":50}},"77":{"start":{"line":148,"column":12},"end":{"line":148,"column":22}},"78":{"start":{"line":152,"column":24},"end":{"line":171,"column":5}},"79":{"start":{"line":153,"column":8},"end":{"line":170,"column":9}},"80":{"start":{"line":154,"column":34},"end":{"line":154,"column":47}},"81":{"start":{"line":155,"column":32},"end":{"line":158,"column":13}},"82":{"start":{"line":159,"column":32},"end":{"line":159,"column":96}},"83":{"start":{"line":160,"column":12},"end":{"line":162,"column":13}},"84":{"start":{"line":161,"column":16},"end":{"line":161,"column":55}},"85":{"start":{"line":164,"column":40},"end":{"line":166,"column":13}},"86":{"start":{"line":167,"column":12},"end":{"line":167,"column":72}},"87":{"start":{"line":169,"column":12},"end":{"line":169,"column":22}},"88":{"start":{"line":173,"column":19},"end":{"line":196,"column":5}},"89":{"start":{"line":174,"column":8},"end":{"line":195,"column":9}},"90":{"start":{"line":175,"column":34},"end":{"line":175,"column":47}},"91":{"start":{"line":177,"column":32},"end":{"line":180,"column":13}},"92":{"start":{"line":181,"column":32},"end":{"line":181,"column":96}},"93":{"start":{"line":182,"column":12},"end":{"line":182,"column":65}},"94":{"start":{"line":183,"column":12},"end":{"line":185,"column":13}},"95":{"start":{"line":184,"column":16},"end":{"line":184,"column":55}},"96":{"start":{"line":186,"column":39},"end":{"line":186,"column":97}},"97":{"start":{"line":187,"column":40},"end":{"line":191,"column":13}},"98":{"start":{"line":192,"column":12},"end":{"line":192,"column":72}},"99":{"start":{"line":194,"column":12},"end":{"line":194,"column":22}},"100":{"start":{"line":198,"column":20},"end":{"line":219,"column":5}},"101":{"start":{"line":199,"column":21},"end":{"line":199,"column":30}},"102":{"start":{"line":201,"column":8},"end":{"line":218,"column":9}},"103":{"start":{"line":203,"column":16},"end":{"line":203,"column":78}},"104":{"start":{"line":204,"column":25},"end":{"line":211,"column":13}},"105":{"start":{"line":212,"column":12},"end":{"line":212,"column":34}},"106":{"start":{"line":214,"column":12},"end":{"line":216,"column":13}},"107":{"start":{"line":215,"column":16},"end":{"line":215,"column":81}},"108":{"start":{"line":217,"column":12},"end":{"line":217,"column":59}},"109":{"start":{"line":221,"column":21},"end":{"line":242,"column":5}},"110":{"start":{"line":222,"column":21},"end":{"line":222,"column":31}},"111":{"start":{"line":223,"column":8},"end":{"line":241,"column":9}},"112":{"start":{"line":225,"column":16},"end":{"line":225,"column":78}},"113":{"start":{"line":227,"column":25},"end":{"line":234,"column":13}},"114":{"start":{"line":235,"column":12},"end":{"line":235,"column":34}},"115":{"start":{"line":237,"column":12},"end":{"line":239,"column":13}},"116":{"start":{"line":238,"column":16},"end":{"line":238,"column":81}},"117":{"start":{"line":240,"column":12},"end":{"line":240,"column":59}},"118":{"start":{"line":244,"column":12},"end":{"line":273,"column":5}},"119":{"start":{"line":245,"column":8},"end":{"line":272,"column":9}},"120":{"start":{"line":246,"column":42},"end":{"line":246,"column":50}},"121":{"start":{"line":247,"column":25},"end":{"line":247,"column":72}},"122":{"start":{"line":250,"column":32},"end":{"line":252,"column":14}},"123":{"start":{"line":254,"column":33},"end":{"line":256,"column":14}},"124":{"start":{"line":258,"column":12},"end":{"line":261,"column":15}},"125":{"start":{"line":262,"column":12},"end":{"line":265,"column":15}},"126":{"start":{"line":267,"column":25},"end":{"line":267,"column":84}},"127":{"start":{"line":269,"column":12},"end":{"line":269,"column":77}},"128":{"start":{"line":271,"column":12},"end":{"line":271,"column":22}},"129":{"start":{"line":275,"column":13},"end":{"line":282,"column":5}},"130":{"start":{"line":276,"column":8},"end":{"line":281,"column":9}},"131":{"start":{"line":277,"column":12},"end":{"line":277,"column":42}},"132":{"start":{"line":278,"column":12},"end":{"line":278,"column":61}},"133":{"start":{"line":280,"column":12},"end":{"line":280,"column":40}},"134":{"start":{"line":294,"column":32},"end":{"line":302,"column":5}},"135":{"start":{"line":295,"column":8},"end":{"line":301,"column":9}},"136":{"start":{"line":296,"column":30},"end":{"line":296,"column":39}},"137":{"start":{"line":297,"column":30},"end":{"line":297,"column":85}},"138":{"start":{"line":298,"column":12},"end":{"line":298,"column":70}},"139":{"start":{"line":300,"column":12},"end":{"line":300,"column":22}},"140":{"start":{"line":303,"column":20},"end":{"line":317,"column":5}},"141":{"start":{"line":304,"column":8},"end":{"line":316,"column":9}},"142":{"start":{"line":306,"column":16},"end":{"line":306,"column":79}},"143":{"start":{"line":307,"column":34},"end":{"line":312,"column":13}},"144":{"start":{"line":313,"column":12},"end":{"line":313,"column":75}},"145":{"start":{"line":315,"column":12},"end":{"line":315,"column":22}},"146":{"start":{"line":318,"column":20},"end":{"line":326,"column":5}},"147":{"start":{"line":319,"column":8},"end":{"line":325,"column":9}},"148":{"start":{"line":320,"column":30},"end":{"line":320,"column":40}},"149":{"start":{"line":321,"column":32},"end":{"line":321,"column":75}},"150":{"start":{"line":322,"column":12},"end":{"line":322,"column":57}},"151":{"start":{"line":324,"column":12},"end":{"line":324,"column":22}},"152":{"start":{"line":327,"column":23},"end":{"line":338,"column":5}},"153":{"start":{"line":328,"column":8},"end":{"line":337,"column":9}},"154":{"start":{"line":329,"column":27},"end":{"line":329,"column":103}},"155":{"start":{"line":330,"column":42},"end":{"line":332,"column":13}},"156":{"start":{"line":333,"column":12},"end":{"line":333,"column":75}},"157":{"start":{"line":334,"column":12},"end":{"line":334,"column":73}},"158":{"start":{"line":336,"column":12},"end":{"line":336,"column":22}},"159":{"start":{"line":340,"column":22},"end":{"line":375,"column":5}},"160":{"start":{"line":341,"column":8},"end":{"line":374,"column":9}},"161":{"start":{"line":342,"column":33},"end":{"line":342,"column":43}},"162":{"start":{"line":343,"column":31},"end":{"line":343,"column":46}},"163":{"start":{"line":354,"column":16},"end":{"line":354,"column":24}},"164":{"start":{"line":356,"column":40},"end":{"line":369,"column":13}},"165":{"start":{"line":371,"column":12},"end":{"line":371,"column":83}},"166":{"start":{"line":373,"column":12},"end":{"line":373,"column":22}},"167":{"start":{"line":378,"column":0},"end":{"line":378,"column":32}}},"fnMap":{"0":{"name":"(anonymous_0)","decl":{"start":{"line":14,"column":23},"end":{"line":14,"column":24}},"loc":{"start":{"line":14,"column":49},"end":{"line":24,"column":5}},"line":14},"1":{"name":"(anonymous_1)","decl":{"start":{"line":40,"column":19},"end":{"line":40,"column":20}},"loc":{"start":{"line":40,"column":39},"end":{"line":47,"column":5}},"line":40},"2":{"name":"(anonymous_2)","decl":{"start":{"line":50,"column":20},"end":{"line":50,"column":21}},"loc":{"start":{"line":50,"column":46},"end":{"line":58,"column":5}},"line":50},"3":{"name":"(anonymous_3)","decl":{"start":{"line":61,"column":17},"end":{"line":61,"column":18}},"loc":{"start":{"line":61,"column":43},"end":{"line":70,"column":5}},"line":61},"4":{"name":"(anonymous_4)","decl":{"start":{"line":73,"column":21},"end":{"line":73,"column":22}},"loc":{"start":{"line":73,"column":47},"end":{"line":82,"column":5}},"line":73},"5":{"name":"(anonymous_5)","decl":{"start":{"line":84,"column":22},"end":{"line":84,"column":23}},"loc":{"start":{"line":84,"column":48},"end":{"line":101,"column":5}},"line":84},"6":{"name":"(anonymous_6)","decl":{"start":{"line":102,"column":29},"end":{"line":102,"column":30}},"loc":{"start":{"line":102,"column":55},"end":{"line":112,"column":5}},"line":102},"7":{"name":"(anonymous_7)","decl":{"start":{"line":114,"column":28},"end":{"line":114,"column":29}},"loc":{"start":{"line":114,"column":54},"end":{"line":124,"column":5}},"line":114},"8":{"name":"(anonymous_8)","decl":{"start":{"line":126,"column":35},"end":{"line":126,"column":36}},"loc":{"start":{"line":126,"column":61},"end":{"line":139,"column":5}},"line":126},"9":{"name":"(anonymous_9)","decl":{"start":{"line":140,"column":29},"end":{"line":140,"column":30}},"loc":{"start":{"line":140,"column":55},"end":{"line":150,"column":5}},"line":140},"10":{"name":"(anonymous_10)","decl":{"start":{"line":152,"column":24},"end":{"line":152,"column":25}},"loc":{"start":{"line":152,"column":50},"end":{"line":171,"column":5}},"line":152},"11":{"name":"(anonymous_11)","decl":{"start":{"line":173,"column":19},"end":{"line":173,"column":20}},"loc":{"start":{"line":173,"column":45},"end":{"line":196,"column":5}},"line":173},"12":{"name":"(anonymous_12)","decl":{"start":{"line":198,"column":20},"end":{"line":198,"column":21}},"loc":{"start":{"line":198,"column":40},"end":{"line":219,"column":5}},"line":198},"13":{"name":"(anonymous_13)","decl":{"start":{"line":221,"column":21},"end":{"line":221,"column":22}},"loc":{"start":{"line":221,"column":41},"end":{"line":242,"column":5}},"line":221},"14":{"name":"(anonymous_14)","decl":{"start":{"line":244,"column":12},"end":{"line":244,"column":13}},"loc":{"start":{"line":244,"column":38},"end":{"line":273,"column":5}},"line":244},"15":{"name":"(anonymous_15)","decl":{"start":{"line":275,"column":13},"end":{"line":275,"column":14}},"loc":{"start":{"line":275,"column":33},"end":{"line":282,"column":5}},"line":275},"16":{"name":"(anonymous_16)","decl":{"start":{"line":294,"column":32},"end":{"line":294,"column":33}},"loc":{"start":{"line":294,"column":58},"end":{"line":302,"column":5}},"line":294},"17":{"name":"(anonymous_17)","decl":{"start":{"line":303,"column":20},"end":{"line":303,"column":21}},"loc":{"start":{"line":303,"column":46},"end":{"line":317,"column":5}},"line":303},"18":{"name":"(anonymous_18)","decl":{"start":{"line":318,"column":20},"end":{"line":318,"column":21}},"loc":{"start":{"line":318,"column":46},"end":{"line":326,"column":5}},"line":318},"19":{"name":"(anonymous_19)","decl":{"start":{"line":327,"column":23},"end":{"line":327,"column":24}},"loc":{"start":{"line":327,"column":49},"end":{"line":338,"column":5}},"line":327},"20":{"name":"(anonymous_20)","decl":{"start":{"line":340,"column":22},"end":{"line":340,"column":23}},"loc":{"start":{"line":340,"column":48},"end":{"line":375,"column":5}},"line":340}},"branchMap":{"0":{"loc":{"start":{"line":16,"column":28},"end":{"line":16,"column":47}},"type":"binary-expr","locations":[{"start":{"line":16,"column":28},"end":{"line":16,"column":42}},{"start":{"line":16,"column":46},"end":{"line":16,"column":47}}],"line":16},"1":{"loc":{"start":{"line":42,"column":24},"end":{"line":42,"column":43}},"type":"binary-expr","locations":[{"start":{"line":42,"column":24},"end":{"line":42,"column":38}},{"start":{"line":42,"column":42},"end":{"line":42,"column":43}}],"line":42},"2":{"loc":{"start":{"line":160,"column":12},"end":{"line":162,"column":13}},"type":"if","locations":[{"start":{"line":160,"column":12},"end":{"line":162,"column":13}},{"start":{},"end":{}}],"line":160},"3":{"loc":{"start":{"line":183,"column":12},"end":{"line":185,"column":13}},"type":"if","locations":[{"start":{"line":183,"column":12},"end":{"line":185,"column":13}},{"start":{},"end":{}}],"line":183},"4":{"loc":{"start":{"line":214,"column":12},"end":{"line":216,"column":13}},"type":"if","locations":[{"start":{"line":214,"column":12},"end":{"line":216,"column":13}},{"start":{},"end":{}}],"line":214},"5":{"loc":{"start":{"line":237,"column":12},"end":{"line":239,"column":13}},"type":"if","locations":[{"start":{"line":237,"column":12},"end":{"line":239,"column":13}},{"start":{},"end":{}}],"line":237}},"s":{"0":1,"1":1,"2":1,"3":1,"4":1,"5":1,"6":1,"7":1,"8":1,"9":1,"10":0,"11":0,"12":0,"13":0,"14":0,"15":0,"16":0,"17":1,"18":0,"19":0,"20":0,"21":0,"22":0,"23":0,"24":1,"25":0,"26":0,"27":0,"28":0,"29":0,"30":1,"31":0,"32":0,"33":0,"34":0,"35":0,"36":0,"37":1,"38":3,"39":3,"40":3,"41":2,"42":1,"43":1,"44":3,"45":3,"46":3,"47":3,"48":2,"49":1,"50":1,"51":3,"52":3,"53":3,"54":3,"55":2,"56":1,"57":1,"58":3,"59":3,"60":3,"61":3,"62":2,"63":1,"64":1,"65":3,"66":3,"67":3,"68":3,"69":2,"70":1,"71":1,"72":3,"73":3,"74":3,"75":3,"76":2,"77":1,"78":1,"79":6,"80":6,"81":6,"82":6,"83":6,"84":1,"85":3,"86":2,"87":4,"88":1,"89":0,"90":0,"91":0,"92":0,"93":0,"94":0,"95":0,"96":0,"97":0,"98":0,"99":0,"100":1,"101":0,"102":0,"103":0,"104":0,"105":0,"106":0,"107":0,"108":0,"109":1,"110":0,"111":0,"112":0,"113":0,"114":0,"115":0,"116":0,"117":0,"118":1,"119":0,"120":0,"121":0,"122":0,"123":0,"124":0,"125":0,"126":0,"127":0,"128":0,"129":1,"130":0,"131":0,"132":0,"133":0,"134":1,"135":3,"136":3,"137":3,"138":2,"139":1,"140":1,"141":3,"142":3,"143":3,"144":2,"145":1,"146":1,"147":3,"148":3,"149":3,"150":2,"151":1,"152":1,"153":3,"154":3,"155":3,"156":3,"157":2,"158":1,"159":1,"160":0,"161":0,"162":0,"163":0,"164":0,"165":0,"166":0,"167":1},"f":{"0":0,"1":0,"2":0,"3":0,"4":3,"5":3,"6":3,"7":3,"8":3,"9":3,"10":6,"11":0,"12":0,"13":0,"14":0,"15":0,"16":3,"17":3,"18":3,"19":3,"20":0},"b":{"0":[0,0],"1":[0,0],"2":[1,3],"3":[0,0],"4":[0,0],"5":[0,0]},"_coverageSchema":"1a1c01bbd47fc00a2c39e90264f33305004495a9","hash":"f5afe001dd71723fc8296f5731048e5221885ae9"}
,"/Users/junhyeokchoi/Desktop/modu_hospital/lib/encrypt.js": {"path":"/Users/junhyeokchoi/Desktop/modu_hospital/lib/encrypt.js","statementMap":{"0":{"start":{"line":1,"column":15},"end":{"line":1,"column":35}},"1":{"start":{"line":4,"column":4},"end":{"line":4,"column":52}},"2":{"start":{"line":8,"column":4},"end":{"line":8,"column":67}},"3":{"start":{"line":11,"column":0},"end":{"line":11,"column":38}}},"fnMap":{"0":{"name":"encrypt","decl":{"start":{"line":3,"column":9},"end":{"line":3,"column":16}},"loc":{"start":{"line":3,"column":28},"end":{"line":5,"column":1}},"line":3},"1":{"name":"decrypt","decl":{"start":{"line":7,"column":9},"end":{"line":7,"column":16}},"loc":{"start":{"line":7,"column":28},"end":{"line":9,"column":1}},"line":7}},"branchMap":{},"s":{"0":2,"1":0,"2":0,"3":2},"f":{"0":0,"1":0},"b":{},"_coverageSchema":"1a1c01bbd47fc00a2c39e90264f33305004495a9","hash":"6582351968fea714632bb9b3bea328c095ad1b99"}
,"/Users/junhyeokchoi/Desktop/modu_hospital/lib/errors.js": {"path":"/Users/junhyeokchoi/Desktop/modu_hospital/lib/errors.js","statementMap":{"0":{"start":{"line":2,"column":29},"end":{"line":7,"column":5}},"1":{"start":{"line":3,"column":29},"end":{"line":3,"column":60}},"2":{"start":{"line":4,"column":8},"end":{"line":4,"column":53}},"3":{"start":{"line":6,"column":8},"end":{"line":6,"column":28}},"4":{"start":{"line":8,"column":33},"end":{"line":13,"column":5}},"5":{"start":{"line":9,"column":29},"end":{"line":9,"column":52}},"6":{"start":{"line":10,"column":8},"end":{"line":10,"column":57}},"7":{"start":{"line":11,"column":8},"end":{"line":11,"column":34}},"8":{"start":{"line":12,"column":8},"end":{"line":12,"column":28}},"9":{"start":{"line":14,"column":27},"end":{"line":19,"column":5}},"10":{"start":{"line":15,"column":29},"end":{"line":15,"column":52}},"11":{"start":{"line":16,"column":8},"end":{"line":16,"column":51}},"12":{"start":{"line":17,"column":8},"end":{"line":17,"column":34}},"13":{"start":{"line":18,"column":8},"end":{"line":18,"column":28}},"14":{"start":{"line":20,"column":33},"end":{"line":25,"column":5}},"15":{"start":{"line":21,"column":29},"end":{"line":21,"column":56}},"16":{"start":{"line":22,"column":8},"end":{"line":22,"column":57}},"17":{"start":{"line":23,"column":8},"end":{"line":23,"column":34}},"18":{"start":{"line":24,"column":8},"end":{"line":24,"column":28}},"19":{"start":{"line":26,"column":26},"end":{"line":31,"column":5}},"20":{"start":{"line":27,"column":29},"end":{"line":27,"column":55}},"21":{"start":{"line":28,"column":8},"end":{"line":28,"column":50}},"22":{"start":{"line":29,"column":8},"end":{"line":29,"column":34}},"23":{"start":{"line":30,"column":8},"end":{"line":30,"column":28}},"24":{"start":{"line":32,"column":15},"end":{"line":37,"column":5}},"25":{"start":{"line":33,"column":29},"end":{"line":33,"column":48}},"26":{"start":{"line":34,"column":8},"end":{"line":34,"column":39}},"27":{"start":{"line":35,"column":8},"end":{"line":35,"column":34}},"28":{"start":{"line":36,"column":8},"end":{"line":36,"column":28}},"29":{"start":{"line":38,"column":20},"end":{"line":43,"column":5}},"30":{"start":{"line":39,"column":29},"end":{"line":39,"column":46}},"31":{"start":{"line":40,"column":8},"end":{"line":40,"column":44}},"32":{"start":{"line":41,"column":8},"end":{"line":41,"column":34}},"33":{"start":{"line":42,"column":8},"end":{"line":42,"column":28}},"34":{"start":{"line":44,"column":25},"end":{"line":49,"column":5}},"35":{"start":{"line":45,"column":29},"end":{"line":45,"column":63}},"36":{"start":{"line":46,"column":8},"end":{"line":46,"column":49}},"37":{"start":{"line":47,"column":8},"end":{"line":47,"column":34}},"38":{"start":{"line":48,"column":8},"end":{"line":48,"column":28}},"39":{"start":{"line":50,"column":25},"end":{"line":55,"column":5}},"40":{"start":{"line":51,"column":29},"end":{"line":51,"column":60}},"41":{"start":{"line":52,"column":8},"end":{"line":52,"column":49}},"42":{"start":{"line":53,"column":8},"end":{"line":53,"column":34}},"43":{"start":{"line":54,"column":8},"end":{"line":54,"column":28}},"44":{"start":{"line":56,"column":17},"end":{"line":61,"column":5}},"45":{"start":{"line":57,"column":29},"end":{"line":57,"column":50}},"46":{"start":{"line":58,"column":8},"end":{"line":58,"column":41}},"47":{"start":{"line":59,"column":8},"end":{"line":59,"column":34}},"48":{"start":{"line":60,"column":8},"end":{"line":60,"column":28}},"49":{"start":{"line":63,"column":27},"end":{"line":68,"column":5}},"50":{"start":{"line":64,"column":29},"end":{"line":64,"column":59}},"51":{"start":{"line":65,"column":8},"end":{"line":65,"column":51}},"52":{"start":{"line":66,"column":8},"end":{"line":66,"column":34}},"53":{"start":{"line":67,"column":8},"end":{"line":67,"column":28}},"54":{"start":{"line":70,"column":23},"end":{"line":75,"column":5}},"55":{"start":{"line":71,"column":29},"end":{"line":71,"column":52}},"56":{"start":{"line":72,"column":8},"end":{"line":72,"column":47}},"57":{"start":{"line":73,"column":8},"end":{"line":73,"column":34}},"58":{"start":{"line":74,"column":8},"end":{"line":74,"column":28}},"59":{"start":{"line":77,"column":19},"end":{"line":82,"column":5}},"60":{"start":{"line":78,"column":29},"end":{"line":78,"column":52}},"61":{"start":{"line":79,"column":8},"end":{"line":79,"column":43}},"62":{"start":{"line":80,"column":8},"end":{"line":80,"column":34}},"63":{"start":{"line":81,"column":8},"end":{"line":81,"column":28}},"64":{"start":{"line":84,"column":21},"end":{"line":89,"column":5}},"65":{"start":{"line":85,"column":29},"end":{"line":85,"column":48}},"66":{"start":{"line":86,"column":8},"end":{"line":86,"column":45}},"67":{"start":{"line":87,"column":8},"end":{"line":87,"column":34}},"68":{"start":{"line":88,"column":8},"end":{"line":88,"column":28}},"69":{"start":{"line":91,"column":23},"end":{"line":96,"column":5}},"70":{"start":{"line":92,"column":29},"end":{"line":92,"column":55}},"71":{"start":{"line":93,"column":8},"end":{"line":93,"column":47}},"72":{"start":{"line":94,"column":8},"end":{"line":94,"column":34}},"73":{"start":{"line":95,"column":8},"end":{"line":95,"column":28}},"74":{"start":{"line":98,"column":21},"end":{"line":103,"column":5}},"75":{"start":{"line":99,"column":29},"end":{"line":99,"column":49}},"76":{"start":{"line":100,"column":8},"end":{"line":100,"column":45}},"77":{"start":{"line":101,"column":8},"end":{"line":101,"column":34}},"78":{"start":{"line":102,"column":8},"end":{"line":102,"column":28}},"79":{"start":{"line":105,"column":19},"end":{"line":110,"column":5}},"80":{"start":{"line":106,"column":29},"end":{"line":106,"column":52}},"81":{"start":{"line":107,"column":8},"end":{"line":107,"column":43}},"82":{"start":{"line":108,"column":8},"end":{"line":108,"column":34}},"83":{"start":{"line":109,"column":8},"end":{"line":109,"column":28}},"84":{"start":{"line":112,"column":21},"end":{"line":117,"column":5}},"85":{"start":{"line":113,"column":29},"end":{"line":113,"column":55}},"86":{"start":{"line":114,"column":8},"end":{"line":114,"column":45}},"87":{"start":{"line":115,"column":8},"end":{"line":115,"column":34}},"88":{"start":{"line":116,"column":8},"end":{"line":116,"column":28}},"89":{"start":{"line":119,"column":24},"end":{"line":124,"column":5}},"90":{"start":{"line":120,"column":29},"end":{"line":120,"column":54}},"91":{"start":{"line":121,"column":8},"end":{"line":121,"column":48}},"92":{"start":{"line":122,"column":8},"end":{"line":122,"column":34}},"93":{"start":{"line":123,"column":8},"end":{"line":123,"column":28}},"94":{"start":{"line":126,"column":28},"end":{"line":131,"column":5}},"95":{"start":{"line":127,"column":29},"end":{"line":127,"column":54}},"96":{"start":{"line":128,"column":8},"end":{"line":128,"column":52}},"97":{"start":{"line":129,"column":8},"end":{"line":129,"column":34}},"98":{"start":{"line":130,"column":8},"end":{"line":130,"column":28}},"99":{"start":{"line":133,"column":0},"end":{"line":133,"column":29}}},"fnMap":{"0":{"name":"(anonymous_0)","decl":{"start":{"line":2,"column":29},"end":{"line":2,"column":30}},"loc":{"start":{"line":2,"column":35},"end":{"line":7,"column":5}},"line":2},"1":{"name":"(anonymous_1)","decl":{"start":{"line":8,"column":33},"end":{"line":8,"column":34}},"loc":{"start":{"line":8,"column":39},"end":{"line":13,"column":5}},"line":8},"2":{"name":"(anonymous_2)","decl":{"start":{"line":14,"column":27},"end":{"line":14,"column":28}},"loc":{"start":{"line":14,"column":33},"end":{"line":19,"column":5}},"line":14},"3":{"name":"(anonymous_3)","decl":{"start":{"line":20,"column":33},"end":{"line":20,"column":34}},"loc":{"start":{"line":20,"column":39},"end":{"line":25,"column":5}},"line":20},"4":{"name":"(anonymous_4)","decl":{"start":{"line":26,"column":26},"end":{"line":26,"column":27}},"loc":{"start":{"line":26,"column":32},"end":{"line":31,"column":5}},"line":26},"5":{"name":"(anonymous_5)","decl":{"start":{"line":32,"column":15},"end":{"line":32,"column":16}},"loc":{"start":{"line":32,"column":21},"end":{"line":37,"column":5}},"line":32},"6":{"name":"(anonymous_6)","decl":{"start":{"line":38,"column":20},"end":{"line":38,"column":21}},"loc":{"start":{"line":38,"column":26},"end":{"line":43,"column":5}},"line":38},"7":{"name":"(anonymous_7)","decl":{"start":{"line":44,"column":25},"end":{"line":44,"column":26}},"loc":{"start":{"line":44,"column":31},"end":{"line":49,"column":5}},"line":44},"8":{"name":"(anonymous_8)","decl":{"start":{"line":50,"column":25},"end":{"line":50,"column":26}},"loc":{"start":{"line":50,"column":31},"end":{"line":55,"column":5}},"line":50},"9":{"name":"(anonymous_9)","decl":{"start":{"line":56,"column":17},"end":{"line":56,"column":18}},"loc":{"start":{"line":56,"column":23},"end":{"line":61,"column":5}},"line":56},"10":{"name":"(anonymous_10)","decl":{"start":{"line":63,"column":27},"end":{"line":63,"column":28}},"loc":{"start":{"line":63,"column":33},"end":{"line":68,"column":5}},"line":63},"11":{"name":"(anonymous_11)","decl":{"start":{"line":70,"column":23},"end":{"line":70,"column":24}},"loc":{"start":{"line":70,"column":29},"end":{"line":75,"column":5}},"line":70},"12":{"name":"(anonymous_12)","decl":{"start":{"line":77,"column":19},"end":{"line":77,"column":20}},"loc":{"start":{"line":77,"column":25},"end":{"line":82,"column":5}},"line":77},"13":{"name":"(anonymous_13)","decl":{"start":{"line":84,"column":21},"end":{"line":84,"column":22}},"loc":{"start":{"line":84,"column":27},"end":{"line":89,"column":5}},"line":84},"14":{"name":"(anonymous_14)","decl":{"start":{"line":91,"column":23},"end":{"line":91,"column":24}},"loc":{"start":{"line":91,"column":29},"end":{"line":96,"column":5}},"line":91},"15":{"name":"(anonymous_15)","decl":{"start":{"line":98,"column":21},"end":{"line":98,"column":22}},"loc":{"start":{"line":98,"column":27},"end":{"line":103,"column":5}},"line":98},"16":{"name":"(anonymous_16)","decl":{"start":{"line":105,"column":19},"end":{"line":105,"column":20}},"loc":{"start":{"line":105,"column":25},"end":{"line":110,"column":5}},"line":105},"17":{"name":"(anonymous_17)","decl":{"start":{"line":112,"column":21},"end":{"line":112,"column":22}},"loc":{"start":{"line":112,"column":27},"end":{"line":117,"column":5}},"line":112},"18":{"name":"(anonymous_18)","decl":{"start":{"line":119,"column":24},"end":{"line":119,"column":25}},"loc":{"start":{"line":119,"column":30},"end":{"line":124,"column":5}},"line":119},"19":{"name":"(anonymous_19)","decl":{"start":{"line":126,"column":28},"end":{"line":126,"column":29}},"loc":{"start":{"line":126,"column":34},"end":{"line":131,"column":5}},"line":126}},"branchMap":{},"s":{"0":10,"1":2,"2":2,"3":2,"4":10,"5":2,"6":2,"7":2,"8":2,"9":10,"10":2,"11":2,"12":2,"13":2,"14":10,"15":2,"16":2,"17":2,"18":2,"19":10,"20":0,"21":0,"22":0,"23":0,"24":10,"25":0,"26":0,"27":0,"28":0,"29":10,"30":2,"31":2,"32":2,"33":2,"34":10,"35":0,"36":0,"37":0,"38":0,"39":10,"40":0,"41":0,"42":0,"43":0,"44":10,"45":0,"46":0,"47":0,"48":0,"49":10,"50":0,"51":0,"52":0,"53":0,"54":10,"55":0,"56":0,"57":0,"58":0,"59":10,"60":0,"61":0,"62":0,"63":0,"64":10,"65":0,"66":0,"67":0,"68":0,"69":10,"70":0,"71":0,"72":0,"73":0,"74":10,"75":0,"76":0,"77":0,"78":0,"79":10,"80":0,"81":0,"82":0,"83":0,"84":10,"85":0,"86":0,"87":0,"88":0,"89":10,"90":0,"91":0,"92":0,"93":0,"94":10,"95":0,"96":0,"97":0,"98":0,"99":5},"f":{"0":2,"1":2,"2":2,"3":2,"4":0,"5":0,"6":2,"7":0,"8":0,"9":0,"10":0,"11":0,"12":0,"13":0,"14":0,"15":0,"16":0,"17":0,"18":0,"19":0},"b":{},"_coverageSchema":"1a1c01bbd47fc00a2c39e90264f33305004495a9","hash":"af7dd729f495ea1d4e8c09c862c1fa3033768a11"}
,"/Users/junhyeokchoi/Desktop/modu_hospital/lib/nodemailer.js": {"path":"/Users/junhyeokchoi/Desktop/modu_hospital/lib/nodemailer.js","statementMap":{"0":{"start":{"line":1,"column":19},"end":{"line":1,"column":40}},"1":{"start":{"line":2,"column":0},"end":{"line":2,"column":27}},"2":{"start":{"line":3,"column":12},"end":{"line":3,"column":23}},"3":{"start":{"line":5,"column":0},"end":{"line":14,"column":3}}},"fnMap":{},"branchMap":{},"s":{"0":2,"1":2,"2":2,"3":2},"f":{},"b":{},"_coverageSchema":"1a1c01bbd47fc00a2c39e90264f33305004495a9","hash":"2a27f7a4609c414b7cc38f0e18e4b758631be857"}
,"/Users/junhyeokchoi/Desktop/modu_hospital/lib/validation.js": {"path":"/Users/junhyeokchoi/Desktop/modu_hospital/lib/validation.js","statementMap":{"0":{"start":{"line":1,"column":19},"end":{"line":1,"column":33}},"1":{"start":{"line":2,"column":12},"end":{"line":2,"column":26}},"2":{"start":{"line":5,"column":23},"end":{"line":14,"column":6}},"3":{"start":{"line":16,"column":40},"end":{"line":18,"column":6}},"4":{"start":{"line":20,"column":30},"end":{"line":20,"column":53}},"5":{"start":{"line":22,"column":38},"end":{"line":22,"column":61}},"6":{"start":{"line":24,"column":37},"end":{"line":35,"column":6}},"7":{"start":{"line":37,"column":43},"end":{"line":47,"column":6}},"8":{"start":{"line":49,"column":18},"end":{"line":53,"column":6}},"9":{"start":{"line":55,"column":24},"end":{"line":60,"column":6}},"10":{"start":{"line":62,"column":19},"end":{"line":65,"column":6}},"11":{"start":{"line":67,"column":23},"end":{"line":70,"column":6}},"12":{"start":{"line":73,"column":0},"end":{"line":73,"column":28}}},"fnMap":{},"branchMap":{},"s":{"0":2,"1":2,"2":2,"3":2,"4":2,"5":2,"6":2,"7":2,"8":2,"9":2,"10":2,"11":2,"12":2},"f":{},"b":{},"_coverageSchema":"1a1c01bbd47fc00a2c39e90264f33305004495a9","hash":"44b05af58ac52eb8bcd3217accae433f2d3319ad"}
,"/Users/junhyeokchoi/Desktop/modu_hospital/models/category.js": {"path":"/Users/junhyeokchoi/Desktop/modu_hospital/models/category.js","statementMap":{"0":{"start":{"line":2,"column":18},"end":{"line":2,"column":38}},"1":{"start":{"line":3,"column":0},"end":{"line":29,"column":2}},"2":{"start":{"line":12,"column":12},"end":{"line":15,"column":15}},"3":{"start":{"line":18,"column":4},"end":{"line":27,"column":6}},"4":{"start":{"line":28,"column":4},"end":{"line":28,"column":20}}},"fnMap":{"0":{"name":"(anonymous_0)","decl":{"start":{"line":3,"column":17},"end":{"line":3,"column":18}},"loc":{"start":{"line":3,"column":43},"end":{"line":29,"column":1}},"line":3},"1":{"name":"(anonymous_1)","decl":{"start":{"line":10,"column":8},"end":{"line":10,"column":9}},"loc":{"start":{"line":10,"column":52},"end":{"line":16,"column":9}},"line":10}},"branchMap":{},"s":{"0":7,"1":7,"2":7,"3":7,"4":7},"f":{"0":7,"1":7},"b":{},"_coverageSchema":"1a1c01bbd47fc00a2c39e90264f33305004495a9","hash":"edc2d4f3e91a5f93273b5ab93cf16962710314b7"}
,"/Users/junhyeokchoi/Desktop/modu_hospital/models/doctor.js": {"path":"/Users/junhyeokchoi/Desktop/modu_hospital/models/doctor.js","statementMap":{"0":{"start":{"line":2,"column":18},"end":{"line":2,"column":38}},"1":{"start":{"line":3,"column":0},"end":{"line":44,"column":2}},"2":{"start":{"line":12,"column":12},"end":{"line":15,"column":15}},"3":{"start":{"line":16,"column":12},"end":{"line":16,"column":84}},"4":{"start":{"line":17,"column":12},"end":{"line":17,"column":86}},"5":{"start":{"line":18,"column":12},"end":{"line":18,"column":86}},"6":{"start":{"line":22,"column":4},"end":{"line":42,"column":6}},"7":{"start":{"line":43,"column":4},"end":{"line":43,"column":18}}},"fnMap":{"0":{"name":"(anonymous_0)","decl":{"start":{"line":3,"column":17},"end":{"line":3,"column":18}},"loc":{"start":{"line":3,"column":43},"end":{"line":44,"column":1}},"line":3},"1":{"name":"(anonymous_1)","decl":{"start":{"line":10,"column":8},"end":{"line":10,"column":9}},"loc":{"start":{"line":10,"column":88},"end":{"line":19,"column":9}},"line":10}},"branchMap":{},"s":{"0":7,"1":7,"2":7,"3":7,"4":7,"5":7,"6":7,"7":7},"f":{"0":7,"1":7},"b":{},"_coverageSchema":"1a1c01bbd47fc00a2c39e90264f33305004495a9","hash":"6ac672786b44a3088f7495ac70632503655fd000"}
,"/Users/junhyeokchoi/Desktop/modu_hospital/models/doctor_category_mapping.js": {"path":"/Users/junhyeokchoi/Desktop/modu_hospital/models/doctor_category_mapping.js","statementMap":{"0":{"start":{"line":2,"column":18},"end":{"line":2,"column":38}},"1":{"start":{"line":3,"column":0},"end":{"line":28,"column":2}},"2":{"start":{"line":12,"column":12},"end":{"line":12,"column":85}},"3":{"start":{"line":13,"column":12},"end":{"line":13,"column":78}},"4":{"start":{"line":16,"column":4},"end":{"line":26,"column":6}},"5":{"start":{"line":27,"column":4},"end":{"line":27,"column":33}}},"fnMap":{"0":{"name":"(anonymous_0)","decl":{"start":{"line":3,"column":17},"end":{"line":3,"column":18}},"loc":{"start":{"line":3,"column":43},"end":{"line":28,"column":1}},"line":3},"1":{"name":"(anonymous_1)","decl":{"start":{"line":10,"column":8},"end":{"line":10,"column":9}},"loc":{"start":{"line":10,"column":47},"end":{"line":14,"column":9}},"line":10}},"branchMap":{},"s":{"0":7,"1":7,"2":7,"3":7,"4":7,"5":7},"f":{"0":7,"1":7},"b":{},"_coverageSchema":"1a1c01bbd47fc00a2c39e90264f33305004495a9","hash":"bc9218444217120c5469c993fe5bcc18536c6b76"}
,"/Users/junhyeokchoi/Desktop/modu_hospital/models/hospital.js": {"path":"/Users/junhyeokchoi/Desktop/modu_hospital/models/hospital.js","statementMap":{"0":{"start":{"line":2,"column":18},"end":{"line":2,"column":38}},"1":{"start":{"line":3,"column":0},"end":{"line":56,"column":2}},"2":{"start":{"line":12,"column":12},"end":{"line":12,"column":78}},"3":{"start":{"line":13,"column":12},"end":{"line":13,"column":72}},"4":{"start":{"line":14,"column":12},"end":{"line":14,"column":80}},"5":{"start":{"line":15,"column":12},"end":{"line":18,"column":15}},"6":{"start":{"line":21,"column":4},"end":{"line":54,"column":6}},"7":{"start":{"line":55,"column":4},"end":{"line":55,"column":20}}},"fnMap":{"0":{"name":"(anonymous_0)","decl":{"start":{"line":3,"column":17},"end":{"line":3,"column":18}},"loc":{"start":{"line":3,"column":43},"end":{"line":56,"column":1}},"line":3},"1":{"name":"(anonymous_1)","decl":{"start":{"line":10,"column":8},"end":{"line":10,"column":9}},"loc":{"start":{"line":10,"column":70},"end":{"line":19,"column":9}},"line":10}},"branchMap":{},"s":{"0":7,"1":7,"2":7,"3":7,"4":7,"5":7,"6":7,"7":7},"f":{"0":7,"1":7},"b":{},"_coverageSchema":"1a1c01bbd47fc00a2c39e90264f33305004495a9","hash":"61f1b7e3e2235c069949131633157f1d0d5cfd24"}
,"/Users/junhyeokchoi/Desktop/modu_hospital/models/hospitalimagefile.js": {"path":"/Users/junhyeokchoi/Desktop/modu_hospital/models/hospitalimagefile.js","statementMap":{"0":{"start":{"line":2,"column":18},"end":{"line":2,"column":38}},"1":{"start":{"line":3,"column":0},"end":{"line":27,"column":2}},"2":{"start":{"line":12,"column":12},"end":{"line":12,"column":93}},"3":{"start":{"line":15,"column":4},"end":{"line":25,"column":6}},"4":{"start":{"line":26,"column":4},"end":{"line":26,"column":29}}},"fnMap":{"0":{"name":"(anonymous_0)","decl":{"start":{"line":3,"column":17},"end":{"line":3,"column":18}},"loc":{"start":{"line":3,"column":43},"end":{"line":27,"column":1}},"line":3},"1":{"name":"(anonymous_1)","decl":{"start":{"line":10,"column":8},"end":{"line":10,"column":9}},"loc":{"start":{"line":10,"column":39},"end":{"line":13,"column":9}},"line":10}},"branchMap":{},"s":{"0":7,"1":7,"2":7,"3":7,"4":7},"f":{"0":7,"1":7},"b":{},"_coverageSchema":"1a1c01bbd47fc00a2c39e90264f33305004495a9","hash":"fa5a2b586899074850a99d8e0a4247b7801d2b6a"}
,"/Users/junhyeokchoi/Desktop/modu_hospital/models/index.js": {"path":"/Users/junhyeokchoi/Desktop/modu_hospital/models/index.js","statementMap":{"0":{"start":{"line":3,"column":11},"end":{"line":3,"column":24}},"1":{"start":{"line":4,"column":13},"end":{"line":4,"column":28}},"2":{"start":{"line":5,"column":18},"end":{"line":5,"column":38}},"3":{"start":{"line":6,"column":16},"end":{"line":6,"column":34}},"4":{"start":{"line":7,"column":17},"end":{"line":7,"column":42}},"5":{"start":{"line":8,"column":12},"end":{"line":8,"column":49}},"6":{"start":{"line":9,"column":15},"end":{"line":9,"column":60}},"7":{"start":{"line":10,"column":11},"end":{"line":10,"column":13}},"8":{"start":{"line":13,"column":0},"end":{"line":17,"column":1}},"9":{"start":{"line":14,"column":4},"end":{"line":14,"column":76}},"10":{"start":{"line":16,"column":4},"end":{"line":16,"column":89}},"11":{"start":{"line":19,"column":0},"end":{"line":26,"column":7}},"12":{"start":{"line":21,"column":8},"end":{"line":21,"column":88}},"13":{"start":{"line":24,"column":22},"end":{"line":24,"column":89}},"14":{"start":{"line":25,"column":8},"end":{"line":25,"column":31}},"15":{"start":{"line":28,"column":0},"end":{"line":32,"column":3}},"16":{"start":{"line":29,"column":4},"end":{"line":31,"column":5}},"17":{"start":{"line":30,"column":8},"end":{"line":30,"column":36}},"18":{"start":{"line":34,"column":0},"end":{"line":34,"column":25}},"19":{"start":{"line":35,"column":0},"end":{"line":35,"column":25}},"20":{"start":{"line":37,"column":0},"end":{"line":37,"column":20}}},"fnMap":{"0":{"name":"(anonymous_0)","decl":{"start":{"line":20,"column":12},"end":{"line":20,"column":13}},"loc":{"start":{"line":20,"column":22},"end":{"line":22,"column":5}},"line":20},"1":{"name":"(anonymous_1)","decl":{"start":{"line":23,"column":13},"end":{"line":23,"column":14}},"loc":{"start":{"line":23,"column":23},"end":{"line":26,"column":5}},"line":23},"2":{"name":"(anonymous_2)","decl":{"start":{"line":28,"column":24},"end":{"line":28,"column":25}},"loc":{"start":{"line":28,"column":39},"end":{"line":32,"column":1}},"line":28}},"branchMap":{"0":{"loc":{"start":{"line":8,"column":12},"end":{"line":8,"column":49}},"type":"binary-expr","locations":[{"start":{"line":8,"column":12},"end":{"line":8,"column":32}},{"start":{"line":8,"column":36},"end":{"line":8,"column":49}}],"line":8},"1":{"loc":{"start":{"line":13,"column":0},"end":{"line":17,"column":1}},"type":"if","locations":[{"start":{"line":13,"column":0},"end":{"line":17,"column":1}},{"start":{"line":15,"column":7},"end":{"line":17,"column":1}}],"line":13},"2":{"loc":{"start":{"line":21,"column":15},"end":{"line":21,"column":87}},"type":"binary-expr","locations":[{"start":{"line":21,"column":15},"end":{"line":21,"column":38}},{"start":{"line":21,"column":42},"end":{"line":21,"column":59}},{"start":{"line":21,"column":63},"end":{"line":21,"column":87}}],"line":21},"3":{"loc":{"start":{"line":29,"column":4},"end":{"line":31,"column":5}},"type":"if","locations":[{"start":{"line":29,"column":4},"end":{"line":31,"column":5}},{"start":{},"end":{}}],"line":29}},"s":{"0":7,"1":7,"2":7,"3":7,"4":7,"5":7,"6":7,"7":7,"8":7,"9":0,"10":7,"11":7,"12":84,"13":77,"14":77,"15":7,"16":77,"17":77,"18":7,"19":7,"20":7},"f":{"0":84,"1":77,"2":77},"b":{"0":[7,0],"1":[0,7],"2":[84,84,77],"3":[77,0]},"_coverageSchema":"1a1c01bbd47fc00a2c39e90264f33305004495a9","hash":"764f3c7dce7d4e41009c172daa7cf2fe5f03fab3"}
,"/Users/junhyeokchoi/Desktop/modu_hospital/models/passwordresetcases.js": {"path":"/Users/junhyeokchoi/Desktop/modu_hospital/models/passwordresetcases.js","statementMap":{"0":{"start":{"line":2,"column":18},"end":{"line":2,"column":38}},"1":{"start":{"line":3,"column":0},"end":{"line":26,"column":2}},"2":{"start":{"line":11,"column":12},"end":{"line":11,"column":72}},"3":{"start":{"line":14,"column":4},"end":{"line":24,"column":6}},"4":{"start":{"line":25,"column":4},"end":{"line":25,"column":30}}},"fnMap":{"0":{"name":"(anonymous_0)","decl":{"start":{"line":3,"column":17},"end":{"line":3,"column":18}},"loc":{"start":{"line":3,"column":43},"end":{"line":26,"column":1}},"line":3},"1":{"name":"(anonymous_1)","decl":{"start":{"line":10,"column":8},"end":{"line":10,"column":9}},"loc":{"start":{"line":10,"column":35},"end":{"line":12,"column":9}},"line":10}},"branchMap":{},"s":{"0":7,"1":7,"2":7,"3":7,"4":7},"f":{"0":7,"1":7},"b":{},"_coverageSchema":"1a1c01bbd47fc00a2c39e90264f33305004495a9","hash":"aae78958970dd45bf2364078c77ca6fbeabf9764"}
,"/Users/junhyeokchoi/Desktop/modu_hospital/models/refreshtoken.js": {"path":"/Users/junhyeokchoi/Desktop/modu_hospital/models/refreshtoken.js","statementMap":{"0":{"start":{"line":2,"column":18},"end":{"line":2,"column":38}},"1":{"start":{"line":3,"column":0},"end":{"line":27,"column":2}},"2":{"start":{"line":12,"column":12},"end":{"line":12,"column":72}},"3":{"start":{"line":15,"column":4},"end":{"line":25,"column":6}},"4":{"start":{"line":26,"column":4},"end":{"line":26,"column":24}}},"fnMap":{"0":{"name":"(anonymous_0)","decl":{"start":{"line":3,"column":17},"end":{"line":3,"column":18}},"loc":{"start":{"line":3,"column":43},"end":{"line":27,"column":1}},"line":3},"1":{"name":"(anonymous_1)","decl":{"start":{"line":10,"column":8},"end":{"line":10,"column":9}},"loc":{"start":{"line":10,"column":35},"end":{"line":13,"column":9}},"line":10}},"branchMap":{},"s":{"0":7,"1":7,"2":7,"3":7,"4":7},"f":{"0":7,"1":7},"b":{},"_coverageSchema":"1a1c01bbd47fc00a2c39e90264f33305004495a9","hash":"8f8c7f5f1f4c086bf139e40edcbf40d1e168d0ee"}
,"/Users/junhyeokchoi/Desktop/modu_hospital/models/reservation.js": {"path":"/Users/junhyeokchoi/Desktop/modu_hospital/models/reservation.js","statementMap":{"0":{"start":{"line":2,"column":18},"end":{"line":2,"column":38}},"1":{"start":{"line":3,"column":0},"end":{"line":37,"column":2}},"2":{"start":{"line":12,"column":12},"end":{"line":12,"column":78}},"3":{"start":{"line":13,"column":12},"end":{"line":13,"column":70}},"4":{"start":{"line":16,"column":4},"end":{"line":35,"column":6}},"5":{"start":{"line":36,"column":4},"end":{"line":36,"column":23}}},"fnMap":{"0":{"name":"(anonymous_0)","decl":{"start":{"line":3,"column":17},"end":{"line":3,"column":18}},"loc":{"start":{"line":3,"column":43},"end":{"line":37,"column":1}},"line":3},"1":{"name":"(anonymous_1)","decl":{"start":{"line":10,"column":8},"end":{"line":10,"column":9}},"loc":{"start":{"line":10,"column":43},"end":{"line":14,"column":9}},"line":10}},"branchMap":{},"s":{"0":7,"1":7,"2":7,"3":7,"4":7,"5":7},"f":{"0":7,"1":7},"b":{},"_coverageSchema":"1a1c01bbd47fc00a2c39e90264f33305004495a9","hash":"95cd8811e4273142c77c986645d2a8f8650042f3"}
,"/Users/junhyeokchoi/Desktop/modu_hospital/models/review.js": {"path":"/Users/junhyeokchoi/Desktop/modu_hospital/models/review.js","statementMap":{"0":{"start":{"line":2,"column":18},"end":{"line":2,"column":38}},"1":{"start":{"line":3,"column":0},"end":{"line":29,"column":2}},"2":{"start":{"line":11,"column":12},"end":{"line":11,"column":70}},"3":{"start":{"line":12,"column":12},"end":{"line":12,"column":82}},"4":{"start":{"line":15,"column":4},"end":{"line":27,"column":6}},"5":{"start":{"line":28,"column":4},"end":{"line":28,"column":18}}},"fnMap":{"0":{"name":"(anonymous_0)","decl":{"start":{"line":3,"column":17},"end":{"line":3,"column":18}},"loc":{"start":{"line":3,"column":43},"end":{"line":29,"column":1}},"line":3},"1":{"name":"(anonymous_1)","decl":{"start":{"line":10,"column":8},"end":{"line":10,"column":9}},"loc":{"start":{"line":10,"column":45},"end":{"line":13,"column":9}},"line":10}},"branchMap":{},"s":{"0":7,"1":7,"2":7,"3":7,"4":7,"5":7},"f":{"0":7,"1":7},"b":{},"_coverageSchema":"1a1c01bbd47fc00a2c39e90264f33305004495a9","hash":"89f2bdf95d3a1334bb3b2f135aa789e8ae78f694"}
,"/Users/junhyeokchoi/Desktop/modu_hospital/models/user.js": {"path":"/Users/junhyeokchoi/Desktop/modu_hospital/models/user.js","statementMap":{"0":{"start":{"line":2,"column":18},"end":{"line":2,"column":38}},"1":{"start":{"line":3,"column":0},"end":{"line":42,"column":2}},"2":{"start":{"line":12,"column":12},"end":{"line":12,"column":82}},"3":{"start":{"line":13,"column":12},"end":{"line":13,"column":74}},"4":{"start":{"line":14,"column":12},"end":{"line":14,"column":84}},"5":{"start":{"line":15,"column":12},"end":{"line":15,"column":88}},"6":{"start":{"line":16,"column":12},"end":{"line":16,"column":95}},"7":{"start":{"line":19,"column":4},"end":{"line":40,"column":6}},"8":{"start":{"line":41,"column":4},"end":{"line":41,"column":16}}},"fnMap":{"0":{"name":"(anonymous_0)","decl":{"start":{"line":3,"column":17},"end":{"line":3,"column":18}},"loc":{"start":{"line":3,"column":43},"end":{"line":42,"column":1}},"line":3},"1":{"name":"(anonymous_1)","decl":{"start":{"line":10,"column":8},"end":{"line":10,"column":9}},"loc":{"start":{"line":10,"column":93},"end":{"line":17,"column":9}},"line":10}},"branchMap":{},"s":{"0":7,"1":7,"2":7,"3":7,"4":7,"5":7,"6":7,"7":7,"8":7},"f":{"0":7,"1":7},"b":{},"_coverageSchema":"1a1c01bbd47fc00a2c39e90264f33305004495a9","hash":"22001a31d98948d0c7e76532787b46e7b0e1d14f"}
,"/Users/junhyeokchoi/Desktop/modu_hospital/models/workingtime.js": {"path":"/Users/junhyeokchoi/Desktop/modu_hospital/models/workingtime.js","statementMap":{"0":{"start":{"line":2,"column":18},"end":{"line":2,"column":38}},"1":{"start":{"line":3,"column":0},"end":{"line":30,"column":2}},"2":{"start":{"line":11,"column":12},"end":{"line":11,"column":76}},"3":{"start":{"line":14,"column":4},"end":{"line":28,"column":6}},"4":{"start":{"line":29,"column":4},"end":{"line":29,"column":23}}},"fnMap":{"0":{"name":"(anonymous_0)","decl":{"start":{"line":3,"column":17},"end":{"line":3,"column":18}},"loc":{"start":{"line":3,"column":43},"end":{"line":30,"column":1}},"line":3},"1":{"name":"(anonymous_1)","decl":{"start":{"line":10,"column":8},"end":{"line":10,"column":9}},"loc":{"start":{"line":10,"column":37},"end":{"line":12,"column":9}},"line":10}},"branchMap":{},"s":{"0":7,"1":7,"2":7,"3":7,"4":7},"f":{"0":7,"1":7},"b":{},"_coverageSchema":"1a1c01bbd47fc00a2c39e90264f33305004495a9","hash":"cd544415d15aef5d66056035a9b74d35568b9841"}
,"/Users/junhyeokchoi/Desktop/modu_hospital/repositories/category.repository.js": {"path":"/Users/junhyeokchoi/Desktop/modu_hospital/repositories/category.repository.js","statementMap":{"0":{"start":{"line":1,"column":15},"end":{"line":1,"column":35}},"1":{"start":{"line":11,"column":8},"end":{"line":11,"column":43}},"2":{"start":{"line":12,"column":8},"end":{"line":12,"column":39}},"3":{"start":{"line":13,"column":8},"end":{"line":13,"column":43}},"4":{"start":{"line":14,"column":8},"end":{"line":14,"column":69}},"5":{"start":{"line":15,"column":8},"end":{"line":15,"column":61}},"6":{"start":{"line":18,"column":38},"end":{"line":75,"column":5}},"7":{"start":{"line":25,"column":8},"end":{"line":74,"column":11}},"8":{"start":{"line":78,"column":0},"end":{"line":78,"column":36}}},"fnMap":{"0":{"name":"(anonymous_0)","decl":{"start":{"line":4,"column":4},"end":{"line":4,"column":5}},"loc":{"start":{"line":10,"column":6},"end":{"line":16,"column":5}},"line":10},"1":{"name":"(anonymous_1)","decl":{"start":{"line":18,"column":38},"end":{"line":18,"column":39}},"loc":{"start":{"line":24,"column":9},"end":{"line":75,"column":5}},"line":24}},"branchMap":{},"s":{"0":2,"1":2,"2":2,"3":2,"4":2,"5":2,"6":2,"7":0,"8":2},"f":{"0":2,"1":0},"b":{},"_coverageSchema":"1a1c01bbd47fc00a2c39e90264f33305004495a9","hash":"c0f101a52b78ef8b663c7e55de745b934616d5c4"}
,"/Users/junhyeokchoi/Desktop/modu_hospital/repositories/hospital.repository.js": {"path":"/Users/junhyeokchoi/Desktop/modu_hospital/repositories/hospital.repository.js","statementMap":{"0":{"start":{"line":1,"column":34},"end":{"line":1,"column":54}},"1":{"start":{"line":2,"column":22},"end":{"line":2,"column":42}},"2":{"start":{"line":4,"column":23},"end":{"line":4,"column":39}},"3":{"start":{"line":18,"column":8},"end":{"line":18,"column":49}},"4":{"start":{"line":19,"column":8},"end":{"line":19,"column":43}},"5":{"start":{"line":20,"column":8},"end":{"line":20,"column":41}},"6":{"start":{"line":21,"column":8},"end":{"line":21,"column":39}},"7":{"start":{"line":22,"column":8},"end":{"line":22,"column":43}},"8":{"start":{"line":23,"column":8},"end":{"line":23,"column":69}},"9":{"start":{"line":24,"column":8},"end":{"line":24,"column":35}},"10":{"start":{"line":25,"column":8},"end":{"line":25,"column":61}},"11":{"start":{"line":26,"column":8},"end":{"line":26,"column":49}},"12":{"start":{"line":29,"column":27},"end":{"line":77,"column":5}},"13":{"start":{"line":30,"column":8},"end":{"line":76,"column":9}},"14":{"start":{"line":31,"column":36},"end":{"line":72,"column":14}},"15":{"start":{"line":73,"column":12},"end":{"line":73,"column":35}},"16":{"start":{"line":75,"column":12},"end":{"line":75,"column":35}},"17":{"start":{"line":79,"column":29},"end":{"line":127,"column":5}},"18":{"start":{"line":80,"column":8},"end":{"line":126,"column":9}},"19":{"start":{"line":81,"column":36},"end":{"line":122,"column":14}},"20":{"start":{"line":123,"column":12},"end":{"line":123,"column":35}},"21":{"start":{"line":125,"column":12},"end":{"line":125,"column":35}},"22":{"start":{"line":129,"column":25},"end":{"line":174,"column":5}},"23":{"start":{"line":130,"column":8},"end":{"line":173,"column":9}},"24":{"start":{"line":131,"column":36},"end":{"line":169,"column":14}},"25":{"start":{"line":170,"column":12},"end":{"line":170,"column":35}},"26":{"start":{"line":172,"column":12},"end":{"line":172,"column":35}},"27":{"start":{"line":176,"column":22},"end":{"line":183,"column":5}},"28":{"start":{"line":177,"column":8},"end":{"line":182,"column":9}},"29":{"start":{"line":178,"column":28},"end":{"line":178,"column":91}},"30":{"start":{"line":179,"column":12},"end":{"line":179,"column":27}},"31":{"start":{"line":181,"column":12},"end":{"line":181,"column":35}},"32":{"start":{"line":185,"column":26},"end":{"line":191,"column":5}},"33":{"start":{"line":186,"column":8},"end":{"line":190,"column":9}},"34":{"start":{"line":187,"column":12},"end":{"line":187,"column":85}},"35":{"start":{"line":189,"column":12},"end":{"line":189,"column":43}},"36":{"start":{"line":193,"column":25},"end":{"line":200,"column":5}},"37":{"start":{"line":194,"column":8},"end":{"line":199,"column":9}},"38":{"start":{"line":195,"column":29},"end":{"line":195,"column":69}},"39":{"start":{"line":196,"column":12},"end":{"line":196,"column":28}},"40":{"start":{"line":198,"column":12},"end":{"line":198,"column":35}},"41":{"start":{"line":202,"column":20},"end":{"line":230,"column":5}},"42":{"start":{"line":203,"column":8},"end":{"line":229,"column":9}},"43":{"start":{"line":204,"column":25},"end":{"line":225,"column":14}},"44":{"start":{"line":226,"column":12},"end":{"line":226,"column":24}},"45":{"start":{"line":228,"column":12},"end":{"line":228,"column":35}},"46":{"start":{"line":232,"column":23},"end":{"line":245,"column":5}},"47":{"start":{"line":233,"column":8},"end":{"line":244,"column":9}},"48":{"start":{"line":234,"column":12},"end":{"line":241,"column":15}},"49":{"start":{"line":243,"column":12},"end":{"line":243,"column":35}},"50":{"start":{"line":247,"column":27},"end":{"line":262,"column":5}},"51":{"start":{"line":248,"column":8},"end":{"line":261,"column":9}},"52":{"start":{"line":249,"column":12},"end":{"line":258,"column":14}},"53":{"start":{"line":260,"column":12},"end":{"line":260,"column":35}},"54":{"start":{"line":264,"column":22},"end":{"line":273,"column":5}},"55":{"start":{"line":265,"column":8},"end":{"line":272,"column":9}},"56":{"start":{"line":266,"column":29},"end":{"line":268,"column":14}},"57":{"start":{"line":269,"column":12},"end":{"line":269,"column":28}},"58":{"start":{"line":271,"column":12},"end":{"line":271,"column":35}},"59":{"start":{"line":275,"column":28},"end":{"line":282,"column":5}},"60":{"start":{"line":276,"column":8},"end":{"line":281,"column":9}},"61":{"start":{"line":277,"column":30},"end":{"line":277,"column":79}},"62":{"start":{"line":278,"column":12},"end":{"line":278,"column":29}},"63":{"start":{"line":280,"column":12},"end":{"line":280,"column":35}},"64":{"start":{"line":284,"column":20},"end":{"line":293,"column":5}},"65":{"start":{"line":285,"column":8},"end":{"line":292,"column":9}},"66":{"start":{"line":286,"column":29},"end":{"line":288,"column":14}},"67":{"start":{"line":289,"column":12},"end":{"line":289,"column":28}},"68":{"start":{"line":291,"column":12},"end":{"line":291,"column":35}},"69":{"start":{"line":295,"column":20},"end":{"line":304,"column":5}},"70":{"start":{"line":296,"column":8},"end":{"line":303,"column":9}},"71":{"start":{"line":297,"column":29},"end":{"line":299,"column":14}},"72":{"start":{"line":300,"column":12},"end":{"line":300,"column":28}},"73":{"start":{"line":302,"column":12},"end":{"line":302,"column":35}},"74":{"start":{"line":306,"column":21},"end":{"line":312,"column":5}},"75":{"start":{"line":307,"column":8},"end":{"line":311,"column":9}},"76":{"start":{"line":308,"column":12},"end":{"line":308,"column":88}},"77":{"start":{"line":310,"column":12},"end":{"line":310,"column":35}},"78":{"start":{"line":314,"column":17},"end":{"line":323,"column":5}},"79":{"start":{"line":315,"column":8},"end":{"line":322,"column":9}},"80":{"start":{"line":316,"column":12},"end":{"line":319,"column":14}},"81":{"start":{"line":321,"column":12},"end":{"line":321,"column":35}},"82":{"start":{"line":325,"column":19},"end":{"line":334,"column":5}},"83":{"start":{"line":326,"column":8},"end":{"line":333,"column":9}},"84":{"start":{"line":327,"column":42},"end":{"line":329,"column":14}},"85":{"start":{"line":330,"column":12},"end":{"line":330,"column":30}},"86":{"start":{"line":332,"column":12},"end":{"line":332,"column":35}},"87":{"start":{"line":336,"column":25},"end":{"line":338,"column":5}},"88":{"start":{"line":337,"column":8},"end":{"line":337,"column":67}},"89":{"start":{"line":340,"column":24},"end":{"line":343,"column":5}},"90":{"start":{"line":341,"column":21},"end":{"line":341,"column":71}},"91":{"start":{"line":342,"column":8},"end":{"line":342,"column":20}},"92":{"start":{"line":346,"column":24},"end":{"line":363,"column":5}},"93":{"start":{"line":347,"column":8},"end":{"line":362,"column":9}},"94":{"start":{"line":348,"column":30},"end":{"line":358,"column":14}},"95":{"start":{"line":359,"column":12},"end":{"line":359,"column":29}},"96":{"start":{"line":361,"column":12},"end":{"line":361,"column":22}},"97":{"start":{"line":366,"column":28},"end":{"line":384,"column":5}},"98":{"start":{"line":367,"column":8},"end":{"line":383,"column":9}},"99":{"start":{"line":368,"column":30},"end":{"line":379,"column":14}},"100":{"start":{"line":380,"column":12},"end":{"line":380,"column":29}},"101":{"start":{"line":382,"column":12},"end":{"line":382,"column":22}},"102":{"start":{"line":387,"column":25},"end":{"line":420,"column":5}},"103":{"start":{"line":388,"column":8},"end":{"line":419,"column":9}},"104":{"start":{"line":389,"column":12},"end":{"line":416,"column":15}},"105":{"start":{"line":418,"column":12},"end":{"line":418,"column":22}},"106":{"start":{"line":423,"column":22},"end":{"line":461,"column":5}},"107":{"start":{"line":424,"column":8},"end":{"line":460,"column":9}},"108":{"start":{"line":425,"column":12},"end":{"line":457,"column":15}},"109":{"start":{"line":459,"column":12},"end":{"line":459,"column":22}},"110":{"start":{"line":464,"column":17},"end":{"line":480,"column":5}},"111":{"start":{"line":465,"column":8},"end":{"line":479,"column":9}},"112":{"start":{"line":466,"column":12},"end":{"line":476,"column":15}},"113":{"start":{"line":478,"column":12},"end":{"line":478,"column":22}},"114":{"start":{"line":483,"column":0},"end":{"line":483,"column":36}}},"fnMap":{"0":{"name":"(anonymous_0)","decl":{"start":{"line":7,"column":4},"end":{"line":7,"column":5}},"loc":{"start":{"line":17,"column":6},"end":{"line":27,"column":5}},"line":17},"1":{"name":"(anonymous_1)","decl":{"st
[...]
ine":18,"column":76}}],"line":18},"2":{"loc":{"start":{"line":22,"column":8},"end":{"line":25,"column":9}},"type":"if","locations":[{"start":{"line":22,"column":8},"end":{"line":25,"column":9}},{"start":{},"end":{}}],"line":22},"3":{"loc":{"start":{"line":36,"column":8},"end":{"line":39,"column":9}},"type":"if","locations":[{"start":{"line":36,"column":8},"end":{"line":39,"column":9}},{"start":{},"end":{}}],"line":36},"4":{"loc":{"start":{"line":40,"column":8},"end":{"line":43,"column":9}},"type":"if","locations":[{"start":{"line":40,"column":8},"end":{"line":43,"column":9}},{"start":{},"end":{}}],"line":40},"5":{"loc":{"start":{"line":77,"column":8},"end":{"line":90,"column":9}},"type":"if","locations":[{"start":{"line":77,"column":8},"end":{"line":90,"column":9}},{"start":{"line":79,"column":15},"end":{"line":90,"column":9}}],"line":77},"6":{"loc":{"start":{"line":79,"column":15},"end":{"line":90,"column":9}},"type":"if","locations":[{"start":{"line":79,"column":15},"end":{"line":90,"column":9}},{"start":{"line":81,"column":15},"end":{"line":90,"column":9}}],"line":79},"7":{"loc":{"start":{"line":81,"column":15},"end":{"line":90,"column":9}},"type":"if","locations":[{"start":{"line":81,"column":15},"end":{"line":90,"column":9}},{"start":{"line":83,"column":15},"end":{"line":90,"column":9}}],"line":81},"8":{"loc":{"start":{"line":83,"column":15},"end":{"line":90,"column":9}},"type":"if","locations":[{"start":{"line":83,"column":15},"end":{"line":90,"column":9}},{"start":{"line":85,"column":15},"end":{"line":90,"column":9}}],"line":83},"9":{"loc":{"start":{"line":85,"column":15},"end":{"line":90,"column":9}},"type":"if","locations":[{"start":{"line":85,"column":15},"end":{"line":90,"column":9}},{"start":{"line":87,"column":15},"end":{"line":90,"column":9}}],"line":85},"10":{"loc":{"start":{"line":94,"column":8},"end":{"line":98,"column":9}},"type":"if","locations":[{"start":{"line":94,"column":8},"end":{"line":98,"column":9}},{"start":{"line":96,"column":15},"end":{"line":98,"column":9}}],"line":94}},"s":{"0":2,"1":2,"2":2,"3":2,"4":2,"5":2,"6":2,"7":2,"8":0,"9":0,"10":2,"11":2,"12":2,"13":1,"14":1,"15":1,"16":1,"17":1,"18":0,"19":0,"20":2,"21":2,"22":2,"23":1,"24":1,"25":1,"26":1,"27":1,"28":0,"29":0,"30":0,"31":0,"32":0,"33":2,"34":0,"35":0,"36":0,"37":0,"38":0,"39":0,"40":0,"41":0,"42":0,"43":0,"44":0,"45":0,"46":0,"47":0,"48":0,"49":0,"50":0,"51":0,"52":0,"53":0,"54":0,"55":0,"56":0,"57":2},"f":{"0":0,"1":2,"2":2,"3":0},"b":{"0":[1,1],"1":[2,1],"2":[1,0],"3":[1,1],"4":[1,0],"5":[0,0],"6":[0,0],"7":[0,0],"8":[0,0],"9":[0,0],"10":[0,0]},"_coverageSchema":"1a1c01bbd47fc00a2c39e90264f33305004495a9","hash":"57559c60644daaf5e5f13166ccaab5035e508fb2"}
,"/Users/junhyeokchoi/Desktop/modu_hospital/services/user.service.js": {"path":"/Users/junhyeokchoi/Desktop/modu_hospital/services/user.service.js","statementMap":{"0":{"start":{"line":1,"column":23},"end":{"line":1,"column":68}},"1":{"start":{"line":2,"column":30},"end":{"line":2,"column":79}},"2":{"start":{"line":3,"column":79},"end":{"line":3,"column":99}},"3":{"start":{"line":4,"column":15},"end":{"line":4,"column":32}},"4":{"start":{"line":5,"column":12},"end":{"line":5,"column":35}},"5":{"start":{"line":6,"column":18},"end":{"line":6,"column":46}},"6":{"start":{"line":7,"column":20},"end":{"line":7,"column":44}},"7":{"start":{"line":8,"column":12},"end":{"line":8,"column":23}},"8":{"start":{"line":11,"column":21},"end":{"line":18,"column":5}},"9":{"start":{"line":19,"column":28},"end":{"line":19,"column":64}},"10":{"start":{"line":20,"column":18},"end":{"line":20,"column":35}},"11":{"start":{"line":22,"column":24},"end":{"line":25,"column":5}},"12":{"start":{"line":23,"column":21},"end":{"line":23,"column":67}},"13":{"start":{"line":24,"column":8},"end":{"line":24,"column":20}},"14":{"start":{"line":27,"column":21},"end":{"line":38,"column":5}},"15":{"start":{"line":28,"column":21},"end":{"line":28,"column":57}},"16":{"start":{"line":29,"column":25},"end":{"line":35,"column":9}},"17":{"start":{"line":37,"column":8},"end":{"line":37,"column":24}},"18":{"start":{"line":40,"column":22},"end":{"line":48,"column":5}},"19":{"start":{"line":41,"column":30},"end":{"line":46,"column":9}},"20":{"start":{"line":47,"column":8},"end":{"line":47,"column":29}},"21":{"start":{"line":49,"column":29},"end":{"line":52,"column":5}},"22":{"start":{"line":50,"column":25},"end":{"line":50,"column":94}},"23":{"start":{"line":51,"column":8},"end":{"line":51,"column":24}},"24":{"start":{"line":53,"column":28},"end":{"line":56,"column":5}},"25":{"start":{"line":54,"column":24},"end":{"line":54,"column":92}},"26":{"start":{"line":55,"column":8},"end":{"line":55,"column":23}},"27":{"start":{"line":57,"column":35},"end":{"line":63,"column":5}},"28":{"start":{"line":58,"column":31},"end":{"line":61,"column":9}},"29":{"start":{"line":62,"column":8},"end":{"line":62,"column":30}},"30":{"start":{"line":64,"column":29},"end":{"line":67,"column":5}},"31":{"start":{"line":65,"column":25},"end":{"line":65,"column":94}},"32":{"start":{"line":66,"column":8},"end":{"line":66,"column":24}},"33":{"start":{"line":69,"column":13},"end":{"line":94,"column":5}},"34":{"start":{"line":70,"column":26},"end":{"line":70,"column":69}},"35":{"start":{"line":72,"column":8},"end":{"line":75,"column":9}},"36":{"start":{"line":73,"column":24},"end":{"line":73,"column":65}},"37":{"start":{"line":74,"column":12},"end":{"line":74,"column":22}},"38":{"start":{"line":77,"column":31},"end":{"line":77,"column":62}},"39":{"start":{"line":78,"column":32},"end":{"line":78,"column":77}},"40":{"start":{"line":79,"column":31},"end":{"line":79,"column":83}},"41":{"start":{"line":84,"column":21},"end":{"line":91,"column":9}},"42":{"start":{"line":93,"column":8},"end":{"line":93,"column":20}},"43":{"start":{"line":97,"column":12},"end":{"line":110,"column":5}},"44":{"start":{"line":98,"column":21},"end":{"line":98,"column":74}},"45":{"start":{"line":99,"column":8},"end":{"line":99,"column":58}},"46":{"start":{"line":101,"column":34},"end":{"line":101,"column":82}},"47":{"start":{"line":102,"column":8},"end":{"line":102,"column":60}},"48":{"start":{"line":104,"column":8},"end":{"line":107,"column":9}},"49":{"start":{"line":105,"column":24},"end":{"line":105,"column":69}},"50":{"start":{"line":106,"column":12},"end":{"line":106,"column":22}},"51":{"start":{"line":109,"column":8},"end":{"line":109,"column":23}},"52":{"start":{"line":112,"column":16},"end":{"line":128,"column":5}},"53":{"start":{"line":113,"column":24},"end":{"line":113,"column":63}},"54":{"start":{"line":115,"column":8},"end":{"line":127,"column":11}},"55":{"start":{"line":116,"column":12},"end":{"line":126,"column":14}},"56":{"start":{"line":131,"column":23},"end":{"line":137,"column":5}},"57":{"start":{"line":132,"column":22},"end":{"line":132,"column":24}},"58":{"start":{"line":133,"column":23},"end":{"line":133,"column":44}},"59":{"start":{"line":134,"column":24},"end":{"line":134,"column":86}},"60":{"start":{"line":135,"column":25},"end":{"line":135,"column":57}},"61":{"start":{"line":136,"column":8},"end":{"line":136,"column":56}},"62":{"start":{"line":139,"column":19},"end":{"line":145,"column":5}},"63":{"start":{"line":140,"column":22},"end":{"line":140,"column":24}},"64":{"start":{"line":141,"column":23},"end":{"line":141,"column":44}},"65":{"start":{"line":142,"column":24},"end":{"line":142,"column":92}},"66":{"start":{"line":143,"column":25},"end":{"line":143,"column":57}},"67":{"start":{"line":144,"column":8},"end":{"line":144,"column":56}},"68":{"start":{"line":147,"column":31},"end":{"line":162,"column":5}},"69":{"start":{"line":148,"column":28},"end":{"line":148,"column":74}},"70":{"start":{"line":149,"column":8},"end":{"line":161,"column":9}},"71":{"start":{"line":150,"column":31},"end":{"line":150,"column":78}},"72":{"start":{"line":151,"column":35},"end":{"line":151,"column":86}},"73":{"start":{"line":152,"column":33},"end":{"line":152,"column":82}},"74":{"start":{"line":154,"column":12},"end":{"line":158,"column":14}},"75":{"start":{"line":160,"column":12},"end":{"line":160,"column":67}},"76":{"start":{"line":164,"column":17},"end":{"line":167,"column":5}},"77":{"start":{"line":165,"column":27},"end":{"line":165,"column":81}},"78":{"start":{"line":166,"column":8},"end":{"line":166,"column":26}},"79":{"start":{"line":169,"column":16},"end":{"line":171,"column":5}},"80":{"start":{"line":170,"column":8},"end":{"line":170,"column":66}},"81":{"start":{"line":192,"column":32},"end":{"line":217,"column":5}},"82":{"start":{"line":193,"column":21},"end":{"line":193,"column":69}},"83":{"start":{"line":194,"column":8},"end":{"line":197,"column":9}},"84":{"start":{"line":195,"column":24},"end":{"line":195,"column":59}},"85":{"start":{"line":196,"column":12},"end":{"line":196,"column":22}},"86":{"start":{"line":199,"column":28},"end":{"line":199,"column":88}},"87":{"start":{"line":200,"column":22},"end":{"line":200,"column":93}},"88":{"start":{"line":201,"column":8},"end":{"line":205,"column":9}},"89":{"start":{"line":202,"column":12},"end":{"line":202,"column":82}},"90":{"start":{"line":204,"column":12},"end":{"line":204,"column":82}},"91":{"start":{"line":206,"column":28},"end":{"line":211,"column":9}},"92":{"start":{"line":213,"column":8},"end":{"line":216,"column":11}},"93":{"start":{"line":214,"column":12},"end":{"line":214,"column":39}},"94":{"start":{"line":215,"column":12},"end":{"line":215,"column":40}},"95":{"start":{"line":219,"column":20},"end":{"line":248,"column":5}},"96":{"start":{"line":221,"column":26},"end":{"line":221,"column":28}},"97":{"start":{"line":223,"column":21},"end":{"line":223,"column":69}},"98":{"start":{"line":224,"column":26},"end":{"line":224,"column":79}},"99":{"start":{"line":227,"column":8},"end":{"line":229,"column":9}},"100":{"start":{"line":228,"column":12},"end":{"line":228,"column":56}},"101":{"start":{"line":230,"column":20},"end":{"line":230,"column":30}},"102":{"start":{"line":232,"column":24},"end":{"line":232,"column":59}},"103":{"start":{"line":234,"column":8},"end":{"line":237,"column":9}},"104":{"start":{"line":235,"column":12},"end":{"line":235,"column":81}},"105":{"start":{"line":236,"column":12},"end":{"line":236,"column":52}},"106":{"start":{"line":240,"column":8},"end":{"line":242,"column":9}},"107":{"start":{"line":241,"column":12},"end":{"line":241,"column":56}},"108":{"start":{"line":243,"column":31},"end":{"line":243,"column":62}},"109":{"start":{"line":244,"column":24},"end":{"line":244,"column":93}},"110":{"start":{"line":246,"column":8},"end":{"line":246,"column":77}},"111":{"start":{"line":247,"column":8},"end":{"line":247,"column":23}},"112":{"start":{"line":249,"column":20},"end":{"line":255,"column":5}},"113":{"start":{"line":250,"column":26},"end":{"line":250,"column":79}},"114":{"start":{"line":251,"column":8},"end":{"line":253,"column":9}},"115":{"start":{"line":252,"column":12},"end":{"line":252,"column":25}},"116":{"start":{"line":254,"column":8},"end":{"line":254,"column":20}},"117":{"start":{"line":256,"column":19},"end":{"line":263,"column":5}},"118":{"start":{"line":257,"column":8},"end":{"line":259,"column":9}},"119":{"start":{"line":258,"column":12},"end":{"line":258,"column":56}},"120":{"start":{"line":260,"column":31},"end":{"line":260,"column":62}},"121":{"start":{"line":261,"column":24},"end":{"line":261,"column":88}},"122":{"start":{"line":262,"column":8},"end":{"line":262,"column":23}},"123":{"start":{"line":265,"column":16},"end":{"line":267,"column":5}},"124":{"start":{"line":266,"column":8},"end":{"line":266,"column":59}},"125":{"start":{"line":269,"column":18},"end":{"line":271,"column":5}},"126":{"start":{"line":270,"column":8},"end":{"line":270,"column":68}},"127":{"start":{"line":273,"column":0},"end":{"line":273,"column":29}}},"fnMap":{"0":{"name":"(anonymous_0)","decl":{"start":{"line":22,"column":24},"end":{"line":22,"column":25}},"loc":{"start":{"line":22,"column":42},"end":{"line":25,"column":5}},"line":22},"1":{"name":"(anonymous_1)","decl":{"start":{"line":27,"column":21},"end":{"line":27,"column":22}},"loc":{"start":{"line":27,"column":39},"end":{"line":38,"column":5}},"line":27},"2":{"name":"(anonymous_2)","decl":{"start":{"line":40,"column":22},"end":{"line":40,"column":23}},"loc":{"start":{"line":40,"column":62},"end":{"line":48,"column":5}},"line":40},"3":{"name":"(anonymous_3)","decl":{"start":{"line":49,"column":29},"end":{"line":49,"column":30}},"loc":{"start":{"line":49,"column":53},"end":{"line":52,"column":5}},"line":49},"4":{"name":"(anonymous_4)","decl":{"start":{"line":53,"column":28},"end":{"line":53,"column":29}},"loc":{"start":{"line":53,"column":52},"end":{"line":56,"column":5}},"line":53},"5":{"name":"(anonymous_5)","decl":{"start":{"line":57,"column":35},"end":{"line":57,"column":36}},"loc":{"start":{"line":57,"column":59},"end":{"line":63,"column":5}},"line":57},"6":{"name":"(anonymous_6)","decl":{"start":{"line":64,"column":29},"end":{"line":64,"column":30}},"loc":{"start":{"line":64,"column":53},"end":{"line":67,"column":5}},"line":64},"7":{"name":"(anonymous_7)","decl":{"start":{"line":69,"column":13},"end":{"line":69,"column":14}},"loc":{"start":{"line":69,"column":71},"end":{"line":94,"column":5}},"line":69},"8":{"name":"(anonymous_8)","decl":{"start":{"line":97,"column":12},"end":{"line":97,"column":13}},"loc":{"start":{"line":97,"column":41},"end":{"line":110,"column":5}},"line":97},"9":{"name":"(anonymous_9)","decl":{"start":{"line":112,"column":16},"end":{"line":112,"column":17}},"loc":{"start":{"line":112,"column":28},"end":{"line":128,"column":5}},"line":112},"10":{"name":"(anonymous_10)","decl":{"start":{"line":115,"column":27},"end":{"line":115,"column":28}},"loc":{"start":{"line":115,"column":38},"end":{"line":127,"column":9}},"line":115},"11":{"name":"(anonymous_11)","decl":{"start":{"line":131,"column":23},"end":{"line":131,"column":24}},"loc":{"start":{"line":131,"column":48},"end":{"line":137,"column":5}},"line":131},"12":{"name":"(anonymous_12)","decl":{"start":{"line":139,"column":19},"end":{"line":139,"column":20}},"loc":{"start":{"line":139,"column":50},"end":{"line":145,"column":5}},"line":139},"13":{"name":"(anonymous_13)","decl":{"start":{"line":147,"column":31},"end":{"line":147,"column":32}},"loc":{"start":{"line":147,"column":49},"end":{"line":162,"column":5}},"line":147},"14":{"name":"(anonymous_14)","decl":{"start":{"line":164,"column":17},"end":{"line":164,"column":18}},"loc":{"start":{"line":164,"column":41},"end":{"line":167,"column":5}},"line":164},"15":{"name":"(anonymous_15)","decl":{"start":{"line":169,"column":16},"end":{"line":169,"column":17}},"loc":{"start":{"line":169,"column":41},"end":{"line":171,"column":5}},"line":169},"16":{"name":"(anonymous_16)","decl":{"start":{"line":192,"column":32},"end":{"line":192,"column":33}},"loc":{"start":{"line":192,"column":49},"end":{"line":217,"column":5}},"line":192},"17":{"name":"(anonymous_17)","decl":{"start":{"line":213,"column":46},"end":{"line":213,"column":47}},"loc":{"start":{"line":213,"column":61},"end":{"line":216,"column":9}},"line":213},"18":{"name":"(anonymous_18)","decl":{"start":{"line":219,"column":20},"end":{"line":219,"column":21}},"loc":{"start":{"line":219,"column":63},"end":{"line":248,"column":5}},"line":219},"19":{"name":"(anonymous_19)","decl":{"start":{"line":249,"column":20},"end":{"line":249,"column":21}},"loc":{"start":{"line":249,"column":37},"end":{"line":255,"column":5}},"line":249},"20":{"name":"(anonymous_20)","decl":{"start":{"line":256,"column":19},"end":{"line":256,"column":20}},"loc":{"start":{"line":256,"column":56},"end":{"line":263,"column":5}},"line":256},"21":{"name":"(anonymous_21)","decl":{"start":{"line":265,"column":16},"end":{"line":265,"column":17}},"loc":{"start":{"line":265,"column":34},"end":{"line":267,"column":5}},"line":265},"22":{"name":"(anonymous_22)","decl":{"start":{"line":269,"column":18},"end":{"line":269,"column":19}},"loc":{"start":{"line":269,"column":43},"end":{"line":271,"column":5}},"line":269}},"branchMap":{"0":{"loc":{"start":{"line":72,"column":8},"end":{"line":75,"column":9}},"type":"if","locations":[{"start":{"line":72,"column":8},"end":{"line":75,"column":9}},{"start":{},"end":{}}],"line":72},"1":{"loc":{"start":{"line":104,"column":8},"end":{"line":107,"column":9}},"type":"if","locations":[{"start":{"line":104,"column":8},"end":{"line":107,"column":9}},{"start":{},"end":{}}],"line":104},"2":{"loc":{"start":{"line":104,"column":12},"end":{"line":104,"column":39}},"type":"binary-expr","locations":[{"start":{"line":104,"column":12},"end":{"line":104,"column":17}},{"start":{"line":104,"column":21},"end":{"line":104,"column":39}}],"line":104},"3":{"loc":{"start":{"line":149,"column":8},"end":{"line":161,"column":9}},"type":"if","locations":[{"start":{"line":149,"column":8},"end":{"line":161,"column":9}},{"start":{"line":159,"column":15},"end":{"line":161,"column":9}}],"line":149},"4":{"loc":{"start":{"line":194,"column":8},"end":{"line":197,"column":9}},"type":"if","locations":[{"start":{"line":194,"column":8},"end":{"line":197,"column":9}},{"start":{},"end":{}}],"line":194},"5":{"loc":{"start":{"line":201,"column":8},"end":{"line":205,"column":9}},"type":"if","locations":[{"start":{"line":201,"column":8},"end":{"line":205,"column":9}},{"start":{"line":203,"column":15},"end":{"line":205,"column":9}}],"line":201},"6":{"loc":{"start":{"line":227,"column":8},"end":{"line":229,"column":9}},"type":"if","locations":[{"start":{"line":227,"column":8},"end":{"line":229,"column":9}},{"start":{},"end":{}}],"line":227},"7":{"loc":{"start":{"line":227,"column":12},"end":{"line":227,"column":75}},"type":"binary-expr","locations":[{"start":{"line":227,"column":12},"end":{"line":227,"column":17}},{"start":{"line":227,"column":21},"end":{"line":227,"column":37}},{"start":{"line":227,"column":41},"end":{"line":227,"column":75}}],"line":227},"8":{"loc":{"start":{"line":234,"column":8},"end":{"line":237,"column":9}},"type":"if","locations":[{"start":{"line":234,"column":8},"end":{"line":237,"column":9}},{"start":{},"end":{}}],"line":234},"9":{"loc":{"start":{"line":240,"column":8},"end":{"line":242,"column":9}},"type":"if","locations":[{"start":{"line":240,"column":8},"end":{"line":242,"column":9}},{"start":{},"end":{}}],"line":240},"10":{"loc":{"start":{"line":251,"column":8},"end":{"line":253,"column":9}},"type":"if","locations":[{"start":{"line":251,"column":8},"end":{"line":253,"column":9}},{"start":{},"end":{}}],"line":251},"11":{"loc":{"start":{"line":257,"column":8},"end":{"line":259,"column":9}},"type":"if","locations":[{"start":{"line":257,"column":8},"end":{"line":259,"column":9}},{"start":{},"end":{}}],"line":257}},"s":{"0":2,"1":2,"2":2,"3":2,"4":2,"5":2,"6":2,"7":2,"8":2,"9":2,"10":2,"11":2,"12":1,"13":1,"14":2,"15":1,"16":1,"17":1,"18":2,"19":0,"20":0,"21":2,"22":2,"23":2,"24":2,"25":1,"26":1,"27":2,"28":1,"29":1,"30":2,"31":1,"32":1,"33":2,"34":0,"35":0,"36":0,"37":0,"38":0,"39":0,"40":0,"41":0,"42":0,"43":2,"44":0,"45":0,"46":0,"47":0,"48":0,"49":0,"50":0,"51":0,"52":2,"53":0,"54":0,"55":0,"56":2,"57":0,"58":0,"59":0,"60":0,"61":0,"62":2,"63":0,"64":0,"65":0,"66":0,"67":0,"68":2,"69":0,"70":0,"71":0,"72":0,"73":0,"74":0,"75":0,"76":2,"77":0,"78":0,"79":2,"80":0,"81":2,"82":0,"83":0,"84":0,"85":0,"86":0,"87":0,"88":0,"89":0,"90":0,"91":0,"92":0,"93":0,"94":0,"95":2,"96":0,"97":0,"98":0,"99":0,"100":0,"101":0,"102":0,"103":0,"104":0,"105":0,"106":0,"107":0,"108":0,"109":0,"110":0,"111":0,"112":2,"113":0,"114":0,"115":0,"116":0,"117":2,"118":0,"119":0,"120":0,"121":0,"122":0,"123":2,"124":0,"125":2,"126":0,"127":2},"f":{"0":1,"1":1,"2":0,"3":2,"4":1,"5":1,"6":1,"7":0,"8":0,"9":0,"10":0,"11":0,"12":0,"13":0,"14":0,"15":0,"16":0,"17":0,"18":0,"19":0,"20":0,"21":0,"22":0},"b":{"0":[0,0],"1":[0,0],"2":[0,0],"3":[0,0],"4":[0,0],"5":[0,0],"6":[0,0],"7":[0,0,0],"8":[0,0],"9":[0,0],"10":[0,0],"11":[0,0]},"_coverageSchema":"1a1c01bbd47fc00a2c39e90264f33305004495a9","hash":"9432cd17adeca318c7adf8d14181fbd94642426a"}
}
