TN:
SF:config/config.js
FNF:0
FNH:0
DA:1,7
DA:2,7
DA:4,7
DA:12,7
DA:20,7
DA:28,7
LF:6
LH:6
BRF:0
BRH:0
end_of_record
TN:
SF:controllers/category.controller.js
FN:6,(anonymous_0)
FNF:1
FNH:1
FNDA:1,(anonymous_0)
DA:1,1
DA:4,1
DA:6,1
DA:7,1
DA:9,1
DA:11,1
DA:12,0
DA:15,1
DA:23,1
DA:25,0
DA:30,1
LF:11
LH:9
BRDA:11,0,0,0
BRDA:11,0,1,1
BRF:2
BRH:1
end_of_record
TN:
SF:controllers/hospital.controller.js
FN:14,(anonymous_0)
FN:31,(anonymous_1)
FN:48,(anonymous_2)
FN:61,(anonymous_3)
FN:75,(anonymous_4)
FN:95,(anonymous_5)
FN:111,(anonymous_6)
FN:123,(anonymous_7)
FN:168,(anonymous_8)
FN:180,(anonymous_9)
FN:192,(anonymous_10)
FN:220,(anonymous_11)
FN:246,(anonymous_12)
FN:259,(anonymous_13)
FN:267,(anonymous_14)
FN:285,(anonymous_15)
FN:297,(anonymous_16)
FN:309,(anonymous_17)
FN:319,(anonymous_18)
FN:329,(anonymous_19)
FNF:20
FNH:3
FNDA:1,(anonymous_0)
FNDA:1,(anonymous_1)
FNDA:1,(anonymous_2)
FNDA:0,(anonymous_3)
FNDA:0,(anonymous_4)
FNDA:0,(anonymous_5)
FNDA:0,(anonymous_6)
FNDA:0,(anonymous_7)
FNDA:0,(anonymous_8)
FNDA:0,(anonymous_9)
FNDA:0,(anonymous_10)
FNDA:0,(anonymous_11)
FNDA:0,(anonymous_12)
FNDA:0,(anonymous_13)
FNDA:0,(anonymous_14)
FNDA:0,(anonymous_15)
FNDA:0,(anonymous_16)
FNDA:0,(anonymous_17)
FNDA:0,(anonymous_18)
FNDA:0,(anonymous_19)
DA:1,1
DA:3,1
DA:5,1
DA:7,1
DA:10,1
DA:11,1
DA:14,1
DA:15,1
DA:16,1
DA:18,1
DA:24,1
DA:26,0
DA:31,1
DA:32,1
DA:33,1
DA:35,1
DA:41,1
DA:43,0
DA:48,1
DA:49,1
DA:50,1
DA:52,1
DA:54,1
DA:56,0
DA:61,1
DA:62,0
DA:63,0
DA:64,0
DA:65,0
DA:66,0
DA:67,0
DA:71,0
DA:75,1
DA:76,0
DA:77,0
DA:79,0
DA:80,0
DA:84,0
DA:86,0
DA:87,0
DA:88,0
DA:89,0
DA:91,0
DA:95,1
DA:96,0
DA:97,0
DA:98,0
DA:99,0
DA:100,0
DA:101,0
DA:102,0
DA:105,0
DA:107,0
DA:111,1
DA:112,0
DA:113,0
DA:114,0
DA:115,0
DA:116,0
DA:117,0
DA:119,0
DA:123,1
DA:124,0
DA:125,0
DA:126,0
DA:127,0
DA:129,0
DA:130,0
DA:131,0
DA:138,0
DA:142,0
DA:144,0
DA:147,0
DA:148,0
DA:149,0
DA:151,0
DA:152,0
DA:160,0
DA:164,0
DA:168,1
DA:169,0
DA:170,0
DA:171,0
DA:172,0
DA:173,0
DA:174,0
DA:176,0
DA:180,1
DA:181,0
DA:182,0
DA:183,0
DA:184,0
DA:185,0
DA:186,0
DA:188,0
DA:192,1
DA:193,0
DA:194,0
DA:195,0
DA:196,0
DA:199,0
DA:200,0
DA:201,0
DA:202,0
DA:203,0
DA:204,0
DA:205,0
DA:206,0
DA:210,0
DA:212,0
DA:214,0
DA:216,0
DA:220,1
DA:221,0
DA:222,0
DA:223,0
DA:224,0
DA:225,0
DA:226,0
DA:227,0
DA:229,0
DA:230,0
DA:240,0
DA:242,0
DA:246,1
DA:247,0
DA:248,0
DA:249,0
DA:250,0
DA:251,0
DA:252,0
DA:253,0
DA:255,0
DA:259,1
DA:260,0
DA:261,0
DA:262,0
DA:263,0
DA:265,0
DA:266,0
DA:267,0
DA:269,0
DA:270,0
DA:271,0
DA:279,0
DA:281,0
DA:285,1
DA:286,0
DA:287,0
DA:288,0
DA:289,0
DA:290,0
DA:291,0
DA:293,0
DA:297,1
DA:298,0
DA:299,0
DA:300,0
DA:301,0
DA:302,0
DA:303,0
DA:305,0
DA:309,1
DA:310,0
DA:311,0
DA:312,0
DA:313,0
DA:315,0
DA:319,1
DA:320,0
DA:321,0
DA:322,0
DA:323,0
DA:325,0
DA:329,1
DA:330,0
DA:332,0
DA:334,0
DA:338,1
LF:179
LH:38
BRDA:86,0,0,0
BRDA:86,0,1,0
BRDA:101,1,0,0
BRDA:101,1,1,0
BRDA:129,2,0,0
BRDA:129,2,1,0
BRDA:194,3,0,0
BRDA:194,3,1,0
BRF:8
BRH:0
end_of_record
TN:
SF:controllers/user.controller.js
FN:14,(anonymous_0)
FN:40,(anonymous_1)
FN:50,(anonymous_2)
FN:61,(anonymous_3)
FN:73,(anonymous_4)
FN:84,(anonymous_5)
FN:102,(anonymous_6)
FN:114,(anonymous_7)
FN:126,(anonymous_8)
FN:140,(anonymous_9)
FN:152,(anonymous_10)
FN:173,(anonymous_11)
FN:198,(anonymous_12)
FN:221,(anonymous_13)
FN:244,(anonymous_14)
FN:275,(anonymous_15)
FN:294,(anonymous_16)
FN:303,(anonymous_17)
FN:318,(anonymous_18)
FN:327,(anonymous_19)
FN:340,(anonymous_20)
FNF:21
FNH:11
FNDA:0,(anonymous_0)
FNDA:0,(anonymous_1)
FNDA:0,(anonymous_2)
FNDA:0,(anonymous_3)
FNDA:3,(anonymous_4)
FNDA:3,(anonymous_5)
FNDA:3,(anonymous_6)
FNDA:3,(anonymous_7)
FNDA:3,(anonymous_8)
FNDA:3,(anonymous_9)
FNDA:6,(anonymous_10)
FNDA:0,(anonymous_11)
FNDA:0,(anonymous_12)
FNDA:0,(anonymous_13)
FNDA:0,(anonymous_14)
FNDA:0,(anonymous_15)
FNDA:3,(anonymous_16)
FNDA:3,(anonymous_17)
FNDA:3,(anonymous_18)
FNDA:3,(anonymous_19)
FNDA:0,(anonymous_20)
DA:1,1
DA:2,1
DA:3,1
DA:4,1
DA:5,1
DA:8,1
DA:9,1
DA:10,1
DA:11,1
DA:14,1
DA:15,0
DA:16,0
DA:17,0
DA:18,0
DA:19,0
DA:20,0
DA:22,0
DA:40,1
DA:41,0
DA:42,0
DA:43,0
DA:44,0
DA:45,0
DA:46,0
DA:50,1
DA:51,0
DA:52,0
DA:53,0
DA:54,0
DA:56,0
DA:61,1
DA:62,0
DA:63,0
DA:64,0
DA:65,0
DA:66,0
DA:68,0
DA:73,1
DA:74,3
DA:75,3
DA:77,3
DA:78,2
DA:80,1
DA:84,1
DA:85,3
DA:86,3
DA:88,3
DA:91,3
DA:97,2
DA:99,1
DA:102,1
DA:103,3
DA:104,3
DA:105,3
DA:107,3
DA:108,2
DA:110,1
DA:114,1
DA:115,3
DA:116,3
DA:117,3
DA:119,3
DA:120,2
DA:122,1
DA:126,1
DA:127,3
DA:128,3
DA:129,3
DA:131,3
DA:135,2
DA:137,1
DA:140,1
DA:141,3
DA:142,3
DA:143,3
DA:145,3
DA:146,2
DA:148,1
DA:152,1
DA:153,6
DA:154,6
DA:155,6
DA:159,6
DA:160,6
DA:161,1
DA:164,3
DA:167,2
DA:169,4
DA:173,1
DA:174,0
DA:175,0
DA:177,0
DA:181,0
DA:182,0
DA:183,0
DA:184,0
DA:186,0
DA:187,0
DA:192,0
DA:194,0
DA:198,1
DA:199,0
DA:201,0
DA:203,0
DA:204,0
DA:212,0
DA:214,0
DA:215,0
DA:217,0
DA:221,1
DA:222,0
DA:223,0
DA:225,0
DA:227,0
DA:235,0
DA:237,0
DA:238,0
DA:240,0
DA:244,1
DA:245,0
DA:246,0
DA:247,0
DA:250,0
DA:254,0
DA:258,0
DA:262,0
DA:267,0
DA:269,0
DA:271,0
DA:275,1
DA:276,0
DA:277,0
DA:278,0
DA:280,0
DA:294,1
DA:295,3
DA:296,3
DA:297,3
DA:298,2
DA:300,1
DA:303,1
DA:304,3
DA:306,3
DA:307,3
DA:313,2
DA:315,1
DA:318,1
DA:319,3
DA:320,3
DA:321,3
DA:322,2
DA:324,1
DA:327,1
DA:328,3
DA:329,3
DA:330,3
DA:333,3
DA:334,2
DA:336,1
DA:340,1
DA:341,0
DA:342,0
DA:343,0
DA:354,0
DA:356,0
DA:371,0
DA:373,0
DA:378,1
LF:168
LH:96
BRDA:16,0,0,0
BRDA:16,0,1,0
BRDA:42,1,0,0
BRDA:42,1,1,0
BRDA:160,2,0,1
BRDA:160,2,1,3
BRDA:183,3,0,0
BRDA:183,3,1,0
BRDA:214,4,0,0
BRDA:214,4,1,0
BRDA:237,5,0,0
BRDA:237,5,1,0
BRF:12
BRH:2
end_of_record
TN:
SF:lib/encrypt.js
FN:3,encrypt
FN:7,decrypt
FNF:2
FNH:0
FNDA:0,encrypt
FNDA:0,decrypt
DA:1,2
DA:4,0
DA:8,0
DA:11,2
LF:4
LH:2
BRF:0
BRH:0
end_of_record
TN:
SF:lib/errors.js
FN:2,(anonymous_0)
FN:8,(anonymous_1)
FN:14,(anonymous_2)
FN:20,(anonymous_3)
FN:26,(anonymous_4)
FN:32,(anonymous_5)
FN:38,(anonymous_6)
FN:44,(anonymous_7)
FN:50,(anonymous_8)
FN:56,(anonymous_9)
FN:63,(anonymous_10)
FN:70,(anonymous_11)
FN:77,(anonymous_12)
FN:84,(anonymous_13)
FN:91,(anonymous_14)
FN:98,(anonymous_15)
FN:105,(anonymous_16)
FN:112,(anonymous_17)
FN:119,(anonymous_18)
FN:126,(anonymous_19)
FNF:20
FNH:5
FNDA:2,(anonymous_0)
FNDA:2,(anonymous_1)
FNDA:2,(anonymous_2)
FNDA:2,(anonymous_3)
FNDA:0,(anonymous_4)
FNDA:0,(anonymous_5)
FNDA:2,(anonymous_6)
FNDA:0,(anonymous_7)
FNDA:0,(anonymous_8)
FNDA:0,(anonymous_9)
FNDA:0,(anonymous_10)
FNDA:0,(anonymous_11)
FNDA:0,(anonymous_12)
FNDA:0,(anonymous_13)
FNDA:0,(anonymous_14)
FNDA:0,(anonymous_15)
FNDA:0,(anonymous_16)
FNDA:0,(anonymous_17)
FNDA:0,(anonymous_18)
FNDA:0,(anonymous_19)
DA:2,10
DA:3,2
DA:4,2
DA:6,2
DA:8,10
DA:9,2
DA:10,2
DA:11,2
DA:12,2
DA:14,10
DA:15,2
DA:16,2
DA:17,2
DA:18,2
DA:20,10
DA:21,2
DA:22,2
DA:23,2
DA:24,2
DA:26,10
DA:27,0
DA:28,0
DA:29,0
DA:30,0
DA:32,10
DA:33,0
DA:34,0
DA:35,0
DA:36,0
DA:38,10
DA:39,2
DA:40,2
DA:41,2
DA:42,2
DA:44,10
DA:45,0
DA:46,0
DA:47,0
DA:48,0
DA:50,10
DA:51,0
DA:52,0
DA:53,0
DA:54,0
DA:56,10
DA:57,0
DA:58,0
DA:59,0
DA:60,0
DA:63,10
DA:64,0
DA:65,0
DA:66,0
DA:67,0
DA:70,10
DA:71,0
DA:72,0
DA:73,0
DA:74,0
DA:77,10
DA:78,0
DA:79,0
DA:80,0
DA:81,0
DA:84,10
DA:85,0
DA:86,0
DA:87,0
DA:88,0
DA:91,10
DA:92,0
DA:93,0
DA:94,0
DA:95,0
DA:98,10
DA:99,0
DA:100,0
DA:101,0
DA:102,0
DA:105,10
DA:106,0
DA:107,0
DA:108,0
DA:109,0
DA:112,10
DA:113,0
DA:114,0
DA:115,0
DA:116,0
DA:119,10
DA:120,0
DA:121,0
DA:122,0
DA:123,0
DA:126,10
DA:127,0
DA:128,0
DA:129,0
DA:130,0
DA:133,5
LF:100
LH:40
BRF:0
BRH:0
end_of_record
TN:
SF:lib/nodemailer.js
FNF:0
FNH:0
DA:1,2
DA:2,2
DA:3,2
DA:5,2
LF:4
LH:4
BRF:0
BRH:0
end_of_record
TN:
SF:lib/validation.js
FNF:0
FNH:0
DA:1,2
DA:2,2
DA:5,2
DA:16,2
DA:20,2
DA:22,2
DA:24,2
DA:37,2
DA:49,2
DA:55,2
DA:62,2
DA:67,2
DA:73,2
LF:13
LH:13
BRF:0
BRH:0
end_of_record
TN:
SF:models/category.js
FN:3,(anonymous_0)
FN:10,(anonymous_1)
FNF:2
FNH:2
FNDA:7,(anonymous_0)
FNDA:7,(anonymous_1)
DA:2,7
DA:3,7
DA:12,7
DA:18,7
DA:28,7
LF:5
LH:5
BRF:0
BRH:0
end_of_record
TN:
SF:models/doctor.js
FN:3,(anonymous_0)
FN:10,(anonymous_1)
FNF:2
FNH:2
FNDA:7,(anonymous_0)
FNDA:7,(anonymous_1)
DA:2,7
DA:3,7
DA:12,7
DA:16,7
DA:17,7
DA:18,7
DA:22,7
DA:43,7
LF:8
LH:8
BRF:0
BRH:0
end_of_record
TN:
SF:models/doctor_category_mapping.js
FN:3,(anonymous_0)
FN:10,(anonymous_1)
FNF:2
FNH:2
FNDA:7,(anonymous_0)
FNDA:7,(anonymous_1)
DA:2,7
DA:3,7
DA:12,7
DA:13,7
DA:16,7
DA:27,7
LF:6
LH:6
BRF:0
BRH:0
end_of_record
TN:
SF:models/hospital.js
FN:3,(anonymous_0)
FN:10,(anonymous_1)
FNF:2
FNH:2
FNDA:7,(anonymous_0)
FNDA:7,(anonymous_1)
DA:2,7
DA:3,7
DA:12,7
DA:13,7
DA:14,7
DA:15,7
DA:21,7
DA:55,7
LF:8
LH:8
BRF:0
BRH:0
end_of_record
TN:
SF:models/hospitalimagefile.js
FN:3,(anonymous_0)
FN:10,(anonymous_1)
FNF:2
FNH:2
FNDA:7,(anonymous_0)
FNDA:7,(anonymous_1)
DA:2,7
DA:3,7
DA:12,7
DA:15,7
DA:26,7
LF:5
LH:5
BRF:0
BRH:0
end_of_record
TN:
SF:models/index.js
FN:20,(anonymous_0)
FN:23,(anonymous_1)
FN:28,(anonymous_2)
FNF:3
FNH:3
FNDA:84,(anonymous_0)
FNDA:77,(anonymous_1)
FNDA:77,(anonymous_2)
DA:3,7
DA:4,7
DA:5,7
DA:6,7
DA:7,7
DA:8,7
DA:9,7
DA:10,7
DA:13,7
DA:14,0
DA:16,7
DA:19,7
DA:21,84
DA:24,77
DA:25,77
DA:28,7
DA:29,77
DA:30,77
DA:34,7
DA:35,7
DA:37,7
LF:21
LH:20
BRDA:8,0,0,7
BRDA:8,0,1,0
BRDA:13,1,0,0
BRDA:13,1,1,7
BRDA:21,2,0,84
BRDA:21,2,1,84
BRDA:21,2,2,77
BRDA:29,3,0,77
BRDA:29,3,1,0
BRF:9
BRH:6
end_of_record
TN:
SF:models/passwordresetcases.js
FN:3,(anonymous_0)
FN:10,(anonymous_1)
FNF:2
FNH:2
FNDA:7,(anonymous_0)
FNDA:7,(anonymous_1)
DA:2,7
DA:3,7
DA:11,7
DA:14,7
DA:25,7
LF:5
LH:5
BRF:0
BRH:0
end_of_record
TN:
SF:models/refreshtoken.js
FN:3,(anonymous_0)
FN:10,(anonymous_1)
FNF:2
FNH:2
FNDA:7,(anonymous_0)
FNDA:7,(anonymous_1)
DA:2,7
DA:3,7
DA:12,7
DA:15,7
DA:26,7
LF:5
LH:5
BRF:0
BRH:0
end_of_record
TN:
SF:models/reservation.js
FN:3,(anonymous_0)
FN:10,(anonymous_1)
FNF:2
FNH:2
FNDA:7,(anonymous_0)
FNDA:7,(anonymous_1)
DA:2,7
DA:3,7
DA:12,7
DA:13,7
DA:16,7
DA:36,7
LF:6
LH:6
BRF:0
BRH:0
end_of_record
TN:
SF:models/review.js
FN:3,(anonymous_0)
FN:10,(anonymous_1)
FNF:2
FNH:2
FNDA:7,(anonymous_0)
FNDA:7,(anonymous_1)
DA:2,7
DA:3,7
DA:11,7
DA:12,7
DA:15,7
DA:28,7
LF:6
LH:6
BRF:0
BRH:0
end_of_record
TN:
SF:models/user.js
FN:3,(anonymous_0)
FN:10,(anonymous_1)
FNF:2
FNH:2
FNDA:7,(anonymous_0)
FNDA:7,(anonymous_1)
DA:2,7
DA:3,7
DA:12,7
DA:13,7
DA:14,7
DA:15,7
DA:16,7
DA:19,7
DA:41,7
LF:9
LH:9
BRF:0
BRH:0
end_of_record
TN:
SF:models/workingtime.js
FN:3,(anonymous_0)
FN:10,(anonymous_1)
FNF:2
FNH:2
FNDA:7,(anonymous_0)
FNDA:7,(anonymous_1)
DA:2,7
DA:3,7
DA:11,7
DA:14,7
DA:29,7
LF:5
LH:5
BRF:0
BRH:0
end_of_record
TN:
SF:repositories/category.repository.js
FN:4,(anonymous_0)
FN:18,(anonymous_1)
FNF:2
FNH:1
FNDA:2,(anonymous_0)
FNDA:0,(anonymous_1)
DA:1,2
DA:11,2
DA:12,2
DA:13,2
DA:14,2
DA:15,2
DA:18,2
DA:25,0
DA:78,2
LF:9
LH:8
BRF:0
BRH:0
end_of_record
TN:
SF:repositories/hospital.repository.js
FN:7,(anonymous_0)
FN:29,(anonymous_1)
FN:79,(anonymous_2)
FN:129,(anonymous_3)
FN:176,(anonymous_4)
FN:185,(anonymous_5)
FN:193,(anonymous_6)
FN:202,(anonymous_7)
FN:232,(anonymous_8)
FN:247,(anonymous_9)
FN:264,(anonymous_10)
FN:275,(anonymous_11)
FN:284,(anonymous_12)
FN:295,(anonymous_13)
FN:306,(anonymous_14)
FN:314,(anonymous_15)
FN:325,(anonymous_16)
FN:336,(anonymous_17)
FN:340,(anonymous_18)
FN:346,(anonymous_19)
FN:366,(anonymous_20)
FN:387,(anonymous_21)
FN:423,(anonymous_22)
FN:464,(anonymous_23)
FNF:24
FNH:1
FNDA:2,(anonymous_0)
FNDA:0,(anonymous_1)
FNDA:0,(anonymous_2)
FNDA:0,(anonymous_3)
FNDA:0,(anonymous_4)
FNDA:0,(anonymous_5)
FNDA:0,(anonymous_6)
FNDA:0,(anonymous_7)
FNDA:0,(anonymous_8)
FNDA:0,(anonymous_9)
FNDA:0,(anonymous_10)
FNDA:0,(anonymous_11)
FNDA:0,(anonymous_12)
FNDA:0,(anonymous_13)
FNDA:0,(anonymous_14)
FNDA:0,(anonymous_15)
FNDA:0,(anonymous_16)
FNDA:0,(anonymous_17)
FNDA:0,(anonymous_18)
FNDA:0,(anonymous_19)
FNDA:0,(anonymous_20)
FNDA:0,(anonymous_21)
FNDA:0,(anonymous_22)
FNDA:0,(anonymous_23)
DA:1,2
DA:2,2
DA:4,2
DA:18,2
DA:19,2
DA:20,2
DA:21,2
DA:22,2
DA:23,2
DA:24,2
DA:25,2
DA:26,2
DA:29,2
DA:30,0
DA:31,0
DA:73,0
DA:75,0
DA:79,2
DA:80,0
DA:81,0
DA:123,0
DA:125,0
DA:129,2
DA:130,0
DA:131,0
DA:170,0
DA:172,0
DA:176,2
DA:177,0
DA:178,0
DA:179,0
DA:181,0
DA:185,2
DA:186,0
DA:187,0
DA:189,0
DA:193,2
DA:194,0
DA:195,0
DA:196,0
DA:198,0
DA:202,2
DA:203,0
DA:204,0
DA:226,0
DA:228,0
DA:232,2
DA:233,0
DA:234,0
DA:243,0
DA:247,2
DA:248,0
DA:249,0
DA:260,0
DA:264,2
DA:265,0
DA:266,0
DA:269,0
DA:271,0
DA:275,2
DA:276,0
DA:277,0
DA:278,0
DA:280,0
DA:284,2
DA:285,0
DA:286,0
DA:289,0
DA:291,0
DA:295,2
DA:296,0
DA:297,0
DA:300,0
DA:302,0
DA:306,2
DA:307,0
DA:308,0
DA:310,0
DA:314,2
DA:315,0
DA:316,0
DA:321,0
DA:325,2
DA:326,0
DA:327,0
DA:330,0
DA:332,0
DA:336,2
DA:337,0
DA:340,2
DA:341,0
DA:342,0
DA:346,2
DA:347,0
DA:348,0
DA:359,0
DA:361,0
DA:366,2
DA:367,0
DA:368,0
DA:380,0
DA:382,0
DA:387,2
DA:388,0
DA:389,0
DA:418,0
DA:423,2
DA:424,0
DA:425,0
DA:459,0
DA:464,2
DA:465,0
DA:466,0
DA:478,0
DA:483,2
LF:115
LH:36
BRF:0
BRH:0
end_of_record
TN:
SF:repositories/reservation.repository.js
FN:4,(anonymous_0)
FN:8,(anonymous_1)
FN:13,(anonymous_2)
FN:40,(anonymous_3)
FN:67,(anonymous_4)
FN:100,(anonymous_5)
FN:128,(anonymous_6)
FN:140,(anonymous_7)
FN:147,(anonymous_8)
FN:164,(anonymous_9)
FNF:10
FNH:1
FNDA:4,(anonymous_0)
FNDA:0,(anonymous_1)
FNDA:0,(anonymous_2)
FNDA:0,(anonymous_3)
FNDA:0,(anonymous_4)
FNDA:0,(anonymous_5)
FNDA:0,(anonymous_6)
FNDA:0,(anonymous_7)
FNDA:0,(anonymous_8)
FNDA:0,(anonymous_9)
DA:1,3
DA:5,4
DA:6,4
DA:8,4
DA:9,0
DA:10,0
DA:13,4
DA:14,0
DA:15,0
DA:38,0
DA:40,4
DA:41,0
DA:42,0
DA:65,0
DA:67,4
DA:68,0
DA:69,0
DA:98,0
DA:100,4
DA:101,0
DA:102,0
DA:125,0
DA:128,4
DA:129,0
DA:133,0
DA:137,0
DA:140,4
DA:141,0
DA:145,0
DA:147,4
DA:148,0
DA:154,0
DA:161,0
DA:164,4
DA:177,0
DA:190,0
DA:194,3
LF:37
LH:13
BRF:0
BRH:0
end_of_record
TN:
SF:repositories/user.repository.js
FN:4,(anonymous_0)
FN:20,(anonymous_1)
FN:27,(anonymous_2)
FN:34,(anonymous_3)
FN:48,(anonymous_4)
FN:52,(anonymous_5)
FN:56,(anonymous_6)
FN:60,(anonymous_7)
FN:65,(anonymous_8)
FN:70,(anonymous_9)
FN:75,(anonymous_10)
FN:80,(anonymous_11)
FN:84,(anonymous_12)
FN:96,(anonymous_13)
FN:130,(anonymous_14)
FN:215,(anonymous_15)
FN:218,(anonymous_16)
FN:230,(anonymous_17)
FN:233,(anonymous_18)
FN:236,(anonymous_19)
FN:239,(anonymous_20)
FN:251,(anonymous_21)
FN:256,(anonymous_22)
FN:261,(anonymous_23)
FNF:24
FNH:1
FNDA:2,(anonymous_0)
FNDA:0,(anonymous_1)
FNDA:0,(anonymous_2)
FNDA:0,(anonymous_3)
FNDA:0,(anonymous_4)
FNDA:0,(anonymous_5)
FNDA:0,(anonymous_6)
FNDA:0,(anonymous_7)
FNDA:0,(anonymous_8)
FNDA:0,(anonymous_9)
FNDA:0,(anonymous_10)
FNDA:0,(anonymous_11)
FNDA:0,(anonymous_12)
FNDA:0,(anonymous_13)
FNDA:0,(anonymous_14)
FNDA:0,(anonymous_15)
FNDA:0,(anonymous_16)
FNDA:0,(anonymous_17)
FNDA:0,(anonymous_18)
FNDA:0,(anonymous_19)
FNDA:0,(anonymous_20)
FNDA:0,(anonymous_21)
FNDA:0,(anonymous_22)
FNDA:0,(anonymous_23)
DA:1,2
DA:12,2
DA:13,2
DA:14,2
DA:15,2
DA:16,2
DA:17,2
DA:20,2
DA:21,0
DA:24,0
DA:27,2
DA:28,0
DA:31,0
DA:34,2
DA:35,0
DA:45,0
DA:48,2
DA:49,0
DA:52,2
DA:53,0
DA:56,2
DA:57,0
DA:60,2
DA:61,0
DA:65,2
DA:66,0
DA:70,2
DA:71,0
DA:75,2
DA:76,0
DA:80,2
DA:81,0
DA:84,2
DA:85,0
DA:93,0
DA:96,2
DA:97,0
DA:99,0
DA:100,0
DA:101,0
DA:107,0
DA:108,0
DA:114,0
DA:115,0
DA:122,0
DA:127,0
DA:130,2
DA:132,0
DA:133,0
DA:134,0
DA:151,0
DA:152,0
DA:169,0
DA:170,0
DA:188,0
DA:202,0
DA:215,2
DA:216,0
DA:218,2
DA:219,0
DA:227,0
DA:230,2
DA:231,0
DA:233,2
DA:234,0
DA:236,2
DA:237,0
DA:239,2
DA:240,0
DA:251,2
DA:252,0
DA:256,2
DA:257,0
DA:261,2
DA:262,0
DA:266,2
LF:76
LH:31
BRDA:100,0,0,0
BRDA:100,0,1,0
BRDA:107,1,0,0
BRDA:107,1,1,0
BRDA:114,2,0,0
BRDA:114,2,1,0
BRDA:133,3,0,0
BRDA:133,3,1,0
BRDA:151,4,0,0
BRDA:151,4,1,0
BRDA:169,5,0,0
BRDA:169,5,1,0
BRF:12
BRH:0
end_of_record
TN:
SF:services/category.service.js
FN:19,(anonymous_0)
FN:27,(anonymous_1)
FN:38,(anonymous_2)
FN:44,(anonymous_3)
FNF:4
FNH:4
FNDA:2,(anonymous_0)
FNDA:2,(anonymous_1)
FNDA:2,(anonymous_2)
FNDA:1,(anonymous_3)
DA:1,2
DA:8,2
DA:11,2
DA:19,2
DA:26,2
DA:28,2
DA:38,2
DA:39,2
DA:40,1
DA:43,1
DA:44,1
DA:45,1
DA:46,3
DA:47,0
DA:50,3
DA:51,3
DA:62,3
DA:67,1
DA:69,1
DA:73,2
LF:20
LH:19
BRDA:39,0,0,1
BRDA:39,0,1,1
BRDA:46,1,0,0
BRDA:46,1,1,3
BRDA:50,2,0,3
BRDA:50,2,1,0
BRDA:56,3,0,2
BRDA:56,3,1,1
BRF:8
BRH:6
end_of_record
TN:
SF:services/hospital.service.js
FN:41,(anonymous_0)
FN:56,(anonymous_1)
FN:66,(anonymous_2)
FN:83,(anonymous_3)
FN:90,(anonymous_4)
FN:91,(anonymous_5)
FN:116,(anonymous_6)
FN:144,(anonymous_7)
FN:157,(anonymous_8)
FN:170,(anonymous_9)
FN:197,(anonymous_10)
FN:238,(anonymous_11)
FN:270,(anonymous_12)
FN:297,(anonymous_13)
FN:324,(anonymous_14)
FN:349,(anonymous_15)
FN:376,(anonymous_16)
FN:389,(anonymous_17)
FN:418,(anonymous_18)
FN:425,(anonymous_19)
FN:439,(anonymous_20)
FN:454,(anonymous_21)
FN:473,(anonymous_22)
FN:496,(anonymous_23)
FN:509,(anonymous_24)
FN:518,(anonymous_25)
FN:519,(anonymous_26)
FN:557,(anonymous_27)
FN:599,(anonymous_28)
FN:600,(anonymous_29)
FN:606,(anonymous_30)
FNF:31
FNH:6
FNDA:1,(anonymous_0)
FNDA:1,(anonymous_1)
FNDA:2,(anonymous_2)
FNDA:1,(anonymous_3)
FNDA:1,(anonymous_4)
FNDA:2,(anonymous_5)
FNDA:0,(anonymous_6)
FNDA:0,(anonymous_7)
FNDA:0,(anonymous_8)
FNDA:0,(anonymous_9)
FNDA:0,(anonymous_10)
FNDA:0,(anonymous_11)
FNDA:0,(anonymous_12)
FNDA:0,(anonymous_13)
FNDA:0,(anonymous_14)
FNDA:0,(anonymous_15)
FNDA:0,(anonymous_16)
FNDA:0,(anonymous_17)
FNDA:0,(anonymous_18)
FNDA:0,(anonymous_19)
FNDA:0,(anonymous_20)
FNDA:0,(anonymous_21)
FNDA:0,(anonymous_22)
FNDA:0,(anonymous_23)
FNDA:0,(anonymous_24)
FNDA:0,(anonymous_25)
FNDA:0,(anonymous_26)
FNDA:0,(anonymous_27)
FNDA:0,(anonymous_28)
FNDA:0,(anonymous_29)
FNDA:0,(anonymous_30)
DA:1,2
DA:2,2
DA:3,2
DA:5,2
DA:7,2
DA:13,2
DA:25,2
DA:28,2
DA:39,2
DA:41,2
DA:42,1
DA:43,1
DA:50,1
DA:52,0
DA:56,2
DA:57,1
DA:58,1
DA:66,1
DA:67,2
DA:77,1
DA:79,0
DA:83,2
DA:84,1
DA:85,1
DA:86,1
DA:87,0
DA:90,1
DA:91,1
DA:92,2
DA:94,1
DA:101,1
DA:112,0
DA:116,2
DA:117,0
DA:118,0
DA:119,0
DA:120,0
DA:122,0
DA:123,0
DA:124,0
DA:126,0
DA:127,0
DA:128,0
DA:130,0
DA:131,0
DA:132,0
DA:133,0
DA:136,0
DA:137,0
DA:138,0
DA:140,0
DA:144,2
DA:145,0
DA:146,0
DA:147,0
DA:148,0
DA:149,0
DA:151,0
DA:153,0
DA:157,2
DA:158,0
DA:159,0
DA:160,0
DA:161,0
DA:162,0
DA:164,0
DA:166,0
DA:170,2
DA:171,0
DA:172,0
DA:173,0
DA:174,0
DA:176,0
DA:177,0
DA:178,0
DA:180,0
DA:181,0
DA:182,0
DA:184,0
DA:185,0
DA:186,0
DA:187,0
DA:189,0
DA:190,0
DA:191,0
DA:193,0
DA:197,2
DA:198,0
DA:199,0
DA:200,0
DA:201,0
DA:203,0
DA:204,0
DA:205,0
DA:207,0
DA:208,0
DA:209,0
DA:211,0
DA:212,0
DA:213,0
DA:214,0
DA:216,0
DA:225,0
DA:234,0
DA:238,2
DA:239,0
DA:240,0
DA:241,0
DA:242,0
DA:244,0
DA:245,0
DA:246,0
DA:248,0
DA:249,0
DA:250,0
DA:252,0
DA:253,0
DA:254,0
DA:255,0
DA:257,0
DA:266,0
DA:270,2
DA:271,0
DA:272,0
DA:273,0
DA:274,0
DA:276,0
DA:277,0
DA:278,0
DA:280,0
DA:281,0
DA:282,0
DA:284,0
DA:285,0
DA:286,0
DA:287,0
DA:289,0
DA:290,0
DA:291,0
DA:293,0
DA:297,2
DA:298,0
DA:299,0
DA:300,0
DA:301,0
DA:303,0
DA:304,0
DA:305,0
DA:307,0
DA:308,0
DA:309,0
DA:311,0
DA:312,0
DA:313,0
DA:314,0
DA:316,0
DA:317,0
DA:318,0
DA:320,0
DA:324,2
DA:325,0
DA:326,0
DA:327,0
DA:328,0
DA:330,0
DA:331,0
DA:332,0
DA:334,0
DA:335,0
DA:336,0
DA:338,0
DA:339,0
DA:340,0
DA:341,0
DA:343,0
DA:345,0
DA:349,2
DA:350,0
DA:351,0
DA:352,0
DA:354,0
DA:355,0
DA:356,0
DA:358,0
DA:359,0
DA:360,0
DA:362,0
DA:363,0
DA:364,0
DA:365,0
DA:366,0
DA:368,0
DA:369,0
DA:370,0
DA:372,0
DA:376,2
DA:377,0
DA:378,0
DA:379,0
DA:380,0
DA:381,0
DA:383,0
DA:385,0
DA:389,2
DA:390,0
DA:391,0
DA:392,0
DA:393,0
DA:395,0
DA:396,0
DA:397,0
DA:399,0
DA:400,0
DA:401,0
DA:403,0
DA:404,0
DA:405,0
DA:406,0
DA:408,0
DA:409,0
DA:410,0
DA:417,0
DA:419,0
DA:420,0
DA:424,0
DA:425,0
DA:431,0
DA:433,0
DA:435,0
DA:439,2
DA:440,0
DA:441,0
DA:442,0
DA:448,0
DA:450,0
DA:454,2
DA:455,0
DA:456,0
DA:457,0
DA:464,0
DA:465,0
DA:466,0
DA:467,0
DA:469,0
DA:473,2
DA:474,0
DA:475,0
DA:476,0
DA:484,0
DA:486,0
DA:487,0
DA:490,0
DA:492,0
DA:496,2
DA:497,0
DA:498,0
DA:499,0
DA:501,0
DA:502,0
DA:503,0
DA:505,0
DA:506,0
DA:507,0
DA:509,0
DA:510,0
DA:511,0
DA:512,0
DA:518,0
DA:519,0
DA:520,0
DA:521,0
DA:522,0
DA:524,0
DA:525,0
DA:526,0
DA:532,0
DA:533,0
DA:534,0
DA:535,0
DA:536,0
DA:537,0
DA:539,0
DA:541,0
DA:542,0
DA:543,0
DA:547,0
DA:549,0
DA:551,0
DA:553,0
DA:557,2
DA:558,0
DA:559,0
DA:560,0
DA:566,0
DA:567,0
DA:568,0
DA:571,0
DA:575,0
DA:576,0
DA:585,0
DA:592,0
DA:595,0
DA:596,0
DA:599,0
DA:600,0
DA:601,0
DA:606,0
DA:607,0
DA:614,0
DA:623,0
DA:633,0
DA:638,2
LF:312
LH:46
BRDA:72,0,0,1
BRDA:72,0,1,1
BRDA:86,1,0,0
BRDA:86,1,1,1
BRDA:106,2,0,0
BRDA:106,2,1,1
BRDA:118,3,0,0
BRDA:118,3,1,0
BRDA:122,4,0,0
BRDA:122,4,1,0
BRDA:126,5,0,0
BRDA:126,5,1,0
BRDA:131,6,0,0
BRDA:131,6,1,0
BRDA:147,7,0,0
BRDA:147,7,1,0
BRDA:160,8,0,0
BRDA:160,8,1,0
BRDA:172,9,0,0
BRDA:172,9,1,0
BRDA:176,10,0,0
BRDA:176,10,1,0
BRDA:180,11,0,0
BRDA:180,11,1,0
BRDA:185,12,0,0
BRDA:185,12,1,0
BRDA:199,13,0,0
BRDA:199,13,1,0
BRDA:203,14,0,0
BRDA:203,14,1,0
BRDA:207,15,0,0
BRDA:207,15,1,0
BRDA:212,16,0,0
BRDA:212,16,1,0
BRDA:240,17,0,0
BRDA:240,17,1,0
BRDA:244,18,0,0
BRDA:244,18,1,0
BRDA:248,19,0,0
BRDA:248,19,1,0
BRDA:253,20,0,0
BRDA:253,20,1,0
BRDA:272,21,0,0
BRDA:272,21,1,0
BRDA:276,22,0,0
BRDA:276,22,1,0
BRDA:280,23,0,0
BRDA:280,23,1,0
BRDA:285,24,0,0
BRDA:285,24,1,0
BRDA:299,25,0,0
BRDA:299,25,1,0
BRDA:303,26,0,0
BRDA:303,26,1,0
BRDA:307,27,0,0
BRDA:307,27,1,0
BRDA:312,28,0,0
BRDA:312,28,1,0
BRDA:326,29,0,0
BRDA:326,29,1,0
BRDA:330,30,0,0
BRDA:330,30,1,0
BRDA:334,31,0,0
BRDA:334,31,1,0
BRDA:339,32,0,0
BRDA:339,32,1,0
BRDA:350,33,0,0
BRDA:350,33,1,0
BRDA:354,34,0,0
BRDA:354,34,1,0
BRDA:358,35,0,0
BRDA:358,35,1,0
BRDA:364,36,0,0
BRDA:364,36,1,0
BRDA:379,37,0,0
BRDA:379,37,1,0
BRDA:391,38,0,0
BRDA:391,38,1,0
BRDA:395,39,0,0
BRDA:395,39,1,0
BRDA:399,40,0,0
BRDA:399,40,1,0
BRDA:404,41,0,0
BRDA:404,41,1,0
BRDA:497,42,0,0
BRDA:497,42,1,0
BRDA:501,43,0,0
BRDA:501,43,1,0
BRDA:505,44,0,0
BRDA:505,44,1,0
BRDA:520,45,0,0
BRDA:520,45,1,0
BRDA:535,46,0,0
BRDA:535,46,1,0
BRDA:595,47,0,0
BRDA:595,47,1,0
BRDA:628,48,0,0
BRDA:628,48,1,0
BRF:98
BRH:4
end_of_record
TN:
SF:services/reservation.service.js
FN:11,(anonymous_0)
FN:16,(anonymous_1)
FN:34,(anonymous_2)
FN:61,(anonymous_3)
FNF:4
FNH:2
FNDA:0,(anonymous_0)
FNDA:2,(anonymous_1)
FNDA:2,(anonymous_2)
FNDA:0,(anonymous_3)
DA:1,2
DA:2,2
DA:3,2
DA:4,2
DA:5,2
DA:8,2
DA:9,2
DA:11,2
DA:12,0
DA:13,0
DA:16,2
DA:17,2
DA:18,2
DA:19,1
DA:20,1
DA:22,1
DA:23,1
DA:24,1
DA:27,0
DA:31,0
DA:34,2
DA:35,2
DA:36,2
DA:37,1
DA:38,1
DA:40,1
DA:41,1
DA:42,1
DA:45,0
DA:48,0
DA:49,0
DA:51,0
DA:58,0
DA:61,2
DA:74,0
DA:77,0
DA:78,0
DA:79,0
DA:80,0
DA:81,0
DA:82,0
DA:83,0
DA:84,0
DA:85,0
DA:86,0
DA:88,0
DA:89,0
DA:92,0
DA:93,0
DA:94,0
DA:95,0
DA:97,0
DA:100,0
DA:102,0
DA:104,0
DA:118,0
DA:120,0
DA:136,2
LF:58
LH:26
BRDA:18,0,0,1
BRDA:18,0,1,1
BRDA:18,1,0,2
BRDA:18,1,1,1
BRDA:22,2,0,1
BRDA:22,2,1,0
BRDA:36,3,0,1
BRDA:36,3,1,1
BRDA:40,4,0,1
BRDA:40,4,1,0
BRDA:77,5,0,0
BRDA:77,5,1,0
BRDA:79,6,0,0
BRDA:79,6,1,0
BRDA:81,7,0,0
BRDA:81,7,1,0
BRDA:83,8,0,0
BRDA:83,8,1,0
BRDA:85,9,0,0
BRDA:85,9,1,0
BRDA:94,10,0,0
BRDA:94,10,1,0
BRF:22
BRH:8
end_of_record
TN:
SF:services/user.service.js
FN:22,(anonymous_0)
FN:27,(anonymous_1)
FN:40,(anonymous_2)
FN:49,(anonymous_3)
FN:53,(anonymous_4)
FN:57,(anonymous_5)
FN:64,(anonymous_6)
FN:69,(anonymous_7)
FN:97,(anonymous_8)
FN:112,(anonymous_9)
FN:115,(anonymous_10)
FN:131,(anonymous_11)
FN:139,(anonymous_12)
FN:147,(anonymous_13)
FN:164,(anonymous_14)
FN:169,(anonymous_15)
FN:192,(anonymous_16)
FN:213,(anonymous_17)
FN:219,(anonymous_18)
FN:249,(anonymous_19)
FN:256,(anonymous_20)
FN:265,(anonymous_21)
FN:269,(anonymous_22)
FNF:23
FNH:6
FNDA:1,(anonymous_0)
FNDA:1,(anonymous_1)
FNDA:0,(anonymous_2)
FNDA:2,(anonymous_3)
FNDA:1,(anonymous_4)
FNDA:1,(anonymous_5)
FNDA:1,(anonymous_6)
FNDA:0,(anonymous_7)
FNDA:0,(anonymous_8)
FNDA:0,(anonymous_9)
FNDA:0,(anonymous_10)
FNDA:0,(anonymous_11)
FNDA:0,(anonymous_12)
FNDA:0,(anonymous_13)
FNDA:0,(anonymous_14)
FNDA:0,(anonymous_15)
FNDA:0,(anonymous_16)
FNDA:0,(anonymous_17)
FNDA:0,(anonymous_18)
FNDA:0,(anonymous_19)
FNDA:0,(anonymous_20)
FNDA:0,(anonymous_21)
FNDA:0,(anonymous_22)
DA:1,2
DA:2,2
DA:3,2
DA:4,2
DA:5,2
DA:6,2
DA:7,2
DA:8,2
DA:11,2
DA:19,2
DA:20,2
DA:22,2
DA:23,1
DA:24,1
DA:27,2
DA:28,1
DA:29,1
DA:37,1
DA:40,2
DA:41,0
DA:47,0
DA:49,2
DA:50,2
DA:51,2
DA:53,2
DA:54,1
DA:55,1
DA:57,2
DA:58,1
DA:62,1
DA:64,2
DA:65,1
DA:66,1
DA:69,2
DA:70,0
DA:72,0
DA:73,0
DA:74,0
DA:77,0
DA:78,0
DA:79,0
DA:84,0
DA:93,0
DA:97,2
DA:98,0
DA:99,0
DA:101,0
DA:102,0
DA:104,0
DA:105,0
DA:106,0
DA:109,0
DA:112,2
DA:113,0
DA:115,0
DA:116,0
DA:131,2
DA:132,0
DA:133,0
DA:134,0
DA:135,0
DA:136,0
DA:139,2
DA:140,0
DA:141,0
DA:142,0
DA:143,0
DA:144,0
DA:147,2
DA:148,0
DA:149,0
DA:150,0
DA:151,0
DA:152,0
DA:154,0
DA:160,0
DA:164,2
DA:165,0
DA:166,0
DA:169,2
DA:170,0
DA:192,2
DA:193,0
DA:194,0
DA:195,0
DA:196,0
DA:199,0
DA:200,0
DA:201,0
DA:202,0
DA:204,0
DA:206,0
DA:213,0
DA:214,0
DA:215,0
DA:219,2
DA:221,0
DA:223,0
DA:224,0
DA:227,0
DA:228,0
DA:230,0
DA:232,0
DA:234,0
DA:235,0
DA:236,0
DA:240,0
DA:241,0
DA:243,0
DA:244,0
DA:246,0
DA:247,0
DA:249,2
DA:250,0
DA:251,0
DA:252,0
DA:254,0
DA:256,2
DA:257,0
DA:258,0
DA:260,0
DA:261,0
DA:262,0
DA:265,2
DA:266,0
DA:269,2
DA:270,0
DA:273,2
LF:128
LH:46
BRDA:72,0,0,0
BRDA:72,0,1,0
BRDA:104,1,0,0
BRDA:104,1,1,0
BRDA:104,2,0,0
BRDA:104,2,1,0
BRDA:149,3,0,0
BRDA:149,3,1,0
BRDA:194,4,0,0
BRDA:194,4,1,0
BRDA:201,5,0,0
BRDA:201,5,1,0
BRDA:227,6,0,0
BRDA:227,6,1,0
BRDA:227,7,0,0
BRDA:227,7,1,0
BRDA:227,7,2,0
BRDA:234,8,0,0
BRDA:234,8,1,0
BRDA:240,9,0,0
BRDA:240,9,1,0
BRDA:251,10,0,0
BRDA:251,10,1,0
BRDA:257,11,0,0
BRDA:257,11,1,0
BRF:25
BRH:0
end_of_record
