TN:
SF:app.js
FN:32,(anonymous_0)
FNF:1
FNH:1
FNDA:1,(anonymous_0)
DA:1,1
DA:2,1
DA:3,1
DA:4,1
DA:5,1
DA:7,1
DA:8,1
DA:10,1
DA:13,1
DA:14,1
DA:15,1
DA:18,1
DA:19,1
DA:20,1
DA:21,1
DA:24,1
DA:26,1
DA:28,1
DA:29,1
DA:30,1
DA:32,1
DA:35,1
LF:22
LH:22
BRF:0
BRH:0
end_of_record
TN:
SF:config/config.js
FNF:0
FNH:0
DA:1,8
DA:2,8
DA:4,8
DA:12,8
DA:20,8
DA:28,8
LF:6
LH:6
BRF:0
BRH:0
end_of_record
TN:
SF:controllers/category.controller.js
FN:6,(anonymous_0)
FNF:1
FNH:1
FNDA:1,(anonymous_0)
DA:1,2
DA:4,2
DA:6,2
DA:7,1
DA:9,1
DA:11,1
DA:12,0
DA:15,1
DA:23,1
DA:25,0
DA:30,2
LF:11
LH:9
BRDA:11,0,0,0
BRDA:11,0,1,1
BRF:2
BRH:1
end_of_record
TN:
SF:controllers/hospital.controller.js
FN:13,(anonymous_0)
FN:30,(anonymous_1)
FN:47,(anonymous_2)
FN:60,(anonymous_3)
FN:82,(anonymous_4)
FN:103,(anonymous_5)
FN:126,(anonymous_6)
FN:148,(anonymous_7)
FN:165,(anonymous_8)
FN:218,(anonymous_9)
FN:231,(anonymous_10)
FN:244,(anonymous_11)
FN:275,(anonymous_12)
FN:304,(anonymous_13)
FNF:14
FNH:3
FNDA:3,(anonymous_0)
FNDA:2,(anonymous_1)
FNDA:1,(anonymous_2)
FNDA:0,(anonymous_3)
FNDA:0,(anonymous_4)
FNDA:0,(anonymous_5)
FNDA:0,(anonymous_6)
FNDA:0,(anonymous_7)
FNDA:0,(anonymous_8)
FNDA:0,(anonymous_9)
FNDA:0,(anonymous_10)
FNDA:0,(anonymous_11)
FNDA:0,(anonymous_12)
FNDA:0,(anonymous_13)
DA:1,2
DA:3,2
DA:4,2
DA:6,2
DA:9,2
DA:10,2
DA:13,2
DA:14,3
DA:15,3
DA:17,3
DA:23,1
DA:25,2
DA:30,2
DA:31,2
DA:32,2
DA:34,2
DA:40,1
DA:42,1
DA:47,2
DA:48,1
DA:49,1
DA:51,1
DA:53,1
DA:55,0
DA:60,2
DA:61,0
DA:68,0
DA:69,0
DA:70,0
DA:74,0
DA:82,2
DA:83,0
DA:84,0
DA:85,0
DA:88,0
DA:89,0
DA:91,0
DA:92,0
DA:93,0
DA:94,0
DA:96,0
DA:103,2
DA:104,0
DA:105,0
DA:107,0
DA:108,0
DA:112,0
DA:114,0
DA:115,0
DA:116,0
DA:117,0
DA:119,0
DA:126,2
DA:127,0
DA:134,0
DA:135,0
DA:136,0
DA:137,0
DA:138,0
DA:141,0
DA:143,0
DA:148,2
DA:149,0
DA:156,0
DA:157,0
DA:158,0
DA:160,0
DA:165,2
DA:168,0
DA:169,0
DA:171,0
DA:172,0
DA:173,0
DA:179,0
DA:183,0
DA:184,0
DA:189,0
DA:192,0
DA:193,0
DA:194,0
DA:196,0
DA:197,0
DA:205,0
DA:209,0
DA:210,0
DA:218,2
DA:219,0
DA:222,0
DA:223,0
DA:224,0
DA:226,0
DA:231,2
DA:232,0
DA:235,0
DA:236,0
DA:237,0
DA:239,0
DA:244,2
DA:245,0
DA:246,0
DA:248,0
DA:249,0
DA:252,0
DA:253,0
DA:254,0
DA:255,0
DA:256,0
DA:257,0
DA:258,0
DA:259,0
DA:263,0
DA:265,0
DA:267,0
DA:269,0
DA:270,0
DA:275,2
DA:278,0
DA:279,0
DA:280,0
DA:281,0
DA:282,0
DA:284,0
DA:285,0
DA:294,0
DA:296,0
DA:297,0
DA:304,2
DA:307,0
DA:313,2
LF:129
LH:35
BRDA:91,0,0,0
BRDA:91,0,1,0
BRDA:114,1,0,0
BRDA:114,1,1,0
BRDA:137,2,0,0
BRDA:137,2,1,0
BRDA:171,3,0,0
BRDA:171,3,1,0
BRDA:246,4,0,0
BRDA:246,4,1,0
BRF:10
BRH:0
end_of_record
TN:
SF:controllers/token.controller.js
FN:13,(anonymous_0)
FN:27,(anonymous_1)
FNF:2
FNH:0
FNDA:0,(anonymous_0)
FNDA:0,(anonymous_1)
DA:1,1
DA:2,1
DA:3,1
DA:6,1
DA:7,1
DA:13,1
DA:15,0
DA:16,0
DA:17,0
DA:20,0
DA:27,0
DA:28,0
DA:29,0
DA:31,0
DA:33,0
DA:36,0
DA:40,1
LF:17
LH:7
BRDA:16,0,0,0
BRDA:16,0,1,0
BRDA:28,1,0,0
BRDA:28,1,1,0
BRF:4
BRH:0
end_of_record
TN:
SF:controllers/user.controller.js
FN:12,(anonymous_0)
FN:24,(anonymous_1)
FN:38,(anonymous_2)
FN:49,(anonymous_3)
FN:62,(anonymous_4)
FN:72,(anonymous_5)
FN:89,(anonymous_6)
FN:99,(anonymous_7)
FN:109,(anonymous_8)
FN:121,(anonymous_9)
FN:134,(anonymous_10)
FN:147,(anonymous_11)
FN:164,(anonymous_12)
FN:185,(anonymous_13)
FN:207,(anonymous_14)
FN:227,(anonymous_15)
FNF:16
FNH:2
FNDA:0,(anonymous_0)
FNDA:0,(anonymous_1)
FNDA:0,(anonymous_2)
FNDA:0,(anonymous_3)
FNDA:2,(anonymous_4)
FNDA:2,(anonymous_5)
FNDA:0,(anonymous_6)
FNDA:0,(anonymous_7)
FNDA:0,(anonymous_8)
FNDA:0,(anonymous_9)
FNDA:0,(anonymous_10)
FNDA:0,(anonymous_11)
FNDA:0,(anonymous_12)
FNDA:0,(anonymous_13)
FNDA:0,(anonymous_14)
FNDA:0,(anonymous_15)
DA:1,2
DA:2,2
DA:3,2
DA:4,2
DA:7,3
DA:8,3
DA:9,3
DA:12,3
DA:13,0
DA:14,0
DA:15,0
DA:16,0
DA:17,0
DA:19,0
DA:24,3
DA:25,0
DA:26,0
DA:27,0
DA:28,0
DA:30,0
DA:31,0
DA:33,0
DA:38,3
DA:39,0
DA:40,0
DA:41,0
DA:42,0
DA:44,0
DA:49,3
DA:50,0
DA:51,0
DA:52,0
DA:53,0
DA:54,0
DA:56,0
DA:62,3
DA:63,2
DA:64,2
DA:65,2
DA:66,2
DA:68,2
DA:72,3
DA:73,2
DA:74,2
DA:75,2
DA:78,2
DA:84,2
DA:86,2
DA:89,3
DA:90,0
DA:91,0
DA:92,0
DA:93,0
DA:95,0
DA:99,3
DA:100,0
DA:101,0
DA:102,0
DA:103,0
DA:105,0
DA:109,3
DA:110,0
DA:111,0
DA:112,0
DA:116,0
DA:118,0
DA:121,3
DA:122,0
DA:123,0
DA:124,0
DA:128,0
DA:130,0
DA:134,3
DA:135,0
DA:136,0
DA:138,0
DA:141,0
DA:143,0
DA:147,3
DA:148,0
DA:149,0
DA:152,0
DA:153,0
DA:158,0
DA:160,0
DA:164,3
DA:165,0
DA:166,0
DA:168,0
DA:169,0
DA:177,0
DA:179,0
DA:180,0
DA:182,0
DA:185,3
DA:186,0
DA:187,0
DA:189,0
DA:190,0
DA:198,0
DA:200,0
DA:201,0
DA:203,0
DA:207,3
DA:208,0
DA:210,0
DA:213,0
DA:215,0
DA:223,0
DA:227,3
DA:228,0
DA:229,0
DA:233,2
LF:113
LH:35
BRDA:14,0,0,0
BRDA:14,0,1,0
BRDA:27,1,0,0
BRDA:27,1,1,0
BRDA:179,2,0,0
BRDA:179,2,1,0
BRDA:200,3,0,0
BRDA:200,3,1,0
BRF:8
BRH:0
end_of_record
TN:
SF:lib/errors.js
FN:2,(anonymous_0)
FN:8,(anonymous_1)
FN:14,(anonymous_2)
FN:20,(anonymous_3)
FN:26,(anonymous_4)
FN:33,(anonymous_5)
FNF:6
FNH:4
FNDA:2,(anonymous_0)
FNDA:2,(anonymous_1)
FNDA:2,(anonymous_2)
FNDA:2,(anonymous_3)
FNDA:0,(anonymous_4)
FNDA:0,(anonymous_5)
DA:2,9
DA:3,2
DA:4,2
DA:6,2
DA:8,9
DA:9,2
DA:10,2
DA:11,2
DA:12,2
DA:14,9
DA:15,2
DA:16,2
DA:17,2
DA:18,2
DA:20,9
DA:21,2
DA:22,2
DA:23,2
DA:24,2
DA:26,9
DA:27,0
DA:28,0
DA:29,0
DA:30,0
DA:32,9
DA:34,0
DA:35,0
DA:36,0
DA:41,4
LF:29
LH:22
BRF:0
BRH:0
end_of_record
TN:
SF:lib/validation.js
FNF:0
FNH:0
DA:1,3
DA:2,3
DA:5,6
DA:16,6
DA:20,6
DA:24,6
DA:26,6
DA:28,6
DA:41,6
DA:53,6
DA:59,6
DA:65,3
LF:12
LH:12
BRF:0
BRH:0
end_of_record
TN:
SF:middleware/auth.middleware.js
FN:5,(anonymous_0)
FN:16,validateAccess
FN:54,validateRefresh
FNF:3
FNH:0
FNDA:0,(anonymous_0)
FNDA:0,validateAccess
FNDA:0,validateRefresh
DA:1,1
DA:2,1
DA:3,1
DA:5,1
DA:6,0
DA:9,0
DA:10,0
DA:14,0
DA:17,0
DA:18,0
DA:20,0
DA:22,0
DA:32,0
DA:36,0
DA:41,0
DA:42,0
DA:46,0
DA:47,0
DA:52,0
DA:55,0
DA:56,0
DA:57,0
DA:59,0
DA:67,0
DA:68,0
DA:74,0
DA:78,0
DA:80,0
DA:85,0
DA:86,0
DA:87,0
DA:89,0
DA:92,0
DA:96,0
DA:99,1
LF:35
LH:5
BRDA:9,0,0,0
BRDA:9,0,1,0
BRDA:9,1,0,0
BRDA:9,1,1,0
BRDA:32,2,0,0
BRDA:32,2,1,0
BRDA:41,3,0,0
BRDA:41,3,1,0
BRDA:46,4,0,0
BRDA:46,4,1,0
BRDA:67,5,0,0
BRDA:67,5,1,0
BRF:12
BRH:0
end_of_record
TN:
SF:middleware/errorhandler.js
FN:3,(anonymous_0)
FN:5,(anonymous_1)
FNF:2
FNH:1
FNDA:3,(anonymous_0)
FNDA:0,(anonymous_1)
DA:1,1
DA:3,1
DA:4,3
DA:5,3
DA:6,0
DA:7,0
DA:35,3
DA:36,0
DA:39,0
DA:40,0
DA:43,0
DA:59,0
DA:60,0
DA:61,0
DA:69,3
DA:76,3
DA:77,12
DA:78,0
DA:79,0
DA:81,0
DA:86,3
DA:89,1
LF:22
LH:10
BRDA:35,0,0,0
BRDA:35,0,1,3
BRDA:39,1,0,0
BRDA:39,1,1,0
BRDA:60,2,0,0
BRDA:60,2,1,0
BRDA:77,3,0,0
BRDA:77,3,1,12
BRDA:78,4,0,0
BRDA:78,4,1,0
BRF:10
BRH:2
end_of_record
TN:
SF:models/category.js
FN:3,(anonymous_0)
FN:10,(anonymous_1)
FNF:2
FNH:2
FNDA:8,(anonymous_0)
FNDA:8,(anonymous_1)
DA:2,8
DA:3,8
DA:12,8
DA:18,8
DA:28,8
LF:5
LH:5
BRF:0
BRH:0
end_of_record
TN:
SF:models/doctor.js
FN:3,(anonymous_0)
FN:10,(anonymous_1)
FNF:2
FNH:2
FNDA:8,(anonymous_0)
FNDA:8,(anonymous_1)
DA:2,8
DA:3,8
DA:12,8
DA:16,8
DA:17,8
DA:18,8
DA:22,8
DA:41,8
LF:8
LH:8
BRF:0
BRH:0
end_of_record
TN:
SF:models/doctor_category_mapping.js
FN:3,(anonymous_0)
FN:10,(anonymous_1)
FNF:2
FNH:2
FNDA:8,(anonymous_0)
FNDA:8,(anonymous_1)
DA:2,8
DA:3,8
DA:12,8
DA:13,8
DA:16,8
DA:27,8
LF:6
LH:6
BRF:0
BRH:0
end_of_record
TN:
SF:models/hospital.js
FN:3,(anonymous_0)
FN:10,(anonymous_1)
FNF:2
FNH:2
FNDA:8,(anonymous_0)
FNDA:8,(anonymous_1)
DA:2,8
DA:3,8
DA:12,8
DA:13,8
DA:14,8
DA:15,8
DA:21,8
DA:55,8
LF:8
LH:8
BRF:0
BRH:0
end_of_record
TN:
SF:models/hospitalimagefile.js
FN:3,(anonymous_0)
FN:10,(anonymous_1)
FNF:2
FNH:2
FNDA:8,(anonymous_0)
FNDA:8,(anonymous_1)
DA:2,8
DA:3,8
DA:12,8
DA:15,8
DA:26,8
LF:5
LH:5
BRF:0
BRH:0
end_of_record
TN:
SF:models/index.js
FN:20,(anonymous_0)
FN:23,(anonymous_1)
FN:28,(anonymous_2)
FNF:3
FNH:3
FNDA:88,(anonymous_0)
FNDA:80,(anonymous_1)
FNDA:80,(anonymous_2)
DA:3,8
DA:4,8
DA:5,8
DA:6,8
DA:7,8
DA:8,8
DA:9,8
DA:10,8
DA:13,8
DA:14,0
DA:16,8
DA:19,8
DA:21,88
DA:24,80
DA:25,80
DA:28,8
DA:29,80
DA:30,80
DA:34,8
DA:35,8
DA:37,8
LF:21
LH:20
BRDA:8,0,0,8
BRDA:8,0,1,0
BRDA:13,1,0,0
BRDA:13,1,1,8
BRDA:21,2,0,88
BRDA:21,2,1,88
BRDA:21,2,2,80
BRDA:29,3,0,80
BRDA:29,3,1,0
BRF:9
BRH:6
end_of_record
TN:
SF:models/refreshtoken.js
FN:3,(anonymous_0)
FN:10,(anonymous_1)
FNF:2
FNH:2
FNDA:8,(anonymous_0)
FNDA:8,(anonymous_1)
DA:2,8
DA:3,8
DA:12,8
DA:15,8
DA:26,8
LF:5
LH:5
BRF:0
BRH:0
end_of_record
TN:
SF:models/reservation.js
FN:3,(anonymous_0)
FN:10,(anonymous_1)
FNF:2
FNH:2
FNDA:8,(anonymous_0)
FNDA:8,(anonymous_1)
DA:2,8
DA:3,8
DA:12,8
DA:13,8
DA:16,8
DA:34,8
LF:6
LH:6
BRF:0
BRH:0
end_of_record
TN:
SF:models/review.js
FN:3,(anonymous_0)
FN:10,(anonymous_1)
FNF:2
FNH:2
FNDA:8,(anonymous_0)
FNDA:8,(anonymous_1)
DA:2,8
DA:3,8
DA:11,8
DA:12,8
DA:15,8
DA:28,8
LF:6
LH:6
BRF:0
BRH:0
end_of_record
TN:
SF:models/user.js
FN:4,(anonymous_0)
FN:11,(anonymous_1)
FNF:2
FNH:2
FNDA:8,(anonymous_0)
FNDA:8,(anonymous_1)
DA:2,8
DA:3,8
DA:4,8
DA:13,8
DA:14,8
DA:15,8
DA:16,8
DA:19,8
DA:41,8
LF:9
LH:9
BRF:0
BRH:0
end_of_record
TN:
SF:models/workingtime.js
FN:3,(anonymous_0)
FN:10,(anonymous_1)
FNF:2
FNH:2
FNDA:8,(anonymous_0)
FNDA:8,(anonymous_1)
DA:2,8
DA:3,8
DA:11,8
DA:14,8
DA:27,8
LF:5
LH:5
BRF:0
BRH:0
end_of_record
TN:
SF:repositories/category.repository.js
FN:4,(anonymous_0)
FN:18,(anonymous_1)
FNF:2
FNH:1
FNDA:3,(anonymous_0)
FNDA:0,(anonymous_1)
DA:1,3
DA:11,3
DA:12,3
DA:13,3
DA:14,3
DA:15,3
DA:18,3
DA:19,0
DA:63,3
LF:9
LH:8
BRF:0
BRH:0
end_of_record
TN:
SF:repositories/hospital.repository.js
FN:7,(anonymous_0)
FN:30,(anonymous_1)
FN:80,(anonymous_2)
FN:129,(anonymous_3)
FN:176,(anonymous_4)
FN:186,(anonymous_5)
FN:196,(anonymous_6)
FN:209,(anonymous_7)
FN:240,(anonymous_8)
FN:264,(anonymous_9)
FN:286,(anonymous_10)
FN:301,(anonymous_11)
FN:322,(anonymous_12)
FN:338,(anonymous_13)
FN:355,(anonymous_14)
FN:392,(anonymous_15)
FNF:16
FNH:3
FNDA:3,(anonymous_0)
FNDA:0,(anonymous_1)
FNDA:0,(anonymous_2)
FNDA:0,(anonymous_3)
FNDA:0,(anonymous_4)
FNDA:0,(anonymous_5)
FNDA:0,(anonymous_6)
FNDA:0,(anonymous_7)
FNDA:0,(anonymous_8)
FNDA:0,(anonymous_9)
FNDA:0,(anonymous_10)
FNDA:0,(anonymous_11)
FNDA:2,(anonymous_12)
FNDA:1,(anonymous_13)
FNDA:0,(anonymous_14)
FNDA:0,(anonymous_15)
DA:1,3
DA:2,3
DA:4,3
DA:18,3
DA:19,3
DA:20,3
DA:21,3
DA:22,3
DA:23,3
DA:24,3
DA:25,3
DA:26,3
DA:30,3
DA:31,0
DA:32,0
DA:73,0
DA:75,0
DA:80,3
DA:81,0
DA:82,0
DA:122,0
DA:124,0
DA:129,3
DA:130,0
DA:131,0
DA:169,0
DA:171,0
DA:176,3
DA:177,0
DA:178,0
DA:179,0
DA:181,0
DA:186,3
DA:187,0
DA:188,0
DA:189,0
DA:191,0
DA:196,3
DA:197,0
DA:198,0
DA:199,0
DA:201,0
DA:204,0
DA:209,3
DA:210,0
DA:211,0
DA:233,0
DA:235,0
DA:240,3
DA:241,0
DA:242,0
DA:250,0
DA:256,0
DA:259,0
DA:264,3
DA:265,0
DA:266,0
DA:276,0
DA:278,0
DA:281,0
DA:286,3
DA:287,0
DA:288,0
DA:291,0
DA:293,0
DA:296,0
DA:301,3
DA:302,0
DA:306,0
DA:312,0
DA:314,0
DA:317,0
DA:322,3
DA:323,2
DA:324,2
DA:331,0
DA:333,2
DA:338,3
DA:339,1
DA:340,1
DA:348,0
DA:350,1
DA:355,3
DA:356,0
DA:357,0
DA:386,0
DA:392,3
DA:393,0
DA:394,0
DA:452,3
LF:90
LH:34
BRF:0
BRH:0
end_of_record
TN:
SF:repositories/reservation.repository.js
FN:2,(anonymous_0)
FN:6,(anonymous_1)
FN:11,(anonymous_2)
FN:24,(anonymous_3)
FN:37,(anonymous_4)
FN:50,(anonymous_5)
FN:65,(anonymous_6)
FN:75,(anonymous_7)
FN:82,(anonymous_8)
FNF:9
FNH:1
FNDA:8,(anonymous_0)
FNDA:0,(anonymous_1)
FNDA:0,(anonymous_2)
FNDA:0,(anonymous_3)
FNDA:0,(anonymous_4)
FNDA:0,(anonymous_5)
FNDA:0,(anonymous_6)
FNDA:0,(anonymous_7)
FNDA:0,(anonymous_8)
DA:3,8
DA:4,8
DA:6,8
DA:7,0
DA:8,0
DA:11,8
DA:12,0
DA:13,0
DA:21,0
DA:22,0
DA:24,8
DA:25,0
DA:26,0
DA:34,0
DA:35,0
DA:37,8
DA:38,0
DA:39,0
DA:47,0
DA:48,0
DA:50,8
DA:51,0
DA:52,0
DA:60,0
DA:61,0
DA:65,8
DA:66,0
DA:70,0
DA:72,0
DA:75,8
DA:76,0
DA:80,0
DA:82,8
DA:83,0
DA:89,0
DA:96,0
DA:100,4
LF:37
LH:11
BRF:0
BRH:0
end_of_record
TN:
SF:repositories/token.repository.js
FN:5,(anonymous_0)
FN:10,(anonymous_1)
FNF:2
FNH:1
FNDA:1,(anonymous_0)
FNDA:0,(anonymous_1)
DA:1,1
DA:2,1
DA:6,1
DA:7,1
DA:10,1
DA:11,0
DA:16,1
LF:7
LH:6
BRF:0
BRH:0
end_of_record
TN:
SF:repositories/user.repository.js
FN:2,(anonymous_0)
FN:9,(anonymous_1)
FN:16,(anonymous_2)
FN:30,(anonymous_3)
FN:34,(anonymous_4)
FN:38,(anonymous_5)
FN:42,(anonymous_6)
FN:47,(anonymous_7)
FN:52,(anonymous_8)
FN:56,(anonymous_9)
FN:60,(anonymous_10)
FN:65,(anonymous_11)
FN:69,(anonymous_12)
FN:81,(anonymous_13)
FN:114,(anonymous_14)
FN:124,(anonymous_15)
FNF:16
FNH:1
FNDA:4,(anonymous_0)
FNDA:0,(anonymous_1)
FNDA:0,(anonymous_2)
FNDA:0,(anonymous_3)
FNDA:0,(anonymous_4)
FNDA:0,(anonymous_5)
FNDA:0,(anonymous_6)
FNDA:0,(anonymous_7)
FNDA:0,(anonymous_8)
FNDA:0,(anonymous_9)
FNDA:0,(anonymous_10)
FNDA:0,(anonymous_11)
FNDA:0,(anonymous_12)
FNDA:0,(anonymous_13)
FNDA:0,(anonymous_14)
FNDA:0,(anonymous_15)
DA:3,4
DA:4,4
DA:5,4
DA:6,4
DA:9,4
DA:10,0
DA:13,0
DA:16,4
DA:17,0
DA:27,0
DA:30,4
DA:31,0
DA:34,4
DA:35,0
DA:38,4
DA:39,0
DA:42,4
DA:43,0
DA:47,4
DA:48,0
DA:52,4
DA:53,0
DA:56,4
DA:57,0
DA:60,4
DA:61,0
DA:65,4
DA:66,0
DA:69,4
DA:70,0
DA:78,0
DA:81,4
DA:83,0
DA:84,0
DA:85,0
DA:91,0
DA:92,0
DA:98,0
DA:99,0
DA:106,0
DA:111,0
DA:114,4
DA:116,0
DA:117,0
DA:121,0
DA:124,4
DA:125,0
DA:129,3
LF:48
LH:20
BRDA:84,0,0,0
BRDA:84,0,1,0
BRDA:91,1,0,0
BRDA:91,1,1,0
BRDA:98,2,0,0
BRDA:98,2,1,0
BRF:6
BRH:0
end_of_record
TN:
SF:routes/admin.routes.js
FNF:0
FNH:0
DA:1,1
DA:2,1
DA:3,1
DA:4,1
DA:6,1
DA:8,1
DA:10,1
DA:11,1
DA:13,1
LF:9
LH:9
BRF:0
BRH:0
end_of_record
TN:
SF:routes/category.routes.js
FNF:0
FNH:0
DA:1,1
DA:2,1
DA:4,1
DA:5,1
DA:7,1
DA:9,1
LF:6
LH:6
BRF:0
BRH:0
end_of_record
TN:
SF:routes/ejs.routes.js
FN:5,(anonymous_0)
FN:10,(anonymous_1)
FN:15,(anonymous_2)
FN:19,(anonymous_3)
FN:23,(anonymous_4)
FN:28,(anonymous_5)
FN:33,(anonymous_6)
FN:38,(anonymous_7)
FNF:8
FNH:0
FNDA:0,(anonymous_0)
FNDA:0,(anonymous_1)
FNDA:0,(anonymous_2)
FNDA:0,(anonymous_3)
FNDA:0,(anonymous_4)
FNDA:0,(anonymous_5)
FNDA:0,(anonymous_6)
FNDA:0,(anonymous_7)
DA:1,1
DA:2,1
DA:5,1
DA:6,0
DA:10,1
DA:11,0
DA:15,1
DA:16,0
DA:19,1
DA:20,0
DA:23,1
DA:24,0
DA:28,1
DA:29,0
DA:33,1
DA:34,0
DA:38,1
DA:39,0
DA:42,1
LF:19
LH:11
BRF:0
BRH:0
end_of_record
TN:
SF:routes/hospital.routes.js
FNF:0
FNH:0
DA:1,1
DA:2,1
DA:4,1
DA:5,1
DA:8,1
DA:11,1
DA:14,1
DA:17,1
DA:20,1
DA:23,1
DA:26,1
DA:33,1
DA:40,1
DA:42,1
DA:43,1
DA:44,1
DA:47,1
DA:49,1
LF:18
LH:18
BRF:0
BRH:0
end_of_record
TN:
SF:routes/index.js
FNF:0
FNH:0
DA:1,1
DA:3,1
DA:5,1
DA:6,1
DA:7,1
DA:8,1
DA:9,1
DA:11,1
DA:12,1
DA:13,1
DA:14,1
DA:15,1
DA:17,1
LF:13
LH:13
BRF:0
BRH:0
end_of_record
TN:
SF:routes/token.routes.js
FNF:0
FNH:0
DA:1,1
DA:2,1
DA:3,1
DA:5,1
DA:6,1
DA:8,1
DA:11,1
LF:7
LH:7
BRF:0
BRH:0
end_of_record
TN:
SF:routes/user.routes.js
FNF:0
FNH:0
DA:1,1
DA:2,1
DA:3,1
DA:5,1
DA:6,1
DA:8,1
DA:10,1
DA:12,1
DA:14,1
DA:16,1
DA:18,1
DA:20,1
DA:22,1
DA:24,1
DA:25,1
DA:26,1
DA:27,1
DA:30,1
LF:18
LH:18
BRF:0
BRH:0
end_of_record
TN:
SF:services/category.service.js
FN:19,(anonymous_0)
FN:30,(anonymous_1)
FN:33,(anonymous_2)
FN:38,(anonymous_3)
FN:50,(anonymous_4)
FN:56,(anonymous_5)
FNF:6
FNH:6
FNDA:2,(anonymous_0)
FNDA:2,(anonymous_1)
FNDA:2,(anonymous_2)
FNDA:2,(anonymous_3)
FNDA:2,(anonymous_4)
FNDA:1,(anonymous_5)
DA:1,3
DA:8,3
DA:11,3
DA:19,3
DA:26,2
DA:27,2
DA:28,2
DA:29,2
DA:30,2
DA:31,2
DA:33,2
DA:34,2
DA:37,2
DA:39,2
DA:50,2
DA:51,2
DA:52,1
DA:55,1
DA:56,1
DA:57,1
DA:58,3
DA:59,0
DA:64,3
DA:65,3
DA:76,3
DA:81,1
DA:83,1
DA:87,3
LF:28
LH:27
BRDA:51,0,0,1
BRDA:51,0,1,1
BRDA:58,1,0,0
BRDA:58,1,1,3
BRDA:64,2,0,3
BRDA:64,2,1,0
BRDA:70,3,0,2
BRDA:70,3,1,1
BRF:8
BRH:6
end_of_record
TN:
SF:services/hospital.service.js
FN:25,(anonymous_0)
FN:31,(anonymous_1)
FN:34,(anonymous_2)
FN:45,(anonymous_3)
FN:54,(anonymous_4)
FN:58,(anonymous_5)
FN:67,(anonymous_6)
FN:84,(anonymous_7)
FN:93,(anonymous_8)
FN:94,(anonymous_9)
FN:119,(anonymous_10)
FN:132,(anonymous_11)
FN:147,(anonymous_12)
FN:162,(anonymous_13)
FN:173,(anonymous_14)
FN:197,(anonymous_15)
FN:219,(anonymous_16)
FN:230,(anonymous_17)
FN:241,(anonymous_18)
FN:250,(anonymous_19)
FNF:20
FNH:10
FNDA:3,(anonymous_0)
FNDA:3,(anonymous_1)
FNDA:3,(anonymous_2)
FNDA:2,(anonymous_3)
FNDA:2,(anonymous_4)
FNDA:2,(anonymous_5)
FNDA:2,(anonymous_6)
FNDA:1,(anonymous_7)
FNDA:1,(anonymous_8)
FNDA:2,(anonymous_9)
FNDA:0,(anonymous_10)
FNDA:0,(anonymous_11)
FNDA:0,(anonymous_12)
FNDA:0,(anonymous_13)
FNDA:0,(anonymous_14)
FNDA:0,(anonymous_15)
FNDA:0,(anonymous_16)
FNDA:0,(anonymous_17)
FNDA:0,(anonymous_18)
FNDA:0,(anonymous_19)
DA:1,3
DA:11,3
DA:14,3
DA:25,3
DA:26,3
DA:27,3
DA:28,3
DA:29,3
DA:30,3
DA:31,3
DA:32,3
DA:34,3
DA:35,3
DA:37,3
DA:39,1
DA:41,2
DA:45,3
DA:46,2
DA:47,2
DA:48,2
DA:50,2
DA:52,2
DA:54,2
DA:55,2
DA:58,2
DA:59,2
DA:61,2
DA:67,1
DA:68,2
DA:78,1
DA:80,1
DA:84,3
DA:85,1
DA:86,1
DA:87,1
DA:88,0
DA:93,1
DA:94,1
DA:95,2
DA:97,1
DA:104,1
DA:115,0
DA:119,3
DA:120,0
DA:121,0
DA:122,0
DA:123,0
DA:124,0
DA:125,0
DA:126,0
DA:128,0
DA:132,3
DA:133,0
DA:134,0
DA:135,0
DA:136,0
DA:137,0
DA:138,0
DA:139,0
DA:141,0
DA:143,0
DA:147,3
DA:148,0
DA:149,0
DA:150,0
DA:151,0
DA:152,0
DA:153,0
DA:154,0
DA:156,0
DA:158,0
DA:162,3
DA:163,0
DA:164,0
DA:165,0
DA:166,0
DA:167,0
DA:169,0
DA:173,3
DA:174,0
DA:175,0
DA:184,0
DA:193,0
DA:197,3
DA:198,0
DA:199,0
DA:200,0
DA:201,0
DA:202,0
DA:203,0
DA:204,0
DA:206,0
DA:215,0
DA:219,3
DA:220,0
DA:221,0
DA:222,0
DA:223,0
DA:224,0
DA:226,0
DA:230,3
DA:231,0
DA:232,0
DA:233,0
DA:234,0
DA:235,0
DA:237,0
DA:241,3
DA:242,0
DA:243,0
DA:244,0
DA:246,0
DA:250,3
DA:251,0
DA:252,0
DA:253,0
DA:254,0
DA:260,0
DA:262,0
DA:267,3
LF:120
LH:51
BRDA:73,0,0,1
BRDA:73,0,1,1
BRDA:87,1,0,0
BRDA:87,1,1,1
BRDA:109,2,0,0
BRDA:109,2,1,1
BRDA:135,3,0,0
BRDA:135,3,1,0
BRDA:150,4,0,0
BRDA:150,4,1,0
BRDA:200,5,0,0
BRDA:200,5,1,0
BRF:12
BRH:4
end_of_record
TN:
SF:services/reservation.service.js
FN:9,(anonymous_0)
FN:27,(anonymous_1)
FNF:2
FNH:2
FNDA:2,(anonymous_0)
FNDA:2,(anonymous_1)
DA:1,3
DA:2,3
DA:3,3
DA:6,4
DA:7,4
DA:9,4
DA:10,2
DA:11,2
DA:12,1
DA:13,1
DA:15,1
DA:16,1
DA:17,1
DA:20,0
DA:24,0
DA:27,4
DA:28,2
DA:29,2
DA:30,1
DA:31,1
DA:33,1
DA:34,1
DA:35,1
DA:38,0
DA:41,0
DA:42,0
DA:44,0
DA:51,0
DA:55,3
LF:29
LH:22
BRDA:11,0,0,1
BRDA:11,0,1,1
BRDA:11,1,0,2
BRDA:11,1,1,1
BRDA:15,2,0,1
BRDA:15,2,1,0
BRDA:29,3,0,1
BRDA:29,3,1,1
BRDA:33,4,0,1
BRDA:33,4,1,0
BRF:10
BRH:8
end_of_record
TN:
SF:services/token.service.js
FN:7,(anonymous_0)
FNF:1
FNH:0
FNDA:0,(anonymous_0)
DA:1,1
DA:2,1
DA:5,1
DA:7,1
DA:8,0
DA:13,1
LF:6
LH:5
BRF:0
BRH:0
end_of_record
TN:
SF:services/user.service.js
FN:11,(anonymous_0)
FN:16,(anonymous_1)
FN:29,(anonymous_2)
FN:38,(anonymous_3)
FN:42,(anonymous_4)
FN:46,(anonymous_5)
FN:53,(anonymous_6)
FN:61,(anonymous_7)
FN:76,(anonymous_8)
FN:98,(anonymous_9)
FN:101,(anonymous_10)
FN:117,(anonymous_11)
FN:125,(anonymous_12)
FN:133,(anonymous_13)
FN:150,(anonymous_14)
FN:155,(anonymous_15)
FNF:16
FNH:6
FNDA:1,(anonymous_0)
FNDA:1,(anonymous_1)
FNDA:0,(anonymous_2)
FNDA:2,(anonymous_3)
FNDA:1,(anonymous_4)
FNDA:1,(anonymous_5)
FNDA:1,(anonymous_6)
FNDA:0,(anonymous_7)
FNDA:0,(anonymous_8)
FNDA:0,(anonymous_9)
FNDA:0,(anonymous_10)
FNDA:0,(anonymous_11)
FNDA:0,(anonymous_12)
FNDA:0,(anonymous_13)
FNDA:0,(anonymous_14)
FNDA:0,(anonymous_15)
DA:1,3
DA:2,3
DA:3,3
DA:4,3
DA:5,3
DA:8,4
DA:9,4
DA:11,4
DA:12,1
DA:13,1
DA:16,4
DA:17,1
DA:18,1
DA:26,1
DA:29,4
DA:30,0
DA:36,0
DA:38,4
DA:39,2
DA:40,2
DA:42,4
DA:43,1
DA:44,1
DA:46,4
DA:47,1
DA:51,1
DA:53,4
DA:54,1
DA:58,1
DA:61,4
DA:62,0
DA:64,0
DA:65,0
DA:66,0
DA:69,0
DA:71,0
DA:73,0
DA:76,4
DA:77,0
DA:79,0
DA:81,0
DA:82,0
DA:85,0
DA:88,0
DA:92,0
DA:93,0
DA:95,0
DA:98,4
DA:99,0
DA:101,0
DA:102,0
DA:117,4
DA:118,0
DA:119,0
DA:120,0
DA:121,0
DA:122,0
DA:125,4
DA:126,0
DA:127,0
DA:128,0
DA:129,0
DA:130,0
DA:133,4
DA:134,0
DA:135,0
DA:136,0
DA:137,0
DA:138,0
DA:140,0
DA:146,0
DA:150,4
DA:151,0
DA:152,0
DA:155,4
DA:156,0
DA:160,3
LF:77
LH:36
BRDA:64,0,0,0
BRDA:64,0,1,0
BRDA:81,1,0,0
BRDA:81,1,1,0
BRDA:81,2,0,0
BRDA:81,2,1,0
BRDA:135,3,0,0
BRDA:135,3,1,0
BRF:8
BRH:0
end_of_record
